<!DOCTYPE html>
<html>
<head>
<meta http-equiv="Content-Type" content="text/html; charset=utf-8"/>
<meta http-equiv="x-ua-compatible" content="IE=edge"/>
<title>Test results - Class ru.tinkoff.homework.lesson6.lesson6.service.BookServiceTest</title>
<link href="../css/base-style.css" rel="stylesheet" type="text/css"/>
<link href="../css/style.css" rel="stylesheet" type="text/css"/>
<script src="../js/report.js" type="text/javascript"></script>
</head>
<body>
<div id="content">
<h1>Class ru.tinkoff.homework.lesson6.lesson6.service.BookServiceTest</h1>
<div class="breadcrumbs">
<a href="../index.html">all</a> &gt; 
<a href="../packages/ru.tinkoff.homework.lesson6.lesson6.service.html">ru.tinkoff.homework.lesson6.lesson6.service</a> &gt; BookServiceTest</div>
<div id="summary">
<table>
<tr>
<td>
<div class="summaryGroup">
<table>
<tr>
<td>
<div class="infoBox" id="tests">
<div class="counter">8</div>
<p>tests</p>
</div>
</td>
<td>
<div class="infoBox" id="failures">
<div class="counter">0</div>
<p>failures</p>
</div>
</td>
<td>
<div class="infoBox" id="ignored">
<div class="counter">0</div>
<p>ignored</p>
</div>
</td>
<td>
<div class="infoBox" id="duration">
<div class="counter">0.456s</div>
<p>duration</p>
</div>
</td>
</tr>
</table>
</div>
</td>
<td>
<div class="infoBox success" id="successRate">
<div class="percent">100%</div>
<p>successful</p>
</div>
</td>
</tr>
</table>
</div>
<div id="tabs">
<ul class="tabLinks">
<li>
<a href="#tab0">Tests</a>
</li>
<li>
<a href="#tab1">Standard output</a>
</li>
</ul>
<div id="tab0" class="tab">
<h2>Tests</h2>
<table>
<thead>
<tr>
<th>Test</th>
<th>Duration</th>
<th>Result</th>
</tr>
</thead>
<tr>
<td class="success">Book is already present</td>
<td class="success">0.018s</td>
<td class="success">passed</td>
</tr>
<tr>
<td class="success">Fail, book is not present</td>
<td class="success">0.026s</td>
<td class="success">passed</td>
</tr>
<tr>
<td class="success">Found successfully</td>
<td class="success">0.029s</td>
<td class="success">passed</td>
</tr>
<tr>
<td class="success">Incorrect ISBN, unsuccessful validation</td>
<td class="success">0.019s</td>
<td class="success">passed</td>
</tr>
<tr>
<td class="success">Non-existing title of the book</td>
<td class="success">0.184s</td>
<td class="success">passed</td>
</tr>
<tr>
<td class="success">OK</td>
<td class="success">0.024s</td>
<td class="success">passed</td>
</tr>
<tr>
<td class="success">OK</td>
<td class="success">0.122s</td>
<td class="success">passed</td>
</tr>
<tr>
<td class="success">Wrong negative values in params</td>
<td class="success">0.034s</td>
<td class="success">passed</td>
</tr>
</table>
</div>
<div id="tab1" class="tab">
<h2>Standard output</h2>
<span class="code">
<pre>20:47:47.732 [Test worker @coroutine#2] DEBUG org.springframework.test.context.BootstrapUtils - Instantiating CacheAwareContextLoaderDelegate from class [org.springframework.test.context.cache.DefaultCacheAwareContextLoaderDelegate]
20:47:47.739 [Test worker @coroutine#2] DEBUG org.springframework.test.context.BootstrapUtils - Instantiating BootstrapContext using constructor [public org.springframework.test.context.support.DefaultBootstrapContext(java.lang.Class,org.springframework.test.context.CacheAwareContextLoaderDelegate)]
20:47:47.764 [Test worker @coroutine#2] DEBUG org.springframework.test.context.BootstrapUtils - Instantiating TestContextBootstrapper for test class [ru.tinkoff.homework.lesson6.lesson6.service.BookServiceTest] from class [org.springframework.boot.test.context.SpringBootTestContextBootstrapper]
20:47:47.770 [Test worker @coroutine#2] INFO org.springframework.boot.test.context.SpringBootTestContextBootstrapper - Neither @ContextConfiguration nor @ContextHierarchy found for test class [ru.tinkoff.homework.lesson6.lesson6.service.BookServiceTest], using SpringBootContextLoader
20:47:47.773 [Test worker @coroutine#2] DEBUG org.springframework.test.context.support.AbstractContextLoader - Did not detect default resource location for test class [ru.tinkoff.homework.lesson6.lesson6.service.BookServiceTest]: class path resource [ru/tinkoff/homework/lesson6/lesson6/service/BookServiceTest-context.xml] does not exist
20:47:47.773 [Test worker @coroutine#2] DEBUG org.springframework.test.context.support.AbstractContextLoader - Did not detect default resource location for test class [ru.tinkoff.homework.lesson6.lesson6.service.BookServiceTest]: class path resource [ru/tinkoff/homework/lesson6/lesson6/service/BookServiceTestContext.groovy] does not exist
20:47:47.773 [Test worker @coroutine#2] INFO org.springframework.test.context.support.AbstractContextLoader - Could not detect default resource locations for test class [ru.tinkoff.homework.lesson6.lesson6.service.BookServiceTest]: no resource found for suffixes {-context.xml, Context.groovy}.
20:47:47.774 [Test worker @coroutine#2] DEBUG org.springframework.test.context.support.AnnotationConfigContextLoaderUtils - Ignoring class [ru.tinkoff.homework.lesson6.lesson6.service.BookServiceTest$Companion]; it must be static, non-private, non-final, and annotated with @Configuration to be considered a default configuration class.
20:47:47.774 [Test worker @coroutine#2] INFO org.springframework.test.context.support.AnnotationConfigContextLoaderUtils - Could not detect default configuration classes for test class [ru.tinkoff.homework.lesson6.lesson6.service.BookServiceTest]: BookServiceTest does not declare any static, non-private, non-final, nested classes annotated with @Configuration.
20:47:47.817 [Test worker @coroutine#2] DEBUG org.springframework.test.context.support.ActiveProfilesUtils - Could not find an 'annotation declaring class' for annotation type [org.springframework.test.context.ActiveProfiles] and class [ru.tinkoff.homework.lesson6.lesson6.service.BookServiceTest]
20:47:47.860 [Test worker @coroutine#2] DEBUG org.springframework.context.annotation.ClassPathScanningCandidateComponentProvider - Identified candidate component class: file [/Users/aniatselikova/IdeaProjects/tinkoff-kotlin/build/classes/kotlin/main/ru/tinkoff/homework/lesson6/lesson6/Lesson6Application.class]
20:47:47.860 [Test worker @coroutine#2] INFO org.springframework.boot.test.context.SpringBootTestContextBootstrapper - Found @SpringBootConfiguration ru.tinkoff.homework.lesson6.lesson6.Lesson6Application for test class ru.tinkoff.homework.lesson6.lesson6.service.BookServiceTest
20:47:47.913 [Test worker @coroutine#2] DEBUG org.springframework.boot.test.context.SpringBootTestContextBootstrapper - @TestExecutionListeners is not present for class [ru.tinkoff.homework.lesson6.lesson6.service.BookServiceTest]: using defaults.
20:47:47.913 [Test worker @coroutine#2] INFO org.springframework.boot.test.context.SpringBootTestContextBootstrapper - Loaded default TestExecutionListener class names from location [META-INF/spring.factories]: [com.ninjasquad.springmockk.MockkTestExecutionListener, com.ninjasquad.springmockk.ClearMocksTestExecutionListener, org.springframework.boot.test.autoconfigure.restdocs.RestDocsTestExecutionListener, org.springframework.boot.test.autoconfigure.web.client.MockRestServiceServerResetTestExecutionListener, org.springframework.boot.test.autoconfigure.web.servlet.MockMvcPrintOnlyOnFailureTestExecutionListener, org.springframework.boot.test.autoconfigure.web.servlet.WebDriverTestExecutionListener, org.springframework.boot.test.autoconfigure.webservices.client.MockWebServiceServerTestExecutionListener, org.springframework.boot.test.mock.mockito.MockitoTestExecutionListener, org.springframework.boot.test.mock.mockito.ResetMocksTestExecutionListener, org.springframework.test.context.web.ServletTestExecutionListener, org.springframework.test.context.support.DirtiesContextBeforeModesTestExecutionListener, org.springframework.test.context.event.ApplicationEventsTestExecutionListener, org.springframework.test.context.support.DependencyInjectionTestExecutionListener, org.springframework.test.context.support.DirtiesContextTestExecutionListener, org.springframework.test.context.transaction.TransactionalTestExecutionListener, org.springframework.test.context.jdbc.SqlScriptsTestExecutionListener, org.springframework.test.context.event.EventPublishingTestExecutionListener]
20:47:47.922 [Test worker @coroutine#2] DEBUG org.springframework.boot.test.context.SpringBootTestContextBootstrapper - Skipping candidate TestExecutionListener [org.springframework.test.context.transaction.TransactionalTestExecutionListener] due to a missing dependency. Specify custom listener classes or make the default listener classes and their required dependencies available. Offending class: [org/springframework/transaction/interceptor/TransactionAttributeSource]
20:47:47.923 [Test worker @coroutine#2] DEBUG org.springframework.boot.test.context.SpringBootTestContextBootstrapper - Skipping candidate TestExecutionListener [org.springframework.test.context.jdbc.SqlScriptsTestExecutionListener] due to a missing dependency. Specify custom listener classes or make the default listener classes and their required dependencies available. Offending class: [org/springframework/transaction/interceptor/TransactionAttribute]
20:47:47.923 [Test worker @coroutine#2] INFO org.springframework.boot.test.context.SpringBootTestContextBootstrapper - Using TestExecutionListeners: [org.springframework.test.context.web.ServletTestExecutionListener@22c75c01, org.springframework.test.context.support.DirtiesContextBeforeModesTestExecutionListener@46e64760, org.springframework.test.context.event.ApplicationEventsTestExecutionListener@3e5fd2b1, com.ninjasquad.springmockk.MockkTestExecutionListener@43982337, org.springframework.boot.test.mock.mockito.MockitoTestExecutionListener@5b275811, org.springframework.boot.test.autoconfigure.SpringBootDependencyInjectionTestExecutionListener@2f0ed952, org.springframework.test.context.support.DirtiesContextTestExecutionListener@6f044c58, org.springframework.test.context.event.EventPublishingTestExecutionListener@6d074b14, com.ninjasquad.springmockk.ClearMocksTestExecutionListener@c017175, org.springframework.boot.test.autoconfigure.restdocs.RestDocsTestExecutionListener@559cedee, org.springframework.boot.test.autoconfigure.web.client.MockRestServiceServerResetTestExecutionListener@18371d89, org.springframework.boot.test.autoconfigure.web.servlet.MockMvcPrintOnlyOnFailureTestExecutionListener@4f3faa70, org.springframework.boot.test.autoconfigure.web.servlet.WebDriverTestExecutionListener@4832f03b, org.springframework.boot.test.autoconfigure.webservices.client.MockWebServiceServerTestExecutionListener@7af3874e, org.springframework.boot.test.mock.mockito.ResetMocksTestExecutionListener@5a8816cc]

  .   ____          _            __ _ _
 /\\ / ___'_ __ _ _(_)_ __  __ _ \ \ \ \
( ( )\___ | '_ | '_| | '_ \/ _` | \ \ \ \
 \\/  ___)| |_)| | | | | || (_| |  ) ) ) )
  '  |____| .__|_| |_|_| |_\__, | / / / /
 =========|_|==============|___/=/_/_/_/
 :: Spring Boot ::                (v2.6.6)

2022-04-20 20:47:48.130  INFO 18406 --- [er @coroutine#2] r.t.h.l.lesson6.service.BookServiceTest  : Starting BookServiceTest using Java 17.0.2 on Sweets-MacBook-Air.local with PID 18406 (started by aniatselikova in /Users/aniatselikova/IdeaProjects/tinkoff-kotlin)
2022-04-20 20:47:48.131  INFO 18406 --- [er @coroutine#2] r.t.h.l.lesson6.service.BookServiceTest  : No active profile set, falling back to 1 default profile: &quot;default&quot;
2022-04-20 20:47:49.684  INFO 18406 --- [er @coroutine#2] o.s.b.t.m.w.SpringBootMockServletContext : Initializing Spring TestDispatcherServlet ''
2022-04-20 20:47:49.684  INFO 18406 --- [er @coroutine#2] o.s.t.web.servlet.TestDispatcherServlet  : Initializing Servlet ''
2022-04-20 20:47:49.685  INFO 18406 --- [er @coroutine#2] o.s.t.web.servlet.TestDispatcherServlet  : Completed initialization in 1 ms
2022-04-20 20:47:49.829  INFO 18406 --- [er @coroutine#2] r.t.h.l.lesson6.service.BookServiceTest  : Started BookServiceTest in 1.893 seconds (JVM running for 4.527)
2022-04-20 20:47:49.848  INFO 18406 --- [er @coroutine#2] .b.t.c.SpringBootTestContextBootstrapper : Neither @ContextConfiguration nor @ContextHierarchy found for test class [ru.tinkoff.homework.lesson6.lesson6.service.BookServiceTest], using SpringBootContextLoader
2022-04-20 20:47:49.849  INFO 18406 --- [er @coroutine#2] o.s.t.c.support.AbstractContextLoader    : Could not detect default resource locations for test class [ru.tinkoff.homework.lesson6.lesson6.service.BookServiceTest]: no resource found for suffixes {-context.xml, Context.groovy}.
2022-04-20 20:47:49.849  INFO 18406 --- [er @coroutine#2] t.c.s.AnnotationConfigContextLoaderUtils : Could not detect default configuration classes for test class [ru.tinkoff.homework.lesson6.lesson6.service.BookServiceTest]: BookServiceTest does not declare any static, non-private, non-final, nested classes annotated with @Configuration.
2022-04-20 20:47:49.852  INFO 18406 --- [er @coroutine#2] .b.t.c.SpringBootTestContextBootstrapper : Found @SpringBootConfiguration ru.tinkoff.homework.lesson6.lesson6.Lesson6Application for test class ru.tinkoff.homework.lesson6.lesson6.service.BookServiceTest
2022-04-20 20:47:49.853  INFO 18406 --- [er @coroutine#2] .b.t.c.SpringBootTestContextBootstrapper : Loaded default TestExecutionListener class names from location [META-INF/spring.factories]: [com.ninjasquad.springmockk.MockkTestExecutionListener, com.ninjasquad.springmockk.ClearMocksTestExecutionListener, org.springframework.boot.test.autoconfigure.restdocs.RestDocsTestExecutionListener, org.springframework.boot.test.autoconfigure.web.client.MockRestServiceServerResetTestExecutionListener, org.springframework.boot.test.autoconfigure.web.servlet.MockMvcPrintOnlyOnFailureTestExecutionListener, org.springframework.boot.test.autoconfigure.web.servlet.WebDriverTestExecutionListener, org.springframework.boot.test.autoconfigure.webservices.client.MockWebServiceServerTestExecutionListener, org.springframework.boot.test.mock.mockito.MockitoTestExecutionListener, org.springframework.boot.test.mock.mockito.ResetMocksTestExecutionListener, org.springframework.test.context.web.ServletTestExecutionListener, org.springframework.test.context.support.DirtiesContextBeforeModesTestExecutionListener, org.springframework.test.context.event.ApplicationEventsTestExecutionListener, org.springframework.test.context.support.DependencyInjectionTestExecutionListener, org.springframework.test.context.support.DirtiesContextTestExecutionListener, org.springframework.test.context.transaction.TransactionalTestExecutionListener, org.springframework.test.context.jdbc.SqlScriptsTestExecutionListener, org.springframework.test.context.event.EventPublishingTestExecutionListener]
2022-04-20 20:47:49.854  INFO 18406 --- [er @coroutine#2] .b.t.c.SpringBootTestContextBootstrapper : Using TestExecutionListeners: [org.springframework.test.context.web.ServletTestExecutionListener@6fa2d0b2, org.springframework.test.context.support.DirtiesContextBeforeModesTestExecutionListener@49c37918, org.springframework.test.context.event.ApplicationEventsTestExecutionListener@43de88f3, com.ninjasquad.springmockk.MockkTestExecutionListener@347c5721, org.springframework.boot.test.mock.mockito.MockitoTestExecutionListener@4d22265c, org.springframework.boot.test.autoconfigure.SpringBootDependencyInjectionTestExecutionListener@1f7b8d59, org.springframework.test.context.support.DirtiesContextTestExecutionListener@28551755, org.springframework.test.context.event.EventPublishingTestExecutionListener@7ec68821, com.ninjasquad.springmockk.ClearMocksTestExecutionListener@220a5163, org.springframework.boot.test.autoconfigure.restdocs.RestDocsTestExecutionListener@6158113e, org.springframework.boot.test.autoconfigure.web.client.MockRestServiceServerResetTestExecutionListener@61375dff, org.springframework.boot.test.autoconfigure.web.servlet.MockMvcPrintOnlyOnFailureTestExecutionListener@2bfa5678, org.springframework.boot.test.autoconfigure.web.servlet.WebDriverTestExecutionListener@5b8b9b2d, org.springframework.boot.test.autoconfigure.webservices.client.MockWebServiceServerTestExecutionListener@7a7bb083, org.springframework.boot.test.mock.mockito.ResetMocksTestExecutionListener@2178d296]
2022-04-20 20:47:50.151  WARN 18406 --- [-1 @coroutine#3] r.t.h.l.l.c.ExceptionHandlingController  : Book with given 1616142499 is not present in DB!

java.lang.IllegalArgumentException: Book with given 1616142499 is not present in DB!
	at ru.tinkoff.homework.lesson6.lesson6.service.BookService.getBookByIsbn(BookService.kt:43) ~[main/:na]
	at ru.tinkoff.homework.lesson6.lesson6.controller.BookController.getBookByIsbn(BookController.kt:23) ~[main/:na]
	at java.base/jdk.internal.reflect.NativeMethodAccessorImpl.invoke0(Native Method) ~[na:na]
	at java.base/jdk.internal.reflect.NativeMethodAccessorImpl.invoke(NativeMethodAccessorImpl.java:77) ~[na:na]
	at java.base/jdk.internal.reflect.DelegatingMethodAccessorImpl.invoke(DelegatingMethodAccessorImpl.java:43) ~[na:na]
	at java.base/java.lang.reflect.Method.invoke(Method.java:568) ~[na:na]
	at org.springframework.web.method.support.InvocableHandlerMethod.doInvoke(InvocableHandlerMethod.java:205) ~[spring-web-5.3.18.jar:5.3.18]
	at org.springframework.web.method.support.InvocableHandlerMethod.invokeForRequest(InvocableHandlerMethod.java:150) ~[spring-web-5.3.18.jar:5.3.18]
	at org.springframework.web.servlet.mvc.method.annotation.ServletInvocableHandlerMethod.invokeAndHandle(ServletInvocableHandlerMethod.java:117) ~[spring-webmvc-5.3.18.jar:5.3.18]
	at org.springframework.web.servlet.mvc.method.annotation.RequestMappingHandlerAdapter.invokeHandlerMethod(RequestMappingHandlerAdapter.java:895) ~[spring-webmvc-5.3.18.jar:5.3.18]
	at org.springframework.web.servlet.mvc.method.annotation.RequestMappingHandlerAdapter.handleInternal(RequestMappingHandlerAdapter.java:808) ~[spring-webmvc-5.3.18.jar:5.3.18]
	at org.springframework.web.servlet.mvc.method.AbstractHandlerMethodAdapter.handle(AbstractHandlerMethodAdapter.java:87) ~[spring-webmvc-5.3.18.jar:5.3.18]
	at org.springframework.web.servlet.DispatcherServlet.doDispatch(DispatcherServlet.java:1067) ~[spring-webmvc-5.3.18.jar:5.3.18]
	at org.springframework.web.servlet.DispatcherServlet.doService(DispatcherServlet.java:963) ~[spring-webmvc-5.3.18.jar:5.3.18]
	at org.springframework.web.servlet.FrameworkServlet.processRequest(FrameworkServlet.java:1006) ~[spring-webmvc-5.3.18.jar:5.3.18]
	at org.springframework.web.servlet.FrameworkServlet.doGet(FrameworkServlet.java:898) ~[spring-webmvc-5.3.18.jar:5.3.18]
	at javax.servlet.http.HttpServlet.service(HttpServlet.java:655) ~[tomcat-embed-core-9.0.60.jar:4.0.FR]
	at org.springframework.web.servlet.FrameworkServlet.service(FrameworkServlet.java:883) ~[spring-webmvc-5.3.18.jar:5.3.18]
	at org.springframework.test.web.servlet.TestDispatcherServlet.service(TestDispatcherServlet.java:72) ~[spring-test-5.3.18.jar:5.3.18]
	at javax.servlet.http.HttpServlet.service(HttpServlet.java:764) ~[tomcat-embed-core-9.0.60.jar:4.0.FR]
	at org.springframework.mock.web.MockFilterChain$ServletFilterProxy.doFilter(MockFilterChain.java:167) ~[spring-test-5.3.18.jar:5.3.18]
	at org.springframework.mock.web.MockFilterChain.doFilter(MockFilterChain.java:134) ~[spring-test-5.3.18.jar:5.3.18]
	at org.springframework.web.filter.CharacterEncodingFilter.doFilterInternal(CharacterEncodingFilter.java:201) ~[spring-web-5.3.18.jar:5.3.18]
	at org.springframework.web.filter.OncePerRequestFilter.doFilter(OncePerRequestFilter.java:117) ~[spring-web-5.3.18.jar:5.3.18]
	at org.springframework.mock.web.MockFilterChain.doFilter(MockFilterChain.java:134) ~[spring-test-5.3.18.jar:5.3.18]
	at org.springframework.test.web.servlet.MockMvc.perform(MockMvc.java:199) ~[spring-test-5.3.18.jar:5.3.18]
	at org.springframework.test.web.servlet.MockHttpServletRequestDsl.perform$spring_test(MockHttpServletRequestDsl.kt:207) ~[spring-test-5.3.18.jar:5.3.18]
	at org.springframework.test.web.servlet.MockMvcExtensionsKt.get(MockMvcExtensions.kt:32) ~[spring-test-5.3.18.jar:5.3.18]
	at org.springframework.test.web.servlet.MockMvcExtensionsKt.get$default(MockMvcExtensions.kt:30) ~[spring-test-5.3.18.jar:5.3.18]
	at ru.tinkoff.homework.lesson6.lesson6.service.BookServiceTest.getStatusCodeGetBookByIsbn(BookServiceTest.kt:143) ~[test/:na]
	at ru.tinkoff.homework.lesson6.lesson6.service.BookServiceTest.access$getStatusCodeGetBookByIsbn(BookServiceTest.kt:38) ~[test/:na]
	at ru.tinkoff.homework.lesson6.lesson6.service.BookServiceTest$1$1.invokeSuspend(BookServiceTest.kt:75) ~[test/:na]
	at ru.tinkoff.homework.lesson6.lesson6.service.BookServiceTest$1$1.invoke(BookServiceTest.kt) ~[test/:na]
	at ru.tinkoff.homework.lesson6.lesson6.service.BookServiceTest$1$1.invoke(BookServiceTest.kt) ~[test/:na]
	at io.kotest.engine.test.TestCaseExecutor$execute$innerExecute$1.invokeSuspend(TestCaseExecutor.kt:73) ~[kotest-framework-engine-jvm-5.1.0.jar:na]
	at io.kotest.engine.test.TestCaseExecutor$execute$innerExecute$1.invoke(TestCaseExecutor.kt) ~[kotest-framework-engine-jvm-5.1.0.jar:na]
	at io.kotest.engine.test.TestCaseExecutor$execute$innerExecute$1.invoke(TestCaseExecutor.kt) ~[kotest-framework-engine-jvm-5.1.0.jar:na]
	at io.kotest.engine.test.interceptors.CoroutineDebugProbeInterceptor.intercept(CoroutineDebugProbeInterceptor.kt:29) ~[kotest-framework-engine-jvm-5.1.0.jar:na]
	at io.kotest.engine.test.TestCaseExecutor$execute$2$1.invokeSuspend(TestCaseExecutor.kt:78) ~[kotest-framework-engine-jvm-5.1.0.jar:na]
	at io.kotest.engine.test.TestCaseExecutor$execute$2$1.invoke(TestCaseExecutor.kt) ~[kotest-framework-engine-jvm-5.1.0.jar:na]
	at io.kotest.engine.test.TestCaseExecutor$execute$2$1.invoke(TestCaseExecutor.kt) ~[kotest-framework-engine-jvm-5.1.0.jar:na]
	at io.kotest.engine.test.interceptors.InvocationTimeoutInterceptor$intercept$3.invokeSuspend(InvocationTimeoutInterceptor.kt:43) ~[kotest-framework-engine-jvm-5.1.0.jar:na]
	at io.kotest.engine.test.interceptors.InvocationTimeoutInterceptor$intercept$3.invoke(InvocationTimeoutInterceptor.kt) ~[kotest-framework-engine-jvm-5.1.0.jar:na]
	at io.kotest.engine.test.interceptors.InvocationTimeoutInterceptor$intercept$3.invoke(InvocationTimeoutInterceptor.kt) ~[kotest-framework-engine-jvm-5.1.0.jar:na]
	at kotlinx.coroutines.intrinsics.UndispatchedKt.startUndispatchedOrReturnIgnoreTimeout(Undispatched.kt:100) ~[kotlinx-coroutines-core-jvm-1.6.0.jar:na]
	at kotlinx.coroutines.TimeoutKt.setupTimeout(Timeout.kt:146) ~[kotlinx-coroutines-core-jvm-1.6.0.jar:na]
	at kotlinx.coroutines.TimeoutKt.withTimeoutOrNull(Timeout.kt:103) ~[kotlinx-coroutines-core-jvm-1.6.0.jar:na]
	at kotlinx.coroutines.TimeoutKt.withTimeoutOrNull-KLykuaI(Timeout.kt:134) ~[kotlinx-coroutines-core-jvm-1.6.0.jar:na]
	at io.kotest.engine.test.interceptors.InvocationTimeoutInterceptor.intercept(InvocationTimeoutInterceptor.kt:42) ~[kotest-framework-engine-jvm-5.1.0.jar:na]
	at io.kotest.engine.test.TestCaseExecutor$execute$2$1.invokeSuspend(TestCaseExecutor.kt:78) ~[kotest-framework-engine-jvm-5.1.0.jar:na]
	at io.kotest.engine.test.TestCaseExecutor$execute$2$1.invoke(TestCaseExecutor.kt) ~[kotest-framework-engine-jvm-5.1.0.jar:na]
	at io.kotest.engine.test.TestCaseExecutor$execute$2$1.invoke(TestCaseExecutor.kt) ~[kotest-framework-engine-jvm-5.1.0.jar:na]
	at io.kotest.engine.test.TestInvocationInterceptor$intercept$2$3.invokeSuspend(TestInvocationInterceptor.kt:35) ~[kotest-framework-engine-jvm-5.1.0.jar:na]
	at io.kotest.engine.test.TestInvocationInterceptor$intercept$2$3.invoke(TestInvocationInterceptor.kt) ~[kotest-framework-engine-jvm-5.1.0.jar:na]
	at io.kotest.engine.test.TestInvocationInterceptor$intercept$2$3.invoke(TestInvocationInterceptor.kt) ~[kotest-framework-engine-jvm-5.1.0.jar:na]
	at io.kotest.mpp.ReplayKt.replay(replay.kt:18) ~[kotest-common-jvm-5.1.0.jar:na]
	at io.kotest.engine.test.TestInvocationInterceptor$intercept$2.invokeSuspend(TestInvocationInterceptor.kt:30) ~[kotest-framework-engine-jvm-5.1.0.jar:na]
	at io.kotest.engine.test.TestInvocationInterceptor$intercept$2.invoke(TestInvocationInterceptor.kt) ~[kotest-framework-engine-jvm-5.1.0.jar:na]
	at io.kotest.engine.test.TestInvocationInterceptor$intercept$2.invoke(TestInvocationInterceptor.kt) ~[kotest-framework-engine-jvm-5.1.0.jar:na]
	at kotlinx.coroutines.intrinsics.UndispatchedKt.startUndispatchedOrReturn(Undispatched.kt:89) ~[kotlinx-coroutines-core-jvm-1.6.0.jar:na]
	at kotlinx.coroutines.CoroutineScopeKt.coroutineScope(CoroutineScope.kt:264) ~[kotlinx-coroutines-core-jvm-1.6.0.jar:na]
	at io.kotest.engine.test.TestInvocationInterceptor.intercept(TestInvocationInterceptor.kt:29) ~[kotest-framework-engine-jvm-5.1.0.jar:na]
	at io.kotest.engine.test.TestCaseExecutor$execute$2$1.invokeSuspend(TestCaseExecutor.kt:78) ~[kotest-framework-engine-jvm-5.1.0.jar:na]
	at io.kotest.engine.test.TestCaseExecutor$execute$2$1.invoke(TestCaseExecutor.kt) ~[kotest-framework-engine-jvm-5.1.0.jar:na]
	at io.kotest.engine.test.TestCaseExecutor$execute$2$1.invoke(TestCaseExecutor.kt) ~[kotest-framework-engine-jvm-5.1.0.jar:na]
	at io.kotest.engine.test.interceptors.TimeoutInterceptor$intercept$3.invokeSuspend(TimeoutInterceptor.kt:34) ~[kotest-framework-engine-jvm-5.1.0.jar:na]
	at io.kotest.engine.test.interceptors.TimeoutInterceptor$intercept$3.invoke(TimeoutInterceptor.kt) ~[kotest-framework-engine-jvm-5.1.0.jar:na]
	at io.kotest.engine.test.interceptors.TimeoutInterceptor$intercept$3.invoke(TimeoutInterceptor.kt) ~[kotest-framework-engine-jvm-5.1.0.jar:na]
	at kotlinx.coroutines.intrinsics.UndispatchedKt.startUndispatchedOrReturnIgnoreTimeout(Undispatched.kt:100) ~[kotlinx-coroutines-core-jvm-1.6.0.jar:na]
	at kotlinx.coroutines.TimeoutKt.setupTimeout(Timeout.kt:146) ~[kotlinx-coroutines-core-jvm-1.6.0.jar:na]
	at kotlinx.coroutines.TimeoutKt.withTimeout(Timeout.kt:44) ~[kotlinx-coroutines-core-jvm-1.6.0.jar:na]
	at kotlinx.coroutines.TimeoutKt.withTimeout-KLykuaI(Timeout.kt:71) ~[kotlinx-coroutines-core-jvm-1.6.0.jar:na]
	at io.kotest.engine.test.interceptors.TimeoutInterceptor.intercept(TimeoutInterceptor.kt:33) ~[kotest-framework-engine-jvm-5.1.0.jar:na]
	at io.kotest.engine.test.TestCaseExecutor$execute$2$1.invokeSuspend(TestCaseExecutor.kt:78) ~[kotest-framework-engine-jvm-5.1.0.jar:na]
	at io.kotest.engine.test.TestCaseExecutor$execute$2$1.invoke(TestCaseExecutor.kt) ~[kotest-framework-engine-jvm-5.1.0.jar:na]
	at io.kotest.engine.test.TestCaseExecutor$execute$2$1.invoke(TestCaseExecutor.kt) ~[kotest-framework-engine-jvm-5.1.0.jar:na]
	at io.kotest.engine.test.interceptors.BlockedThreadTimeoutInterceptor.intercept(BlockedThreadTimeoutInterceptor.kt:74) ~[kotest-framework-engine-jvm-5.1.0.jar:na]
	at io.kotest.engine.test.TestCaseExecutor$execute$2$1.invokeSuspend(TestCaseExecutor.kt:78) ~[kotest-framework-engine-jvm-5.1.0.jar:na]
	at io.kotest.engine.test.TestCaseExecutor$execute$2$1.invoke(TestCaseExecutor.kt) ~[kotest-framework-engine-jvm-5.1.0.jar:na]
	at io.kotest.engine.test.TestCaseExecutor$execute$2$1.invoke(TestCaseExecutor.kt) ~[kotest-framework-engine-jvm-5.1.0.jar:na]
	at io.kotest.engine.test.interceptors.CoroutineLoggingInterceptor.intercept(CoroutineLoggingInterceptor.kt:30) ~[kotest-framework-engine-jvm-5.1.0.jar:na]
	at io.kotest.engine.test.TestCaseExecutor$execute$2$1.invokeSuspend(TestCaseExecutor.kt:78) ~[kotest-framework-engine-jvm-5.1.0.jar:na]
	at io.kotest.engine.test.TestCaseExecutor$execute$2$1.invoke(TestCaseExecutor.kt) ~[kotest-framework-engine-jvm-5.1.0.jar:na]
	at io.kotest.engine.test.TestCaseExecutor$execute$2$1.invoke(TestCaseExecutor.kt) ~[kotest-framework-engine-jvm-5.1.0.jar:na]
	at io.kotest.engine.test.interceptors.SoftAssertInterceptor.intercept(SoftAssertInterceptor.kt:27) ~[kotest-framework-engine-jvm-5.1.0.jar:na]
	at io.kotest.engine.test.TestCaseExecutor$execute$2$1.invokeSuspend(TestCaseExecutor.kt:78) ~[kotest-framework-engine-jvm-5.1.0.jar:na]
	at io.kotest.engine.test.TestCaseExecutor$execute$2$1.invoke(TestCaseExecutor.kt) ~[kotest-framework-engine-jvm-5.1.0.jar:na]
	at io.kotest.engine.test.TestCaseExecutor$execute$2$1.invoke(TestCaseExecutor.kt) ~[kotest-framework-engine-jvm-5.1.0.jar:na]
	at io.kotest.engine.test.interceptors.AssertionModeInterceptor.intercept(AssertionModeInterceptor.kt:25) ~[kotest-framework-engine-jvm-5.1.0.jar:na]
	at io.kotest.engine.test.TestCaseExecutor$execute$2$1.invokeSuspend(TestCaseExecutor.kt:78) ~[kotest-framework-engine-jvm-5.1.0.jar:na]
	at io.kotest.engine.test.TestCaseExecutor$execute$2$1.invoke(TestCaseExecutor.kt) ~[kotest-framework-engine-jvm-5.1.0.jar:na]
	at io.kotest.engine.test.TestCaseExecutor$execute$2$1.invoke(TestCaseExecutor.kt) ~[kotest-framework-engine-jvm-5.1.0.jar:na]
	at io.kotest.engine.test.interceptors.LifecycleInterceptor.intercept(LifecycleInterceptor.kt:50) ~[kotest-framework-engine-jvm-5.1.0.jar:na]
	at io.kotest.engine.test.TestCaseExecutor$execute$2$1.invokeSuspend(TestCaseExecutor.kt:78) ~[kotest-framework-engine-jvm-5.1.0.jar:na]
	at io.kotest.engine.test.TestCaseExecutor$execute$2$1.invoke(TestCaseExecutor.kt) ~[kotest-framework-engine-jvm-5.1.0.jar:na]
	at io.kotest.engine.test.TestCaseExecutor$execute$2$1.invoke(TestCaseExecutor.kt) ~[kotest-framework-engine-jvm-5.1.0.jar:na]
	at io.kotest.engine.test.interceptors.EnabledCheckInterceptor.intercept(EnabledCheckInterceptor.kt:31) ~[kotest-framework-engine-jvm-5.1.0.jar:na]
	at io.kotest.engine.test.TestCaseExecutor$execute$2$1.invokeSuspend(TestCaseExecutor.kt:78) ~[kotest-framework-engine-jvm-5.1.0.jar:na]
	at io.kotest.engine.test.TestCaseExecutor$execute$2$1.invoke(TestCaseExecutor.kt) ~[kotest-framework-engine-jvm-5.1.0.jar:na]
	at io.kotest.engine.test.TestCaseExecutor$execute$2$1.invoke(TestCaseExecutor.kt) ~[kotest-framework-engine-jvm-5.1.0.jar:na]
	at io.kotest.engine.test.interceptors.TestCaseExtensionInterceptor$intercept$2.invokeSuspend(TestCaseExtensionInterceptor.kt:24) ~[kotest-framework-engine-jvm-5.1.0.jar:na]
	at io.kotest.engine.test.interceptors.TestCaseExtensionInterceptor$intercept$2.invoke(TestCaseExtensionInterceptor.kt) ~[kotest-framework-engine-jvm-5.1.0.jar:na]
	at io.kotest.engine.test.interceptors.TestCaseExtensionInterceptor$intercept$2.invoke(TestCaseExtensionInterceptor.kt) ~[kotest-framework-engine-jvm-5.1.0.jar:na]
	at io.kotest.engine.test.TestExtensions$intercept$execute$1$1$1.invokeSuspend(TestExtensions.kt:149) ~[kotest-framework-engine-jvm-5.1.0.jar:na]
	at io.kotest.engine.test.TestExtensions$intercept$execute$1$1$1.invoke(TestExtensions.kt) ~[kotest-framework-engine-jvm-5.1.0.jar:na]
	at io.kotest.engine.test.TestExtensions$intercept$execute$1$1$1.invoke(TestExtensions.kt) ~[kotest-framework-engine-jvm-5.1.0.jar:na]
	at io.kotest.extensions.spring.SpringTestExtension.intercept(SpringTestExtension.kt:71) ~[kotest-extensions-spring-1.1.0.jar:na]
	at io.kotest.engine.test.TestExtensions$intercept$execute$1$1.invokeSuspend(TestExtensions.kt:146) ~[kotest-framework-engine-jvm-5.1.0.jar:na]
	at io.kotest.engine.test.TestExtensions$intercept$execute$1$1.invoke(TestExtensions.kt) ~[kotest-framework-engine-jvm-5.1.0.jar:na]
	at io.kotest.engine.test.TestExtensions$intercept$execute$1$1.invoke(TestExtensions.kt) ~[kotest-framework-engine-jvm-5.1.0.jar:na]
	at io.kotest.engine.test.TestExtensions.intercept(TestExtensions.kt:154) ~[kotest-framework-engine-jvm-5.1.0.jar:na]
	at io.kotest.engine.test.interceptors.TestCaseExtensionInterceptor.intercept(TestCaseExtensionInterceptor.kt:24) ~[kotest-framework-engine-jvm-5.1.0.jar:na]
	at io.kotest.engine.test.TestCaseExecutor$execute$2$1.invokeSuspend(TestCaseExecutor.kt:78) ~[kotest-framework-engine-jvm-5.1.0.jar:na]
	at io.kotest.engine.test.TestCaseExecutor$execute$2$1.invoke(TestCaseExecutor.kt) ~[kotest-framework-engine-jvm-5.1.0.jar:na]
	at io.kotest.engine.test.TestCaseExecutor$execute$2$1.invoke(TestCaseExecutor.kt) ~[kotest-framework-engine-jvm-5.1.0.jar:na]
	at io.kotest.engine.test.interceptors.CoroutineErrorCollectorInterceptor$intercept$3.invokeSuspend(CoroutineErrorCollectorInterceptor.kt:29) ~[kotest-framework-engine-jvm-5.1.0.jar:na]
	at io.kotest.engine.test.interceptors.CoroutineErrorCollectorInterceptor$intercept$3.invoke(CoroutineErrorCollectorInterceptor.kt) ~[kotest-framework-engine-jvm-5.1.0.jar:na]
	at io.kotest.engine.test.interceptors.CoroutineErrorCollectorInterceptor$intercept$3.invoke(CoroutineErrorCollectorInterceptor.kt) ~[kotest-framework-engine-jvm-5.1.0.jar:na]
	at kotlinx.coroutines.intrinsics.UndispatchedKt.startUndispatchedOrReturn(Undispatched.kt:89) ~[kotlinx-coroutines-core-jvm-1.6.0.jar:na]
	at kotlinx.coroutines.BuildersKt__Builders_commonKt.withContext(Builders.common.kt:165) ~[kotlinx-coroutines-core-jvm-1.6.0.jar:na]
	at kotlinx.coroutines.BuildersKt.withContext(Unknown Source) ~[kotlinx-coroutines-core-jvm-1.6.0.jar:na]
	at io.kotest.engine.test.interceptors.CoroutineErrorCollectorInterceptor.intercept(CoroutineErrorCollectorInterceptor.kt:28) ~[kotest-framework-engine-jvm-5.1.0.jar:na]
	at io.kotest.engine.test.TestCaseExecutor$execute$2$1.invokeSuspend(TestCaseExecutor.kt:78) ~[kotest-framework-engine-jvm-5.1.0.jar:na]
	at io.kotest.engine.test.TestCaseExecutor$execute$2$1.invoke(TestCaseExecutor.kt) ~[kotest-framework-engine-jvm-5.1.0.jar:na]
	at io.kotest.engine.test.TestCaseExecutor$execute$2$1.invoke(TestCaseExecutor.kt) ~[kotest-framework-engine-jvm-5.1.0.jar:na]
	at io.kotest.engine.test.interceptors.CoroutineDispatcherFactoryInterceptor$intercept$4.invokeSuspend(coroutineDispatcherFactoryInterceptor.kt:57) ~[kotest-framework-engine-jvm-5.1.0.jar:na]
	at io.kotest.engine.test.interceptors.CoroutineDispatcherFactoryInterceptor$intercept$4.invoke(coroutineDispatcherFactoryInterceptor.kt) ~[kotest-framework-engine-jvm-5.1.0.jar:na]
	at io.kotest.engine.test.interceptors.CoroutineDispatcherFactoryInterceptor$intercept$4.invoke(coroutineDispatcherFactoryInterceptor.kt) ~[kotest-framework-engine-jvm-5.1.0.jar:na]
	at io.kotest.engine.concurrency.FixedThreadCoroutineDispatcherFactory$withDispatcher$4.invokeSuspend(FixedThreadCoroutineDispatcherFactory.kt:53) ~[kotest-framework-engine-jvm-5.1.0.jar:na]
	at io.kotest.engine.concurrency.FixedThreadCoroutineDispatcherFactory$withDispatcher$4.invoke(FixedThreadCoroutineDispatcherFactory.kt) ~[kotest-framework-engine-jvm-5.1.0.jar:na]
	at io.kotest.engine.concurrency.FixedThreadCoroutineDispatcherFactory$withDispatcher$4.invoke(FixedThreadCoroutineDispatcherFactory.kt) ~[kotest-framework-engine-jvm-5.1.0.jar:na]
	at kotlinx.coroutines.intrinsics.UndispatchedKt.startUndispatchedOrReturn(Undispatched.kt:89) ~[kotlinx-coroutines-core-jvm-1.6.0.jar:na]
	at kotlinx.coroutines.BuildersKt__Builders_commonKt.withContext(Builders.common.kt:165) ~[kotlinx-coroutines-core-jvm-1.6.0.jar:na]
	at kotlinx.coroutines.BuildersKt.withContext(Unknown Source) ~[kotlinx-coroutines-core-jvm-1.6.0.jar:na]
	at io.kotest.engine.concurrency.FixedThreadCoroutineDispatcherFactory.withDispatcher(FixedThreadCoroutineDispatcherFactory.kt:52) ~[kotest-framework-engine-jvm-5.1.0.jar:na]
	at io.kotest.engine.test.interceptors.CoroutineDispatcherFactoryInterceptor.intercept(coroutineDispatcherFactoryInterceptor.kt:56) ~[kotest-framework-engine-jvm-5.1.0.jar:na]
	at io.kotest.engine.test.TestCaseExecutor$execute$2$1.invokeSuspend(TestCaseExecutor.kt:78) ~[kotest-framework-engine-jvm-5.1.0.jar:na]
	at io.kotest.engine.test.TestCaseExecutor$execute$2$1.invoke(TestCaseExecutor.kt) ~[kotest-framework-engine-jvm-5.1.0.jar:na]
	at io.kotest.engine.test.TestCaseExecutor$execute$2$1.invoke(TestCaseExecutor.kt) ~[kotest-framework-engine-jvm-5.1.0.jar:na]
	at io.kotest.engine.test.interceptors.SupervisorScopeInterceptor$intercept$2.invokeSuspend(SupervisorScopeInterceptor.kt:23) ~[kotest-framework-engine-jvm-5.1.0.jar:na]
	at io.kotest.engine.test.interceptors.SupervisorScopeInterceptor$intercept$2.invoke(SupervisorScopeInterceptor.kt) ~[kotest-framework-engine-jvm-5.1.0.jar:na]
	at io.kotest.engine.test.interceptors.SupervisorScopeInterceptor$intercept$2.invoke(SupervisorScopeInterceptor.kt) ~[kotest-framework-engine-jvm-5.1.0.jar:na]
	at kotlinx.coroutines.intrinsics.UndispatchedKt.startUndispatchedOrReturn(Undispatched.kt:89) ~[kotlinx-coroutines-core-jvm-1.6.0.jar:na]
	at kotlinx.coroutines.SupervisorKt.supervisorScope(Supervisor.kt:61) ~[kotlinx-coroutines-core-jvm-1.6.0.jar:na]
	at io.kotest.engine.test.interceptors.SupervisorScopeInterceptor.intercept(SupervisorScopeInterceptor.kt:22) ~[kotest-framework-engine-jvm-5.1.0.jar:na]
	at io.kotest.engine.test.TestCaseExecutor$execute$2$1.invokeSuspend(TestCaseExecutor.kt:78) ~[kotest-framework-engine-jvm-5.1.0.jar:na]
	at io.kotest.engine.test.TestCaseExecutor$execute$2$1.invoke(TestCaseExecutor.kt) ~[kotest-framework-engine-jvm-5.1.0.jar:na]
	at io.kotest.engine.test.TestCaseExecutor$execute$2$1.invoke(TestCaseExecutor.kt) ~[kotest-framework-engine-jvm-5.1.0.jar:na]
	at io.kotest.engine.test.interceptors.InvocationCountCheckInterceptor.intercept(InvocationCountCheckInterceptor.kt:29) ~[kotest-framework-engine-jvm-5.1.0.jar:na]
	at io.kotest.engine.test.TestCaseExecutor$execute$2$1.invokeSuspend(TestCaseExecutor.kt:78) ~[kotest-framework-engine-jvm-5.1.0.jar:na]
	at io.kotest.engine.test.TestCaseExecutor$execute$2$1.invoke(TestCaseExecutor.kt) ~[kotest-framework-engine-jvm-5.1.0.jar:na]
	at io.kotest.engine.test.TestCaseExecutor$execute$2$1.invoke(TestCaseExecutor.kt) ~[kotest-framework-engine-jvm-5.1.0.jar:na]
	at io.kotest.engine.test.interceptors.TestFinishedInterceptor.intercept(TestFinishedInterceptor.kt:21) ~[kotest-framework-engine-jvm-5.1.0.jar:na]
	at io.kotest.engine.test.TestCaseExecutor$execute$2$1.invokeSuspend(TestCaseExecutor.kt:78) ~[kotest-framework-engine-jvm-5.1.0.jar:na]
	at io.kotest.engine.test.TestCaseExecutor$execute$2$1.invoke(TestCaseExecutor.kt) ~[kotest-framework-engine-jvm-5.1.0.jar:na]
	at io.kotest.engine.test.TestCaseExecutor$execute$2$1.invoke(TestCaseExecutor.kt) ~[kotest-framework-engine-jvm-5.1.0.jar:na]
	at io.kotest.engine.test.TestCaseExecutor.execute(TestCaseExecutor.kt:79) ~[kotest-framework-engine-jvm-5.1.0.jar:na]
	at io.kotest.engine.spec.runners.SingleInstanceSpecRunner.runTest(SingleInstanceSpecRunner.kt:112) ~[kotest-framework-engine-jvm-5.1.0.jar:na]
	at io.kotest.engine.spec.runners.SingleInstanceSpecRunner.access$runTest(SingleInstanceSpecRunner.kt:31) ~[kotest-framework-engine-jvm-5.1.0.jar:na]
	at io.kotest.engine.spec.runners.SingleInstanceSpecRunner$Context.registerTestCase(SingleInstanceSpecRunner.kt:85) ~[kotest-framework-engine-jvm-5.1.0.jar:na]
	at io.kotest.engine.test.scopes.DuplicateNameHandlingTestScope.registerTestCase(DuplicateNameHandlingTestScope.kt:21) ~[kotest-framework-engine-jvm-5.1.0.jar:na]
	at io.kotest.engine.test.scopes.TestScopeWithCoroutineContext.registerTestCase(scopes.kt) ~[kotest-framework-engine-jvm-5.1.0.jar:na]
	at io.kotest.core.spec.style.scopes.AbstractContainerScope.registerTestCase$suspendImpl(ContainerScope.kt:209) ~[kotest-framework-api-jvm-5.1.0.jar:na]
	at io.kotest.core.spec.style.scopes.AbstractContainerScope.registerTestCase(ContainerScope.kt) ~[kotest-framework-api-jvm-5.1.0.jar:na]
	at io.kotest.core.spec.style.scopes.FeatureSpecContainerScope.registerTestCase(FeatureSpecContainerScope.kt:30) ~[kotest-framework-api-jvm-5.1.0.jar:na]
	at io.kotest.core.spec.style.scopes.ContainerScope$DefaultImpls.registerTest(ContainerScope.kt:76) ~[kotest-framework-api-jvm-5.1.0.jar:na]
	at io.kotest.core.spec.style.scopes.AbstractContainerScope.registerTest(ContainerScope.kt:205) ~[kotest-framework-api-jvm-5.1.0.jar:na]
	at io.kotest.core.spec.style.scopes.FeatureSpecContainerScope.scenario(FeatureSpecContainerScope.kt:49) ~[kotest-framework-api-jvm-5.1.0.jar:na]
	at ru.tinkoff.homework.lesson6.lesson6.service.BookServiceTest$1.invokeSuspend(BookServiceTest.kt:73) ~[test/:na]
	at ru.tinkoff.homework.lesson6.lesson6.service.BookServiceTest$1.invoke(BookServiceTest.kt) ~[test/:na]
	at ru.tinkoff.homework.lesson6.lesson6.service.BookServiceTest$1.invoke(BookServiceTest.kt) ~[test/:na]
	at io.kotest.core.spec.style.scopes.FeatureSpecRootScope$addFeature$1.invokeSuspend(FeatureSpecRootScope.kt:35) ~[kotest-framework-api-jvm-5.1.0.jar:na]
	at io.kotest.core.spec.style.scopes.FeatureSpecRootScope$addFeature$1.invoke(FeatureSpecRootScope.kt) ~[kotest-framework-api-jvm-5.1.0.jar:na]
	at io.kotest.core.spec.style.scopes.FeatureSpecRootScope$addFeature$1.invoke(FeatureSpecRootScope.kt) ~[kotest-framework-api-jvm-5.1.0.jar:na]
	at io.kotest.core.spec.style.scopes.RootScopeKt$addTest$1.invokeSuspend(RootScope.kt:36) ~[kotest-framework-api-jvm-5.1.0.jar:na]
	at io.kotest.core.spec.style.scopes.RootScopeKt$addTest$1.invoke(RootScope.kt) ~[kotest-framework-api-jvm-5.1.0.jar:na]
	at io.kotest.core.spec.style.scopes.RootScopeKt$addTest$1.invoke(RootScope.kt) ~[kotest-framework-api-jvm-5.1.0.jar:na]
	at io.kotest.engine.test.TestCaseExecutor$execute$innerExecute$1.invokeSuspend(TestCaseExecutor.kt:73) ~[kotest-framework-engine-jvm-5.1.0.jar:na]
	at io.kotest.engine.test.TestCaseExecutor$execute$innerExecute$1.invoke(TestCaseExecutor.kt) ~[kotest-framework-engine-jvm-5.1.0.jar:na]
	at io.kotest.engine.test.TestCaseExecutor$execute$innerExecute$1.invoke(TestCaseExecutor.kt) ~[kotest-framework-engine-jvm-5.1.0.jar:na]
	at io.kotest.engine.test.interceptors.CoroutineDebugProbeInterceptor.intercept(CoroutineDebugProbeInterceptor.kt:29) ~[kotest-framework-engine-jvm-5.1.0.jar:na]
	at io.kotest.engine.test.TestCaseExecutor$execute$2$1.invokeSuspend(TestCaseExecutor.kt:78) ~[kotest-framework-engine-jvm-5.1.0.jar:na]
	at io.kotest.engine.test.TestCaseExecutor$execute$2$1.invoke(TestCaseExecutor.kt) ~[kotest-framework-engine-jvm-5.1.0.jar:na]
	at io.kotest.engine.test.TestCaseExecutor$execute$2$1.invoke(TestCaseExecutor.kt) ~[kotest-framework-engine-jvm-5.1.0.jar:na]
	at io.kotest.engine.test.interceptors.InvocationTimeoutInterceptor.intercept(InvocationTimeoutInterceptor.kt:28) ~[kotest-framework-engine-jvm-5.1.0.jar:na]
	at io.kotest.engine.test.TestCaseExecutor$execute$2$1.invokeSuspend(TestCaseExecutor.kt:78) ~[kotest-framework-engine-jvm-5.1.0.jar:na]
	at io.kotest.engine.test.TestCaseExecutor$execute$2$1.invoke(TestCaseExecutor.kt) ~[kotest-framework-engine-jvm-5.1.0.jar:na]
	at io.kotest.engine.test.TestCaseExecutor$execute$2$1.invoke(TestCaseExecutor.kt) ~[kotest-framework-engine-jvm-5.1.0.jar:na]
	at io.kotest.engine.test.TestInvocationInterceptor$intercept$2$3.invokeSuspend(TestInvocationInterceptor.kt:35) ~[kotest-framework-engine-jvm-5.1.0.jar:na]
	at io.kotest.engine.test.TestInvocationInterceptor$intercept$2$3.invoke(TestInvocationInterceptor.kt) ~[kotest-framework-engine-jvm-5.1.0.jar:na]
	at io.kotest.engine.test.TestInvocationInterceptor$intercept$2$3.invoke(TestInvocationInterceptor.kt) ~[kotest-framework-engine-jvm-5.1.0.jar:na]
	at io.kotest.mpp.ReplayKt.replay(replay.kt:18) ~[kotest-common-jvm-5.1.0.jar:na]
	at io.kotest.engine.test.TestInvocationInterceptor$intercept$2.invokeSuspend(TestInvocationInterceptor.kt:30) ~[kotest-framework-engine-jvm-5.1.0.jar:na]
	at io.kotest.engine.test.TestInvocationInterceptor$intercept$2.invoke(TestInvocationInterceptor.kt) ~[kotest-framework-engine-jvm-5.1.0.jar:na]
	at io.kotest.engine.test.TestInvocationInterceptor$intercept$2.invoke(TestInvocationInterceptor.kt) ~[kotest-framework-engine-jvm-5.1.0.jar:na]
	at kotlinx.coroutines.intrinsics.UndispatchedKt.startUndispatchedOrReturn(Undispatched.kt:89) ~[kotlinx-coroutines-core-jvm-1.6.0.jar:na]
	at kotlinx.coroutines.CoroutineScopeKt.coroutineScope(CoroutineScope.kt:264) ~[kotlinx-coroutines-core-jvm-1.6.0.jar:na]
	at io.kotest.engine.test.TestInvocationInterceptor.intercept(TestInvocationInterceptor.kt:29) ~[kotest-framework-engine-jvm-5.1.0.jar:na]
	at io.kotest.engine.test.TestCaseExecutor$execute$2$1.invokeSuspend(TestCaseExecutor.kt:78) ~[kotest-framework-engine-jvm-5.1.0.jar:na]
	at io.kotest.engine.test.TestCaseExecutor$execute$2$1.invoke(TestCaseExecutor.kt) ~[kotest-framework-engine-jvm-5.1.0.jar:na]
	at io.kotest.engine.test.TestCaseExecutor$execute$2$1.invoke(TestCaseExecutor.kt) ~[kotest-framework-engine-jvm-5.1.0.jar:na]
	at io.kotest.engine.test.interceptors.TimeoutInterceptor$intercept$3.invokeSuspend(TimeoutInterceptor.kt:34) ~[kotest-framework-engine-jvm-5.1.0.jar:na]
	at io.kotest.engine.test.interceptors.TimeoutInterceptor$intercept$3.invoke(TimeoutInterceptor.kt) ~[kotest-framework-engine-jvm-5.1.0.jar:na]
	at io.kotest.engine.test.interceptors.TimeoutInterceptor$intercept$3.invoke(TimeoutInterceptor.kt) ~[kotest-framework-engine-jvm-5.1.0.jar:na]
	at kotlinx.coroutines.intrinsics.UndispatchedKt.startUndispatchedOrReturnIgnoreTimeout(Undispatched.kt:100) ~[kotlinx-coroutines-core-jvm-1.6.0.jar:na]
	at kotlinx.coroutines.TimeoutKt.setupTimeout(Timeout.kt:146) ~[kotlinx-coroutines-core-jvm-1.6.0.jar:na]
	at kotlinx.coroutines.TimeoutKt.withTimeout(Timeout.kt:44) ~[kotlinx-coroutines-core-jvm-1.6.0.jar:na]
	at kotlinx.coroutines.TimeoutKt.withTimeout-KLykuaI(Timeout.kt:71) ~[kotlinx-coroutines-core-jvm-1.6.0.jar:na]
	at io.kotest.engine.test.interceptors.TimeoutInterceptor.intercept(TimeoutInterceptor.kt:33) ~[kotest-framework-engine-jvm-5.1.0.jar:na]
	at io.kotest.engine.test.TestCaseExecutor$execute$2$1.invokeSuspend(TestCaseExecutor.kt:78) ~[kotest-framework-engine-jvm-5.1.0.jar:na]
	at io.kotest.engine.test.TestCaseExecutor$execute$2$1.invoke(TestCaseExecutor.kt) ~[kotest-framework-engine-jvm-5.1.0.jar:na]
	at io.kotest.engine.test.TestCaseExecutor$execute$2$1.invoke(TestCaseExecutor.kt) ~[kotest-framework-engine-jvm-5.1.0.jar:na]
	at io.kotest.engine.test.interceptors.BlockedThreadTimeoutInterceptor.intercept(BlockedThreadTimeoutInterceptor.kt:74) ~[kotest-framework-engine-jvm-5.1.0.jar:na]
	at io.kotest.engine.test.TestCaseExecutor$execute$2$1.invokeSuspend(TestCaseExecutor.kt:78) ~[kotest-framework-engine-jvm-5.1.0.jar:na]
	at io.kotest.engine.test.TestCaseExecutor$execute$2$1.invoke(TestCaseExecutor.kt) ~[kotest-framework-engine-jvm-5.1.0.jar:na]
	at io.kotest.engine.test.TestCaseExecutor$execute$2$1.invoke(TestCaseExecutor.kt) ~[kotest-framework-engine-jvm-5.1.0.jar:na]
	at io.kotest.engine.test.interceptors.CoroutineLoggingInterceptor.intercept(CoroutineLoggingInterceptor.kt:30) ~[kotest-framework-engine-jvm-5.1.0.jar:na]
	at io.kotest.engine.test.TestCaseExecutor$execute$2$1.invokeSuspend(TestCaseExecutor.kt:78) ~[kotest-framework-engine-jvm-5.1.0.jar:na]
	at io.kotest.engine.test.TestCaseExecutor$execute$2$1.invoke(TestCaseExecutor.kt) ~[kotest-framework-engine-jvm-5.1.0.jar:na]
	at io.kotest.engine.test.TestCaseExecutor$execute$2$1.invoke(TestCaseExecutor.kt) ~[kotest-framework-engine-jvm-5.1.0.jar:na]
	at io.kotest.engine.test.interceptors.SoftAssertInterceptor.intercept(SoftAssertInterceptor.kt:26) ~[kotest-framework-engine-jvm-5.1.0.jar:na]
	at io.kotest.engine.test.TestCaseExecutor$execute$2$1.invokeSuspend(TestCaseExecutor.kt:78) ~[kotest-framework-engine-jvm-5.1.0.jar:na]
	at io.kotest.engine.test.TestCaseExecutor$execute$2$1.invoke(TestCaseExecutor.kt) ~[kotest-framework-engine-jvm-5.1.0.jar:na]
	at io.kotest.engine.test.TestCaseExecutor$execute$2$1.invoke(TestCaseExecutor.kt) ~[kotest-framework-engine-jvm-5.1.0.jar:na]
	at io.kotest.engine.test.interceptors.AssertionModeInterceptor.intercept(AssertionModeInterceptor.kt:24) ~[kotest-framework-engine-jvm-5.1.0.jar:na]
	at io.kotest.engine.test.TestCaseExecutor$execute$2$1.invokeSuspend(TestCaseExecutor.kt:78) ~[kotest-framework-engine-jvm-5.1.0.jar:na]
	at io.kotest.engine.test.TestCaseExecutor$execute$2$1.invoke(TestCaseExecutor.kt) ~[kotest-framework-engine-jvm-5.1.0.jar:na]
	at io.kotest.engine.test.TestCaseExecutor$execute$2$1.invoke(TestCaseExecutor.kt) ~[kotest-framework-engine-jvm-5.1.0.jar:na]
	at io.kotest.engine.test.interceptors.LifecycleInterceptor.intercept(LifecycleInterceptor.kt:50) ~[kotest-framework-engine-jvm-5.1.0.jar:na]
	at io.kotest.engine.test.TestCaseExecutor$execute$2$1.invokeSuspend(TestCaseExecutor.kt:78) ~[kotest-framework-engine-jvm-5.1.0.jar:na]
	at io.kotest.engine.test.TestCaseExecutor$execute$2$1.invoke(TestCaseExecutor.kt) ~[kotest-framework-engine-jvm-5.1.0.jar:na]
	at io.kotest.engine.test.TestCaseExecutor$execute$2$1.invoke(TestCaseExecutor.kt) ~[kotest-framework-engine-jvm-5.1.0.jar:na]
	at io.kotest.engine.test.interceptors.EnabledCheckInterceptor.intercept(EnabledCheckInterceptor.kt:31) ~[kotest-framework-engine-jvm-5.1.0.jar:na]
	at io.kotest.engine.test.TestCaseExecutor$execute$2$1.invokeSuspend(TestCaseExecutor.kt:78) ~[kotest-framework-engine-jvm-5.1.0.jar:na]
	at io.kotest.engine.test.TestCaseExecutor$execute$2$1.invoke(TestCaseExecutor.kt) ~[kotest-framework-engine-jvm-5.1.0.jar:na]
	at io.kotest.engine.test.TestCaseExecutor$execute$2$1.invoke(TestCaseExecutor.kt) ~[kotest-framework-engine-jvm-5.1.0.jar:na]
	at io.kotest.engine.test.interceptors.TestCaseExtensionInterceptor$intercept$2.invokeSuspend(TestCaseExtensionInterceptor.kt:24) ~[kotest-framework-engine-jvm-5.1.0.jar:na]
	at io.kotest.engine.test.interceptors.TestCaseExtensionInterceptor$intercept$2.invoke(TestCaseExtensionInterceptor.kt) ~[kotest-framework-engine-jvm-5.1.0.jar:na]
	at io.kotest.engine.test.interceptors.TestCaseExtensionInterceptor$intercept$2.invoke(TestCaseExtensionInterceptor.kt) ~[kotest-framework-engine-jvm-5.1.0.jar:na]
	at io.kotest.engine.test.TestExtensions$intercept$execute$1$1$1.invokeSuspend(TestExtensions.kt:149) ~[kotest-framework-engine-jvm-5.1.0.jar:na]
	at io.kotest.engine.test.TestExtensions$intercept$execute$1$1$1.invoke(TestExtensions.kt) ~[kotest-framework-engine-jvm-5.1.0.jar:na]
	at io.kotest.engine.test.TestExtensions$intercept$execute$1$1$1.invoke(TestExtensions.kt) ~[kotest-framework-engine-jvm-5.1.0.jar:na]
	at io.kotest.extensions.spring.SpringTestExtension.intercept(SpringTestExtension.kt:71) ~[kotest-extensions-spring-1.1.0.jar:na]
	at io.kotest.engine.test.TestExtensions$intercept$execute$1$1.invokeSuspend(TestExtensions.kt:146) ~[kotest-framework-engine-jvm-5.1.0.jar:na]
	at io.kotest.engine.test.TestExtensions$intercept$execute$1$1.invoke(TestExtensions.kt) ~[kotest-framework-engine-jvm-5.1.0.jar:na]
	at io.kotest.engine.test.TestExtensions$intercept$execute$1$1.invoke(TestExtensions.kt) ~[kotest-framework-engine-jvm-5.1.0.jar:na]
	at io.kotest.engine.test.TestExtensions.intercept(TestExtensions.kt:154) ~[kotest-framework-engine-jvm-5.1.0.jar:na]
	at io.kotest.engine.test.interceptors.TestCaseExtensionInterceptor.intercept(TestCaseExtensionInterceptor.kt:24) ~[kotest-framework-engine-jvm-5.1.0.jar:na]
	at io.kotest.engine.test.TestCaseExecutor$execute$2$1.invokeSuspend(TestCaseExecutor.kt:78) ~[kotest-framework-engine-jvm-5.1.0.jar:na]
	at io.kotest.engine.test.TestCaseExecutor$execute$2$1.invoke(TestCaseExecutor.kt) ~[kotest-framework-engine-jvm-5.1.0.jar:na]
	at io.kotest.engine.test.TestCaseExecutor$execute$2$1.invoke(TestCaseExecutor.kt) ~[kotest-framework-engine-jvm-5.1.0.jar:na]
	at io.kotest.engine.test.interceptors.CoroutineErrorCollectorInterceptor$intercept$3.invokeSuspend(CoroutineErrorCollectorInterceptor.kt:29) ~[kotest-framework-engine-jvm-5.1.0.jar:na]
	at io.kotest.engine.test.interceptors.CoroutineErrorCollectorInterceptor$intercept$3.invoke(CoroutineErrorCollectorInterceptor.kt) ~[kotest-framework-engine-jvm-5.1.0.jar:na]
	at io.kotest.engine.test.interceptors.CoroutineErrorCollectorInterceptor$intercept$3.invoke(CoroutineErrorCollectorInterceptor.kt) ~[kotest-framework-engine-jvm-5.1.0.jar:na]
	at kotlinx.coroutines.intrinsics.UndispatchedKt.startUndispatchedOrReturn(Undispatched.kt:89) ~[kotlinx-coroutines-core-jvm-1.6.0.jar:na]
	at kotlinx.coroutines.BuildersKt__Builders_commonKt.withContext(Builders.common.kt:165) ~[kotlinx-coroutines-core-jvm-1.6.0.jar:na]
	at kotlinx.coroutines.BuildersKt.withContext(Unknown Source) ~[kotlinx-coroutines-core-jvm-1.6.0.jar:na]
	at io.kotest.engine.test.interceptors.CoroutineErrorCollectorInterceptor.intercept(CoroutineErrorCollectorInterceptor.kt:28) ~[kotest-framework-engine-jvm-5.1.0.jar:na]
	at io.kotest.engine.test.TestCaseExecutor$execute$2$1.invokeSuspend(TestCaseExecutor.kt:78) ~[kotest-framework-engine-jvm-5.1.0.jar:na]
	at io.kotest.engine.test.TestCaseExecutor$execute$2$1.invoke(TestCaseExecutor.kt) ~[kotest-framework-engine-jvm-5.1.0.jar:na]
	at io.kotest.engine.test.TestCaseExecutor$execute$2$1.invoke(TestCaseExecutor.kt) ~[kotest-framework-engine-jvm-5.1.0.jar:na]
	at io.kotest.engine.test.interceptors.CoroutineDispatcherFactoryInterceptor$intercept$4.invokeSuspend(coroutineDispatcherFactoryInterceptor.kt:57) ~[kotest-framework-engine-jvm-5.1.0.jar:na]
	at io.kotest.engine.test.interceptors.CoroutineDispatcherFactoryInterceptor$intercept$4.invoke(coroutineDispatcherFactoryInterceptor.kt) ~[kotest-framework-engine-jvm-5.1.0.jar:na]
	at io.kotest.engine.test.interceptors.CoroutineDispatcherFactoryInterceptor$intercept$4.invoke(coroutineDispatcherFactoryInterceptor.kt) ~[kotest-framework-engine-jvm-5.1.0.jar:na]
	at io.kotest.engine.concurrency.FixedThreadCoroutineDispatcherFactory$withDispatcher$4.invokeSuspend(FixedThreadCoroutineDispatcherFactory.kt:53) ~[kotest-framework-engine-jvm-5.1.0.jar:na]
	at kotlin.coroutines.jvm.internal.BaseContinuationImpl.resumeWith(ContinuationImpl.kt:33) ~[kotlin-stdlib-1.6.10.jar:1.6.10-release-923(1.6.10)]
	at kotlinx.coroutines.DispatchedTask.run(DispatchedTask.kt:106) ~[kotlinx-coroutines-core-jvm-1.6.0.jar:na]
	at java.base/java.util.concurrent.ThreadPoolExecutor.runWorker(ThreadPoolExecutor.java:1136) ~[na:na]
	at java.base/java.util.concurrent.ThreadPoolExecutor$Worker.run(ThreadPoolExecutor.java:635) ~[na:na]
	at java.base/java.lang.Thread.run(Thread.java:833) ~[na:na]

2022-04-20 20:47:50.263 ERROR 18406 --- [-1 @coroutine#3] r.t.h.l.l.c.ExceptionHandlingController  : no answer found for: BookClient(bookClient bean#1).getBook(123345)

io.mockk.MockKException: no answer found for: BookClient(bookClient bean#1).getBook(123345)
	at io.mockk.impl.stub.MockKStub.defaultAnswer(MockKStub.kt:93) ~[mockk-1.12.3.jar:na]
	at io.mockk.impl.stub.MockKStub.answer(MockKStub.kt:42) ~[mockk-1.12.3.jar:na]
	at io.mockk.impl.recording.states.AnsweringState.call(AnsweringState.kt:16) ~[mockk-1.12.3.jar:na]
	at io.mockk.impl.recording.CommonCallRecorder.call(CommonCallRecorder.kt:53) ~[mockk-1.12.3.jar:na]
	at io.mockk.impl.stub.MockKStub.handleInvocation(MockKStub.kt:266) ~[mockk-1.12.3.jar:na]
	at io.mockk.impl.instantiation.JvmMockFactoryHelper$mockHandler$1.invocation(JvmMockFactoryHelper.kt:23) ~[mockk-1.12.3.jar:na]
	at io.mockk.proxy.jvm.advice.Interceptor.call(Interceptor.kt:21) ~[mockk-agent-jvm-1.12.3.jar:na]
	at ru.tinkoff.homework.lesson6.lesson6.service.client.BookClient.getBook(BookClient.kt:19) ~[main/:na]
	at ru.tinkoff.homework.lesson6.lesson6.service.BookService.addBook(BookService.kt:14) ~[main/:na]
	at ru.tinkoff.homework.lesson6.lesson6.controller.BookController.addBook(BookController.kt:19) ~[main/:na]
	at java.base/jdk.internal.reflect.NativeMethodAccessorImpl.invoke0(Native Method) ~[na:na]
	at java.base/jdk.internal.reflect.NativeMethodAccessorImpl.invoke(NativeMethodAccessorImpl.java:77) ~[na:na]
	at java.base/jdk.internal.reflect.DelegatingMethodAccessorImpl.invoke(DelegatingMethodAccessorImpl.java:43) ~[na:na]
	at java.base/java.lang.reflect.Method.invoke(Method.java:568) ~[na:na]
	at org.springframework.web.method.support.InvocableHandlerMethod.doInvoke(InvocableHandlerMethod.java:205) ~[spring-web-5.3.18.jar:5.3.18]
	at org.springframework.web.method.support.InvocableHandlerMethod.invokeForRequest(InvocableHandlerMethod.java:150) ~[spring-web-5.3.18.jar:5.3.18]
	at org.springframework.web.servlet.mvc.method.annotation.ServletInvocableHandlerMethod.invokeAndHandle(ServletInvocableHandlerMethod.java:117) ~[spring-webmvc-5.3.18.jar:5.3.18]
	at org.springframework.web.servlet.mvc.method.annotation.RequestMappingHandlerAdapter.invokeHandlerMethod(RequestMappingHandlerAdapter.java:895) ~[spring-webmvc-5.3.18.jar:5.3.18]
	at org.springframework.web.servlet.mvc.method.annotation.RequestMappingHandlerAdapter.handleInternal(RequestMappingHandlerAdapter.java:808) ~[spring-webmvc-5.3.18.jar:5.3.18]
	at org.springframework.web.servlet.mvc.method.AbstractHandlerMethodAdapter.handle(AbstractHandlerMethodAdapter.java:87) ~[spring-webmvc-5.3.18.jar:5.3.18]
	at org.springframework.web.servlet.DispatcherServlet.doDispatch(DispatcherServlet.java:1067) ~[spring-webmvc-5.3.18.jar:5.3.18]
	at org.springframework.web.servlet.DispatcherServlet.doService(DispatcherServlet.java:963) ~[spring-webmvc-5.3.18.jar:5.3.18]
	at org.springframework.web.servlet.FrameworkServlet.processRequest(FrameworkServlet.java:1006) ~[spring-webmvc-5.3.18.jar:5.3.18]
	at org.springframework.web.servlet.FrameworkServlet.doPost(FrameworkServlet.java:909) ~[spring-webmvc-5.3.18.jar:5.3.18]
	at javax.servlet.http.HttpServlet.service(HttpServlet.java:681) ~[tomcat-embed-core-9.0.60.jar:4.0.FR]
	at org.springframework.web.servlet.FrameworkServlet.service(FrameworkServlet.java:883) ~[spring-webmvc-5.3.18.jar:5.3.18]
	at org.springframework.test.web.servlet.TestDispatcherServlet.service(TestDispatcherServlet.java:72) ~[spring-test-5.3.18.jar:5.3.18]
	at javax.servlet.http.HttpServlet.service(HttpServlet.java:764) ~[tomcat-embed-core-9.0.60.jar:4.0.FR]
	at org.springframework.mock.web.MockFilterChain$ServletFilterProxy.doFilter(MockFilterChain.java:167) ~[spring-test-5.3.18.jar:5.3.18]
	at org.springframework.mock.web.MockFilterChain.doFilter(MockFilterChain.java:134) ~[spring-test-5.3.18.jar:5.3.18]
	at org.springframework.web.filter.CharacterEncodingFilter.doFilterInternal(CharacterEncodingFilter.java:201) ~[spring-web-5.3.18.jar:5.3.18]
	at org.springframework.web.filter.OncePerRequestFilter.doFilter(OncePerRequestFilter.java:117) ~[spring-web-5.3.18.jar:5.3.18]
	at org.springframework.mock.web.MockFilterChain.doFilter(MockFilterChain.java:134) ~[spring-test-5.3.18.jar:5.3.18]
	at org.springframework.test.web.servlet.MockMvc.perform(MockMvc.java:199) ~[spring-test-5.3.18.jar:5.3.18]
	at org.springframework.test.web.servlet.MockHttpServletRequestDsl.perform$spring_test(MockHttpServletRequestDsl.kt:207) ~[spring-test-5.3.18.jar:5.3.18]
	at org.springframework.test.web.servlet.MockMvcExtensionsKt.post(MockMvcExtensions.kt:56) ~[spring-test-5.3.18.jar:5.3.18]
	at ru.tinkoff.homework.lesson6.lesson6.service.BookServiceTest.getStatusCodeAddBook(BookServiceTest.kt:136) ~[test/:na]
	at ru.tinkoff.homework.lesson6.lesson6.service.BookServiceTest.access$getStatusCodeAddBook(BookServiceTest.kt:38) ~[test/:na]
	at ru.tinkoff.homework.lesson6.lesson6.service.BookServiceTest$1$2.invokeSuspend(BookServiceTest.kt:85) ~[test/:na]
	at ru.tinkoff.homework.lesson6.lesson6.service.BookServiceTest$1$2.invoke(BookServiceTest.kt) ~[test/:na]
	at ru.tinkoff.homework.lesson6.lesson6.service.BookServiceTest$1$2.invoke(BookServiceTest.kt) ~[test/:na]
	at io.kotest.engine.test.TestCaseExecutor$execute$innerExecute$1.invokeSuspend(TestCaseExecutor.kt:73) ~[kotest-framework-engine-jvm-5.1.0.jar:na]
	at io.kotest.engine.test.TestCaseExecutor$execute$innerExecute$1.invoke(TestCaseExecutor.kt) ~[kotest-framework-engine-jvm-5.1.0.jar:na]
	at io.kotest.engine.test.TestCaseExecutor$execute$innerExecute$1.invoke(TestCaseExecutor.kt) ~[kotest-framework-engine-jvm-5.1.0.jar:na]
	at io.kotest.engine.test.interceptors.CoroutineDebugProbeInterceptor.intercept(CoroutineDebugProbeInterceptor.kt:29) ~[kotest-framework-engine-jvm-5.1.0.jar:na]
	at io.kotest.engine.test.TestCaseExecutor$execute$2$1.invokeSuspend(TestCaseExecutor.kt:78) ~[kotest-framework-engine-jvm-5.1.0.jar:na]
	at io.kotest.engine.test.TestCaseExecutor$execute$2$1.invoke(TestCaseExecutor.kt) ~[kotest-framework-engine-jvm-5.1.0.jar:na]
	at io.kotest.engine.test.TestCaseExecutor$execute$2$1.invoke(TestCaseExecutor.kt) ~[kotest-framework-engine-jvm-5.1.0.jar:na]
	at io.kotest.engine.test.interceptors.InvocationTimeoutInterceptor$intercept$3.invokeSuspend(InvocationTimeoutInterceptor.kt:43) ~[kotest-framework-engine-jvm-5.1.0.jar:na]
	at io.kotest.engine.test.interceptors.InvocationTimeoutInterceptor$intercept$3.invoke(InvocationTimeoutInterceptor.kt) ~[kotest-framework-engine-jvm-5.1.0.jar:na]
	at io.kotest.engine.test.interceptors.InvocationTimeoutInterceptor$intercept$3.invoke(InvocationTimeoutInterceptor.kt) ~[kotest-framework-engine-jvm-5.1.0.jar:na]
	at kotlinx.coroutines.intrinsics.UndispatchedKt.startUndispatchedOrReturnIgnoreTimeout(Undispatched.kt:100) ~[kotlinx-coroutines-core-jvm-1.6.0.jar:na]
	at kotlinx.coroutines.TimeoutKt.setupTimeout(Timeout.kt:146) ~[kotlinx-coroutines-core-jvm-1.6.0.jar:na]
	at kotlinx.coroutines.TimeoutKt.withTimeoutOrNull(Timeout.kt:103) ~[kotlinx-coroutines-core-jvm-1.6.0.jar:na]
	at kotlinx.coroutines.TimeoutKt.withTimeoutOrNull-KLykuaI(Timeout.kt:134) ~[kotlinx-coroutines-core-jvm-1.6.0.jar:na]
	at io.kotest.engine.test.interceptors.InvocationTimeoutInterceptor.intercept(InvocationTimeoutInterceptor.kt:42) ~[kotest-framework-engine-jvm-5.1.0.jar:na]
	at io.kotest.engine.test.TestCaseExecutor$execute$2$1.invokeSuspend(TestCaseExecutor.kt:78) ~[kotest-framework-engine-jvm-5.1.0.jar:na]
	at io.kotest.engine.test.TestCaseExecutor$execute$2$1.invoke(TestCaseExecutor.kt) ~[kotest-framework-engine-jvm-5.1.0.jar:na]
	at io.kotest.engine.test.TestCaseExecutor$execute$2$1.invoke(TestCaseExecutor.kt) ~[kotest-framework-engine-jvm-5.1.0.jar:na]
	at io.kotest.engine.test.TestInvocationInterceptor$intercept$2$3.invokeSuspend(TestInvocationInterceptor.kt:35) ~[kotest-framework-engine-jvm-5.1.0.jar:na]
	at io.kotest.engine.test.TestInvocationInterceptor$intercept$2$3.invoke(TestInvocationInterceptor.kt) ~[kotest-framework-engine-jvm-5.1.0.jar:na]
	at io.kotest.engine.test.TestInvocationInterceptor$intercept$2$3.invoke(TestInvocationInterceptor.kt) ~[kotest-framework-engine-jvm-5.1.0.jar:na]
	at io.kotest.mpp.ReplayKt.replay(replay.kt:18) ~[kotest-common-jvm-5.1.0.jar:na]
	at io.kotest.engine.test.TestInvocationInterceptor$intercept$2.invokeSuspend(TestInvocationInterceptor.kt:30) ~[kotest-framework-engine-jvm-5.1.0.jar:na]
	at io.kotest.engine.test.TestInvocationInterceptor$intercept$2.invoke(TestInvocationInterceptor.kt) ~[kotest-framework-engine-jvm-5.1.0.jar:na]
	at io.kotest.engine.test.TestInvocationInterceptor$intercept$2.invoke(TestInvocationInterceptor.kt) ~[kotest-framework-engine-jvm-5.1.0.jar:na]
	at kotlinx.coroutines.intrinsics.UndispatchedKt.startUndispatchedOrReturn(Undispatched.kt:89) ~[kotlinx-coroutines-core-jvm-1.6.0.jar:na]
	at kotlinx.coroutines.CoroutineScopeKt.coroutineScope(CoroutineScope.kt:264) ~[kotlinx-coroutines-core-jvm-1.6.0.jar:na]
	at io.kotest.engine.test.TestInvocationInterceptor.intercept(TestInvocationInterceptor.kt:29) ~[kotest-framework-engine-jvm-5.1.0.jar:na]
	at io.kotest.engine.test.TestCaseExecutor$execute$2$1.invokeSuspend(TestCaseExecutor.kt:78) ~[kotest-framework-engine-jvm-5.1.0.jar:na]
	at io.kotest.engine.test.TestCaseExecutor$execute$2$1.invoke(TestCaseExecutor.kt) ~[kotest-framework-engine-jvm-5.1.0.jar:na]
	at io.kotest.engine.test.TestCaseExecutor$execute$2$1.invoke(TestCaseExecutor.kt) ~[kotest-framework-engine-jvm-5.1.0.jar:na]
	at io.kotest.engine.test.interceptors.TimeoutInterceptor$intercept$3.invokeSuspend(TimeoutInterceptor.kt:34) ~[kotest-framework-engine-jvm-5.1.0.jar:na]
	at io.kotest.engine.test.interceptors.TimeoutInterceptor$intercept$3.invoke(TimeoutInterceptor.kt) ~[kotest-framework-engine-jvm-5.1.0.jar:na]
	at io.kotest.engine.test.interceptors.TimeoutInterceptor$intercept$3.invoke(TimeoutInterceptor.kt) ~[kotest-framework-engine-jvm-5.1.0.jar:na]
	at kotlinx.coroutines.intrinsics.UndispatchedKt.startUndispatchedOrReturnIgnoreTimeout(Undispatched.kt:100) ~[kotlinx-coroutines-core-jvm-1.6.0.jar:na]
	at kotlinx.coroutines.TimeoutKt.setupTimeout(Timeout.kt:146) ~[kotlinx-coroutines-core-jvm-1.6.0.jar:na]
	at kotlinx.coroutines.TimeoutKt.withTimeout(Timeout.kt:44) ~[kotlinx-coroutines-core-jvm-1.6.0.jar:na]
	at kotlinx.coroutines.TimeoutKt.withTimeout-KLykuaI(Timeout.kt:71) ~[kotlinx-coroutines-core-jvm-1.6.0.jar:na]
	at io.kotest.engine.test.interceptors.TimeoutInterceptor.intercept(TimeoutInterceptor.kt:33) ~[kotest-framework-engine-jvm-5.1.0.jar:na]
	at io.kotest.engine.test.TestCaseExecutor$execute$2$1.invokeSuspend(TestCaseExecutor.kt:78) ~[kotest-framework-engine-jvm-5.1.0.jar:na]
	at io.kotest.engine.test.TestCaseExecutor$execute$2$1.invoke(TestCaseExecutor.kt) ~[kotest-framework-engine-jvm-5.1.0.jar:na]
	at io.kotest.engine.test.TestCaseExecutor$execute$2$1.invoke(TestCaseExecutor.kt) ~[kotest-framework-engine-jvm-5.1.0.jar:na]
	at io.kotest.engine.test.interceptors.BlockedThreadTimeoutInterceptor.intercept(BlockedThreadTimeoutInterceptor.kt:74) ~[kotest-framework-engine-jvm-5.1.0.jar:na]
	at io.kotest.engine.test.TestCaseExecutor$execute$2$1.invokeSuspend(TestCaseExecutor.kt:78) ~[kotest-framework-engine-jvm-5.1.0.jar:na]
	at io.kotest.engine.test.TestCaseExecutor$execute$2$1.invoke(TestCaseExecutor.kt) ~[kotest-framework-engine-jvm-5.1.0.jar:na]
	at io.kotest.engine.test.TestCaseExecutor$execute$2$1.invoke(TestCaseExecutor.kt) ~[kotest-framework-engine-jvm-5.1.0.jar:na]
	at io.kotest.engine.test.interceptors.CoroutineLoggingInterceptor.intercept(CoroutineLoggingInterceptor.kt:30) ~[kotest-framework-engine-jvm-5.1.0.jar:na]
	at io.kotest.engine.test.TestCaseExecutor$execute$2$1.invokeSuspend(TestCaseExecutor.kt:78) ~[kotest-framework-engine-jvm-5.1.0.jar:na]
	at io.kotest.engine.test.TestCaseExecutor$execute$2$1.invoke(TestCaseExecutor.kt) ~[kotest-framework-engine-jvm-5.1.0.jar:na]
	at io.kotest.engine.test.TestCaseExecutor$execute$2$1.invoke(TestCaseExecutor.kt) ~[kotest-framework-engine-jvm-5.1.0.jar:na]
	at io.kotest.engine.test.interceptors.SoftAssertInterceptor.intercept(SoftAssertInterceptor.kt:27) ~[kotest-framework-engine-jvm-5.1.0.jar:na]
	at io.kotest.engine.test.TestCaseExecutor$execute$2$1.invokeSuspend(TestCaseExecutor.kt:78) ~[kotest-framework-engine-jvm-5.1.0.jar:na]
	at io.kotest.engine.test.TestCaseExecutor$execute$2$1.invoke(TestCaseExecutor.kt) ~[kotest-framework-engine-jvm-5.1.0.jar:na]
	at io.kotest.engine.test.TestCaseExecutor$execute$2$1.invoke(TestCaseExecutor.kt) ~[kotest-framework-engine-jvm-5.1.0.jar:na]
	at io.kotest.engine.test.interceptors.AssertionModeInterceptor.intercept(AssertionModeInterceptor.kt:25) ~[kotest-framework-engine-jvm-5.1.0.jar:na]
	at io.kotest.engine.test.TestCaseExecutor$execute$2$1.invokeSuspend(TestCaseExecutor.kt:78) ~[kotest-framework-engine-jvm-5.1.0.jar:na]
	at io.kotest.engine.test.TestCaseExecutor$execute$2$1.invoke(TestCaseExecutor.kt) ~[kotest-framework-engine-jvm-5.1.0.jar:na]
	at io.kotest.engine.test.TestCaseExecutor$execute$2$1.invoke(TestCaseExecutor.kt) ~[kotest-framework-engine-jvm-5.1.0.jar:na]
	at io.kotest.engine.test.interceptors.LifecycleInterceptor.intercept(LifecycleInterceptor.kt:50) ~[kotest-framework-engine-jvm-5.1.0.jar:na]
	at io.kotest.engine.test.TestCaseExecutor$execute$2$1.invokeSuspend(TestCaseExecutor.kt:78) ~[kotest-framework-engine-jvm-5.1.0.jar:na]
	at io.kotest.engine.test.TestCaseExecutor$execute$2$1.invoke(TestCaseExecutor.kt) ~[kotest-framework-engine-jvm-5.1.0.jar:na]
	at io.kotest.engine.test.TestCaseExecutor$execute$2$1.invoke(TestCaseExecutor.kt) ~[kotest-framework-engine-jvm-5.1.0.jar:na]
	at io.kotest.engine.test.interceptors.EnabledCheckInterceptor.intercept(EnabledCheckInterceptor.kt:31) ~[kotest-framework-engine-jvm-5.1.0.jar:na]
	at io.kotest.engine.test.TestCaseExecutor$execute$2$1.invokeSuspend(TestCaseExecutor.kt:78) ~[kotest-framework-engine-jvm-5.1.0.jar:na]
	at io.kotest.engine.test.TestCaseExecutor$execute$2$1.invoke(TestCaseExecutor.kt) ~[kotest-framework-engine-jvm-5.1.0.jar:na]
	at io.kotest.engine.test.TestCaseExecutor$execute$2$1.invoke(TestCaseExecutor.kt) ~[kotest-framework-engine-jvm-5.1.0.jar:na]
	at io.kotest.engine.test.interceptors.TestCaseExtensionInterceptor$intercept$2.invokeSuspend(TestCaseExtensionInterceptor.kt:24) ~[kotest-framework-engine-jvm-5.1.0.jar:na]
	at io.kotest.engine.test.interceptors.TestCaseExtensionInterceptor$intercept$2.invoke(TestCaseExtensionInterceptor.kt) ~[kotest-framework-engine-jvm-5.1.0.jar:na]
	at io.kotest.engine.test.interceptors.TestCaseExtensionInterceptor$intercept$2.invoke(TestCaseExtensionInterceptor.kt) ~[kotest-framework-engine-jvm-5.1.0.jar:na]
	at io.kotest.engine.test.TestExtensions$intercept$execute$1$1$1.invokeSuspend(TestExtensions.kt:149) ~[kotest-framework-engine-jvm-5.1.0.jar:na]
	at io.kotest.engine.test.TestExtensions$intercept$execute$1$1$1.invoke(TestExtensions.kt) ~[kotest-framework-engine-jvm-5.1.0.jar:na]
	at io.kotest.engine.test.TestExtensions$intercept$execute$1$1$1.invoke(TestExtensions.kt) ~[kotest-framework-engine-jvm-5.1.0.jar:na]
	at io.kotest.extensions.spring.SpringTestExtension.intercept(SpringTestExtension.kt:71) ~[kotest-extensions-spring-1.1.0.jar:na]
	at io.kotest.engine.test.TestExtensions$intercept$execute$1$1.invokeSuspend(TestExtensions.kt:146) ~[kotest-framework-engine-jvm-5.1.0.jar:na]
	at io.kotest.engine.test.TestExtensions$intercept$execute$1$1.invoke(TestExtensions.kt) ~[kotest-framework-engine-jvm-5.1.0.jar:na]
	at io.kotest.engine.test.TestExtensions$intercept$execute$1$1.invoke(TestExtensions.kt) ~[kotest-framework-engine-jvm-5.1.0.jar:na]
	at io.kotest.engine.test.TestExtensions.intercept(TestExtensions.kt:154) ~[kotest-framework-engine-jvm-5.1.0.jar:na]
	at io.kotest.engine.test.interceptors.TestCaseExtensionInterceptor.intercept(TestCaseExtensionInterceptor.kt:24) ~[kotest-framework-engine-jvm-5.1.0.jar:na]
	at io.kotest.engine.test.TestCaseExecutor$execute$2$1.invokeSuspend(TestCaseExecutor.kt:78) ~[kotest-framework-engine-jvm-5.1.0.jar:na]
	at io.kotest.engine.test.TestCaseExecutor$execute$2$1.invoke(TestCaseExecutor.kt) ~[kotest-framework-engine-jvm-5.1.0.jar:na]
	at io.kotest.engine.test.TestCaseExecutor$execute$2$1.invoke(TestCaseExecutor.kt) ~[kotest-framework-engine-jvm-5.1.0.jar:na]
	at io.kotest.engine.test.interceptors.CoroutineErrorCollectorInterceptor$intercept$3.invokeSuspend(CoroutineErrorCollectorInterceptor.kt:29) ~[kotest-framework-engine-jvm-5.1.0.jar:na]
	at io.kotest.engine.test.interceptors.CoroutineErrorCollectorInterceptor$intercept$3.invoke(CoroutineErrorCollectorInterceptor.kt) ~[kotest-framework-engine-jvm-5.1.0.jar:na]
	at io.kotest.engine.test.interceptors.CoroutineErrorCollectorInterceptor$intercept$3.invoke(CoroutineErrorCollectorInterceptor.kt) ~[kotest-framework-engine-jvm-5.1.0.jar:na]
	at kotlinx.coroutines.intrinsics.UndispatchedKt.startUndispatchedOrReturn(Undispatched.kt:89) ~[kotlinx-coroutines-core-jvm-1.6.0.jar:na]
	at kotlinx.coroutines.BuildersKt__Builders_commonKt.withContext(Builders.common.kt:165) ~[kotlinx-coroutines-core-jvm-1.6.0.jar:na]
	at kotlinx.coroutines.BuildersKt.withContext(Unknown Source) ~[kotlinx-coroutines-core-jvm-1.6.0.jar:na]
	at io.kotest.engine.test.interceptors.CoroutineErrorCollectorInterceptor.intercept(CoroutineErrorCollectorInterceptor.kt:28) ~[kotest-framework-engine-jvm-5.1.0.jar:na]
	at io.kotest.engine.test.TestCaseExecutor$execute$2$1.invokeSuspend(TestCaseExecutor.kt:78) ~[kotest-framework-engine-jvm-5.1.0.jar:na]
	at io.kotest.engine.test.TestCaseExecutor$execute$2$1.invoke(TestCaseExecutor.kt) ~[kotest-framework-engine-jvm-5.1.0.jar:na]
	at io.kotest.engine.test.TestCaseExecutor$execute$2$1.invoke(TestCaseExecutor.kt) ~[kotest-framework-engine-jvm-5.1.0.jar:na]
	at io.kotest.engine.test.interceptors.CoroutineDispatcherFactoryInterceptor$intercept$4.invokeSuspend(coroutineDispatcherFactoryInterceptor.kt:57) ~[kotest-framework-engine-jvm-5.1.0.jar:na]
	at io.kotest.engine.test.interceptors.CoroutineDispatcherFactoryInterceptor$intercept$4.invoke(coroutineDispatcherFactoryInterceptor.kt) ~[kotest-framework-engine-jvm-5.1.0.jar:na]
	at io.kotest.engine.test.interceptors.CoroutineDispatcherFactoryInterceptor$intercept$4.invoke(coroutineDispatcherFactoryInterceptor.kt) ~[kotest-framework-engine-jvm-5.1.0.jar:na]
	at io.kotest.engine.concurrency.FixedThreadCoroutineDispatcherFactory$withDispatcher$4.invokeSuspend(FixedThreadCoroutineDispatcherFactory.kt:53) ~[kotest-framework-engine-jvm-5.1.0.jar:na]
	at io.kotest.engine.concurrency.FixedThreadCoroutineDispatcherFactory$withDispatcher$4.invoke(FixedThreadCoroutineDispatcherFactory.kt) ~[kotest-framework-engine-jvm-5.1.0.jar:na]
	at io.kotest.engine.concurrency.FixedThreadCoroutineDispatcherFactory$withDispatcher$4.invoke(FixedThreadCoroutineDispatcherFactory.kt) ~[kotest-framework-engine-jvm-5.1.0.jar:na]
	at kotlinx.coroutines.intrinsics.UndispatchedKt.startUndispatchedOrReturn(Undispatched.kt:89) ~[kotlinx-coroutines-core-jvm-1.6.0.jar:na]
	at kotlinx.coroutines.BuildersKt__Builders_commonKt.withContext(Builders.common.kt:165) ~[kotlinx-coroutines-core-jvm-1.6.0.jar:na]
	at kotlinx.coroutines.BuildersKt.withContext(Unknown Source) ~[kotlinx-coroutines-core-jvm-1.6.0.jar:na]
	at io.kotest.engine.concurrency.FixedThreadCoroutineDispatcherFactory.withDispatcher(FixedThreadCoroutineDispatcherFactory.kt:52) ~[kotest-framework-engine-jvm-5.1.0.jar:na]
	at io.kotest.engine.test.interceptors.CoroutineDispatcherFactoryInterceptor.intercept(coroutineDispatcherFactoryInterceptor.kt:56) ~[kotest-framework-engine-jvm-5.1.0.jar:na]
	at io.kotest.engine.test.TestCaseExecutor$execute$2$1.invokeSuspend(TestCaseExecutor.kt:78) ~[kotest-framework-engine-jvm-5.1.0.jar:na]
	at io.kotest.engine.test.TestCaseExecutor$execute$2$1.invoke(TestCaseExecutor.kt) ~[kotest-framework-engine-jvm-5.1.0.jar:na]
	at io.kotest.engine.test.TestCaseExecutor$execute$2$1.invoke(TestCaseExecutor.kt) ~[kotest-framework-engine-jvm-5.1.0.jar:na]
	at io.kotest.engine.test.interceptors.SupervisorScopeInterceptor$intercept$2.invokeSuspend(SupervisorScopeInterceptor.kt:23) ~[kotest-framework-engine-jvm-5.1.0.jar:na]
	at io.kotest.engine.test.interceptors.SupervisorScopeInterceptor$intercept$2.invoke(SupervisorScopeInterceptor.kt) ~[kotest-framework-engine-jvm-5.1.0.jar:na]
	at io.kotest.engine.test.interceptors.SupervisorScopeInterceptor$intercept$2.invoke(SupervisorScopeInterceptor.kt) ~[kotest-framework-engine-jvm-5.1.0.jar:na]
	at kotlinx.coroutines.intrinsics.UndispatchedKt.startUndispatchedOrReturn(Undispatched.kt:89) ~[kotlinx-coroutines-core-jvm-1.6.0.jar:na]
	at kotlinx.coroutines.SupervisorKt.supervisorScope(Supervisor.kt:61) ~[kotlinx-coroutines-core-jvm-1.6.0.jar:na]
	at io.kotest.engine.test.interceptors.SupervisorScopeInterceptor.intercept(SupervisorScopeInterceptor.kt:22) ~[kotest-framework-engine-jvm-5.1.0.jar:na]
	at io.kotest.engine.test.TestCaseExecutor$execute$2$1.invokeSuspend(TestCaseExecutor.kt:78) ~[kotest-framework-engine-jvm-5.1.0.jar:na]
	at io.kotest.engine.test.TestCaseExecutor$execute$2$1.invoke(TestCaseExecutor.kt) ~[kotest-framework-engine-jvm-5.1.0.jar:na]
	at io.kotest.engine.test.TestCaseExecutor$execute$2$1.invoke(TestCaseExecutor.kt) ~[kotest-framework-engine-jvm-5.1.0.jar:na]
	at io.kotest.engine.test.interceptors.InvocationCountCheckInterceptor.intercept(InvocationCountCheckInterceptor.kt:29) ~[kotest-framework-engine-jvm-5.1.0.jar:na]
	at io.kotest.engine.test.TestCaseExecutor$execute$2$1.invokeSuspend(TestCaseExecutor.kt:78) ~[kotest-framework-engine-jvm-5.1.0.jar:na]
	at io.kotest.engine.test.TestCaseExecutor$execute$2$1.invoke(TestCaseExecutor.kt) ~[kotest-framework-engine-jvm-5.1.0.jar:na]
	at io.kotest.engine.test.TestCaseExecutor$execute$2$1.invoke(TestCaseExecutor.kt) ~[kotest-framework-engine-jvm-5.1.0.jar:na]
	at io.kotest.engine.test.interceptors.TestFinishedInterceptor.intercept(TestFinishedInterceptor.kt:21) ~[kotest-framework-engine-jvm-5.1.0.jar:na]
	at io.kotest.engine.test.TestCaseExecutor$execute$2$1.invokeSuspend(TestCaseExecutor.kt:78) ~[kotest-framework-engine-jvm-5.1.0.jar:na]
	at io.kotest.engine.test.TestCaseExecutor$execute$2$1.invoke(TestCaseExecutor.kt) ~[kotest-framework-engine-jvm-5.1.0.jar:na]
	at io.kotest.engine.test.TestCaseExecutor$execute$2$1.invoke(TestCaseExecutor.kt) ~[kotest-framework-engine-jvm-5.1.0.jar:na]
	at io.kotest.engine.test.TestCaseExecutor.execute(TestCaseExecutor.kt:79) ~[kotest-framework-engine-jvm-5.1.0.jar:na]
	at io.kotest.engine.spec.runners.SingleInstanceSpecRunner.runTest(SingleInstanceSpecRunner.kt:112) ~[kotest-framework-engine-jvm-5.1.0.jar:na]
	at io.kotest.engine.spec.runners.SingleInstanceSpecRunner.access$runTest(SingleInstanceSpecRunner.kt:31) ~[kotest-framework-engine-jvm-5.1.0.jar:na]
	at io.kotest.engine.spec.runners.SingleInstanceSpecRunner$Context.registerTestCase(SingleInstanceSpecRunner.kt:85) ~[kotest-framework-engine-jvm-5.1.0.jar:na]
	at io.kotest.engine.test.scopes.DuplicateNameHandlingTestScope.registerTestCase(DuplicateNameHandlingTestScope.kt:21) ~[kotest-framework-engine-jvm-5.1.0.jar:na]
	at io.kotest.engine.test.scopes.TestScopeWithCoroutineContext.registerTestCase(scopes.kt) ~[kotest-framework-engine-jvm-5.1.0.jar:na]
	at io.kotest.core.spec.style.scopes.AbstractContainerScope.registerTestCase$suspendImpl(ContainerScope.kt:209) ~[kotest-framework-api-jvm-5.1.0.jar:na]
	at io.kotest.core.spec.style.scopes.AbstractContainerScope.registerTestCase(ContainerScope.kt) ~[kotest-framework-api-jvm-5.1.0.jar:na]
	at io.kotest.core.spec.style.scopes.FeatureSpecContainerScope.registerTestCase(FeatureSpecContainerScope.kt:30) ~[kotest-framework-api-jvm-5.1.0.jar:na]
	at io.kotest.core.spec.style.scopes.ContainerScope$DefaultImpls.registerTest(ContainerScope.kt:76) ~[kotest-framework-api-jvm-5.1.0.jar:na]
	at io.kotest.core.spec.style.scopes.AbstractContainerScope.registerTest(ContainerScope.kt:205) ~[kotest-framework-api-jvm-5.1.0.jar:na]
	at io.kotest.core.spec.style.scopes.FeatureSpecContainerScope.scenario(FeatureSpecContainerScope.kt:49) ~[kotest-framework-api-jvm-5.1.0.jar:na]
	at ru.tinkoff.homework.lesson6.lesson6.service.BookServiceTest$1.invokeSuspend(BookServiceTest.kt:84) ~[test/:na]
	at ru.tinkoff.homework.lesson6.lesson6.service.BookServiceTest$1.invoke(BookServiceTest.kt) ~[test/:na]
	at ru.tinkoff.homework.lesson6.lesson6.service.BookServiceTest$1.invoke(BookServiceTest.kt) ~[test/:na]
	at io.kotest.core.spec.style.scopes.FeatureSpecRootScope$addFeature$1.invokeSuspend(FeatureSpecRootScope.kt:35) ~[kotest-framework-api-jvm-5.1.0.jar:na]
	at io.kotest.core.spec.style.scopes.FeatureSpecRootScope$addFeature$1.invoke(FeatureSpecRootScope.kt) ~[kotest-framework-api-jvm-5.1.0.jar:na]
	at io.kotest.core.spec.style.scopes.FeatureSpecRootScope$addFeature$1.invoke(FeatureSpecRootScope.kt) ~[kotest-framework-api-jvm-5.1.0.jar:na]
	at io.kotest.core.spec.style.scopes.RootScopeKt$addTest$1.invokeSuspend(RootScope.kt:36) ~[kotest-framework-api-jvm-5.1.0.jar:na]
	at io.kotest.core.spec.style.scopes.RootScopeKt$addTest$1.invoke(RootScope.kt) ~[kotest-framework-api-jvm-5.1.0.jar:na]
	at io.kotest.core.spec.style.scopes.RootScopeKt$addTest$1.invoke(RootScope.kt) ~[kotest-framework-api-jvm-5.1.0.jar:na]
	at io.kotest.engine.test.TestCaseExecutor$execute$innerExecute$1.invokeSuspend(TestCaseExecutor.kt:73) ~[kotest-framework-engine-jvm-5.1.0.jar:na]
	at io.kotest.engine.test.TestCaseExecutor$execute$innerExecute$1.invoke(TestCaseExecutor.kt) ~[kotest-framework-engine-jvm-5.1.0.jar:na]
	at io.kotest.engine.test.TestCaseExecutor$execute$innerExecute$1.invoke(TestCaseExecutor.kt) ~[kotest-framework-engine-jvm-5.1.0.jar:na]
	at io.kotest.engine.test.interceptors.CoroutineDebugProbeInterceptor.intercept(CoroutineDebugProbeInterceptor.kt:29) ~[kotest-framework-engine-jvm-5.1.0.jar:na]
	at io.kotest.engine.test.TestCaseExecutor$execute$2$1.invokeSuspend(TestCaseExecutor.kt:78) ~[kotest-framework-engine-jvm-5.1.0.jar:na]
	at io.kotest.engine.test.TestCaseExecutor$execute$2$1.invoke(TestCaseExecutor.kt) ~[kotest-framework-engine-jvm-5.1.0.jar:na]
	at io.kotest.engine.test.TestCaseExecutor$execute$2$1.invoke(TestCaseExecutor.kt) ~[kotest-framework-engine-jvm-5.1.0.jar:na]
	at io.kotest.engine.test.interceptors.InvocationTimeoutInterceptor.intercept(InvocationTimeoutInterceptor.kt:28) ~[kotest-framework-engine-jvm-5.1.0.jar:na]
	at io.kotest.engine.test.TestCaseExecutor$execute$2$1.invokeSuspend(TestCaseExecutor.kt:78) ~[kotest-framework-engine-jvm-5.1.0.jar:na]
	at io.kotest.engine.test.TestCaseExecutor$execute$2$1.invoke(TestCaseExecutor.kt) ~[kotest-framework-engine-jvm-5.1.0.jar:na]
	at io.kotest.engine.test.TestCaseExecutor$execute$2$1.invoke(TestCaseExecutor.kt) ~[kotest-framework-engine-jvm-5.1.0.jar:na]
	at io.kotest.engine.test.TestInvocationInterceptor$intercept$2$3.invokeSuspend(TestInvocationInterceptor.kt:35) ~[kotest-framework-engine-jvm-5.1.0.jar:na]
	at io.kotest.engine.test.TestInvocationInterceptor$intercept$2$3.invoke(TestInvocationInterceptor.kt) ~[kotest-framework-engine-jvm-5.1.0.jar:na]
	at io.kotest.engine.test.TestInvocationInterceptor$intercept$2$3.invoke(TestInvocationInterceptor.kt) ~[kotest-framework-engine-jvm-5.1.0.jar:na]
	at io.kotest.mpp.ReplayKt.replay(replay.kt:18) ~[kotest-common-jvm-5.1.0.jar:na]
	at io.kotest.engine.test.TestInvocationInterceptor$intercept$2.invokeSuspend(TestInvocationInterceptor.kt:30) ~[kotest-framework-engine-jvm-5.1.0.jar:na]
	at io.kotest.engine.test.TestInvocationInterceptor$intercept$2.invoke(TestInvocationInterceptor.kt) ~[kotest-framework-engine-jvm-5.1.0.jar:na]
	at io.kotest.engine.test.TestInvocationInterceptor$intercept$2.invoke(TestInvocationInterceptor.kt) ~[kotest-framework-engine-jvm-5.1.0.jar:na]
	at kotlinx.coroutines.intrinsics.UndispatchedKt.startUndispatchedOrReturn(Undispatched.kt:89) ~[kotlinx-coroutines-core-jvm-1.6.0.jar:na]
	at kotlinx.coroutines.CoroutineScopeKt.coroutineScope(CoroutineScope.kt:264) ~[kotlinx-coroutines-core-jvm-1.6.0.jar:na]
	at io.kotest.engine.test.TestInvocationInterceptor.intercept(TestInvocationInterceptor.kt:29) ~[kotest-framework-engine-jvm-5.1.0.jar:na]
	at io.kotest.engine.test.TestCaseExecutor$execute$2$1.invokeSuspend(TestCaseExecutor.kt:78) ~[kotest-framework-engine-jvm-5.1.0.jar:na]
	at io.kotest.engine.test.TestCaseExecutor$execute$2$1.invoke(TestCaseExecutor.kt) ~[kotest-framework-engine-jvm-5.1.0.jar:na]
	at io.kotest.engine.test.TestCaseExecutor$execute$2$1.invoke(TestCaseExecutor.kt) ~[kotest-framework-engine-jvm-5.1.0.jar:na]
	at io.kotest.engine.test.interceptors.TimeoutInterceptor$intercept$3.invokeSuspend(TimeoutInterceptor.kt:34) ~[kotest-framework-engine-jvm-5.1.0.jar:na]
	at io.kotest.engine.test.interceptors.TimeoutInterceptor$intercept$3.invoke(TimeoutInterceptor.kt) ~[kotest-framework-engine-jvm-5.1.0.jar:na]
	at io.kotest.engine.test.interceptors.TimeoutInterceptor$intercept$3.invoke(TimeoutInterceptor.kt) ~[kotest-framework-engine-jvm-5.1.0.jar:na]
	at kotlinx.coroutines.intrinsics.UndispatchedKt.startUndispatchedOrReturnIgnoreTimeout(Undispatched.kt:100) ~[kotlinx-coroutines-core-jvm-1.6.0.jar:na]
	at kotlinx.coroutines.TimeoutKt.setupTimeout(Timeout.kt:146) ~[kotlinx-coroutines-core-jvm-1.6.0.jar:na]
	at kotlinx.coroutines.TimeoutKt.withTimeout(Timeout.kt:44) ~[kotlinx-coroutines-core-jvm-1.6.0.jar:na]
	at kotlinx.coroutines.TimeoutKt.withTimeout-KLykuaI(Timeout.kt:71) ~[kotlinx-coroutines-core-jvm-1.6.0.jar:na]
	at io.kotest.engine.test.interceptors.TimeoutInterceptor.intercept(TimeoutInterceptor.kt:33) ~[kotest-framework-engine-jvm-5.1.0.jar:na]
	at io.kotest.engine.test.TestCaseExecutor$execute$2$1.invokeSuspend(TestCaseExecutor.kt:78) ~[kotest-framework-engine-jvm-5.1.0.jar:na]
	at io.kotest.engine.test.TestCaseExecutor$execute$2$1.invoke(TestCaseExecutor.kt) ~[kotest-framework-engine-jvm-5.1.0.jar:na]
	at io.kotest.engine.test.TestCaseExecutor$execute$2$1.invoke(TestCaseExecutor.kt) ~[kotest-framework-engine-jvm-5.1.0.jar:na]
	at io.kotest.engine.test.interceptors.BlockedThreadTimeoutInterceptor.intercept(BlockedThreadTimeoutInterceptor.kt:74) ~[kotest-framework-engine-jvm-5.1.0.jar:na]
	at io.kotest.engine.test.TestCaseExecutor$execute$2$1.invokeSuspend(TestCaseExecutor.kt:78) ~[kotest-framework-engine-jvm-5.1.0.jar:na]
	at io.kotest.engine.test.TestCaseExecutor$execute$2$1.invoke(TestCaseExecutor.kt) ~[kotest-framework-engine-jvm-5.1.0.jar:na]
	at io.kotest.engine.test.TestCaseExecutor$execute$2$1.invoke(TestCaseExecutor.kt) ~[kotest-framework-engine-jvm-5.1.0.jar:na]
	at io.kotest.engine.test.interceptors.CoroutineLoggingInterceptor.intercept(CoroutineLoggingInterceptor.kt:30) ~[kotest-framework-engine-jvm-5.1.0.jar:na]
	at io.kotest.engine.test.TestCaseExecutor$execute$2$1.invokeSuspend(TestCaseExecutor.kt:78) ~[kotest-framework-engine-jvm-5.1.0.jar:na]
	at io.kotest.engine.test.TestCaseExecutor$execute$2$1.invoke(TestCaseExecutor.kt) ~[kotest-framework-engine-jvm-5.1.0.jar:na]
	at io.kotest.engine.test.TestCaseExecutor$execute$2$1.invoke(TestCaseExecutor.kt) ~[kotest-framework-engine-jvm-5.1.0.jar:na]
	at io.kotest.engine.test.interceptors.SoftAssertInterceptor.intercept(SoftAssertInterceptor.kt:26) ~[kotest-framework-engine-jvm-5.1.0.jar:na]
	at io.kotest.engine.test.TestCaseExecutor$execute$2$1.invokeSuspend(TestCaseExecutor.kt:78) ~[kotest-framework-engine-jvm-5.1.0.jar:na]
	at io.kotest.engine.test.TestCaseExecutor$execute$2$1.invoke(TestCaseExecutor.kt) ~[kotest-framework-engine-jvm-5.1.0.jar:na]
	at io.kotest.engine.test.TestCaseExecutor$execute$2$1.invoke(TestCaseExecutor.kt) ~[kotest-framework-engine-jvm-5.1.0.jar:na]
	at io.kotest.engine.test.interceptors.AssertionModeInterceptor.intercept(AssertionModeInterceptor.kt:24) ~[kotest-framework-engine-jvm-5.1.0.jar:na]
	at io.kotest.engine.test.TestCaseExecutor$execute$2$1.invokeSuspend(TestCaseExecutor.kt:78) ~[kotest-framework-engine-jvm-5.1.0.jar:na]
	at io.kotest.engine.test.TestCaseExecutor$execute$2$1.invoke(TestCaseExecutor.kt) ~[kotest-framework-engine-jvm-5.1.0.jar:na]
	at io.kotest.engine.test.TestCaseExecutor$execute$2$1.invoke(TestCaseExecutor.kt) ~[kotest-framework-engine-jvm-5.1.0.jar:na]
	at io.kotest.engine.test.interceptors.LifecycleInterceptor.intercept(LifecycleInterceptor.kt:50) ~[kotest-framework-engine-jvm-5.1.0.jar:na]
	at io.kotest.engine.test.TestCaseExecutor$execute$2$1.invokeSuspend(TestCaseExecutor.kt:78) ~[kotest-framework-engine-jvm-5.1.0.jar:na]
	at io.kotest.engine.test.TestCaseExecutor$execute$2$1.invoke(TestCaseExecutor.kt) ~[kotest-framework-engine-jvm-5.1.0.jar:na]
	at io.kotest.engine.test.TestCaseExecutor$execute$2$1.invoke(TestCaseExecutor.kt) ~[kotest-framework-engine-jvm-5.1.0.jar:na]
	at io.kotest.engine.test.interceptors.EnabledCheckInterceptor.intercept(EnabledCheckInterceptor.kt:31) ~[kotest-framework-engine-jvm-5.1.0.jar:na]
	at io.kotest.engine.test.TestCaseExecutor$execute$2$1.invokeSuspend(TestCaseExecutor.kt:78) ~[kotest-framework-engine-jvm-5.1.0.jar:na]
	at io.kotest.engine.test.TestCaseExecutor$execute$2$1.invoke(TestCaseExecutor.kt) ~[kotest-framework-engine-jvm-5.1.0.jar:na]
	at io.kotest.engine.test.TestCaseExecutor$execute$2$1.invoke(TestCaseExecutor.kt) ~[kotest-framework-engine-jvm-5.1.0.jar:na]
	at io.kotest.engine.test.interceptors.TestCaseExtensionInterceptor$intercept$2.invokeSuspend(TestCaseExtensionInterceptor.kt:24) ~[kotest-framework-engine-jvm-5.1.0.jar:na]
	at io.kotest.engine.test.interceptors.TestCaseExtensionInterceptor$intercept$2.invoke(TestCaseExtensionInterceptor.kt) ~[kotest-framework-engine-jvm-5.1.0.jar:na]
	at io.kotest.engine.test.interceptors.TestCaseExtensionInterceptor$intercept$2.invoke(TestCaseExtensionInterceptor.kt) ~[kotest-framework-engine-jvm-5.1.0.jar:na]
	at io.kotest.engine.test.TestExtensions$intercept$execute$1$1$1.invokeSuspend(TestExtensions.kt:149) ~[kotest-framework-engine-jvm-5.1.0.jar:na]
	at io.kotest.engine.test.TestExtensions$intercept$execute$1$1$1.invoke(TestExtensions.kt) ~[kotest-framework-engine-jvm-5.1.0.jar:na]
	at io.kotest.engine.test.TestExtensions$intercept$execute$1$1$1.invoke(TestExtensions.kt) ~[kotest-framework-engine-jvm-5.1.0.jar:na]
	at io.kotest.extensions.spring.SpringTestExtension.intercept(SpringTestExtension.kt:71) ~[kotest-extensions-spring-1.1.0.jar:na]
	at io.kotest.engine.test.TestExtensions$intercept$execute$1$1.invokeSuspend(TestExtensions.kt:146) ~[kotest-framework-engine-jvm-5.1.0.jar:na]
	at io.kotest.engine.test.TestExtensions$intercept$execute$1$1.invoke(TestExtensions.kt) ~[kotest-framework-engine-jvm-5.1.0.jar:na]
	at io.kotest.engine.test.TestExtensions$intercept$execute$1$1.invoke(TestExtensions.kt) ~[kotest-framework-engine-jvm-5.1.0.jar:na]
	at io.kotest.engine.test.TestExtensions.intercept(TestExtensions.kt:154) ~[kotest-framework-engine-jvm-5.1.0.jar:na]
	at io.kotest.engine.test.interceptors.TestCaseExtensionInterceptor.intercept(TestCaseExtensionInterceptor.kt:24) ~[kotest-framework-engine-jvm-5.1.0.jar:na]
	at io.kotest.engine.test.TestCaseExecutor$execute$2$1.invokeSuspend(TestCaseExecutor.kt:78) ~[kotest-framework-engine-jvm-5.1.0.jar:na]
	at io.kotest.engine.test.TestCaseExecutor$execute$2$1.invoke(TestCaseExecutor.kt) ~[kotest-framework-engine-jvm-5.1.0.jar:na]
	at io.kotest.engine.test.TestCaseExecutor$execute$2$1.invoke(TestCaseExecutor.kt) ~[kotest-framework-engine-jvm-5.1.0.jar:na]
	at io.kotest.engine.test.interceptors.CoroutineErrorCollectorInterceptor$intercept$3.invokeSuspend(CoroutineErrorCollectorInterceptor.kt:29) ~[kotest-framework-engine-jvm-5.1.0.jar:na]
	at io.kotest.engine.test.interceptors.CoroutineErrorCollectorInterceptor$intercept$3.invoke(CoroutineErrorCollectorInterceptor.kt) ~[kotest-framework-engine-jvm-5.1.0.jar:na]
	at io.kotest.engine.test.interceptors.CoroutineErrorCollectorInterceptor$intercept$3.invoke(CoroutineErrorCollectorInterceptor.kt) ~[kotest-framework-engine-jvm-5.1.0.jar:na]
	at kotlinx.coroutines.intrinsics.UndispatchedKt.startUndispatchedOrReturn(Undispatched.kt:89) ~[kotlinx-coroutines-core-jvm-1.6.0.jar:na]
	at kotlinx.coroutines.BuildersKt__Builders_commonKt.withContext(Builders.common.kt:165) ~[kotlinx-coroutines-core-jvm-1.6.0.jar:na]
	at kotlinx.coroutines.BuildersKt.withContext(Unknown Source) ~[kotlinx-coroutines-core-jvm-1.6.0.jar:na]
	at io.kotest.engine.test.interceptors.CoroutineErrorCollectorInterceptor.intercept(CoroutineErrorCollectorInterceptor.kt:28) ~[kotest-framework-engine-jvm-5.1.0.jar:na]
	at io.kotest.engine.test.TestCaseExecutor$execute$2$1.invokeSuspend(TestCaseExecutor.kt:78) ~[kotest-framework-engine-jvm-5.1.0.jar:na]
	at io.kotest.engine.test.TestCaseExecutor$execute$2$1.invoke(TestCaseExecutor.kt) ~[kotest-framework-engine-jvm-5.1.0.jar:na]
	at io.kotest.engine.test.TestCaseExecutor$execute$2$1.invoke(TestCaseExecutor.kt) ~[kotest-framework-engine-jvm-5.1.0.jar:na]
	at io.kotest.engine.test.interceptors.CoroutineDispatcherFactoryInterceptor$intercept$4.invokeSuspend(coroutineDispatcherFactoryInterceptor.kt:57) ~[kotest-framework-engine-jvm-5.1.0.jar:na]
	at io.kotest.engine.test.interceptors.CoroutineDispatcherFactoryInterceptor$intercept$4.invoke(coroutineDispatcherFactoryInterceptor.kt) ~[kotest-framework-engine-jvm-5.1.0.jar:na]
	at io.kotest.engine.test.interceptors.CoroutineDispatcherFactoryInterceptor$intercept$4.invoke(coroutineDispatcherFactoryInterceptor.kt) ~[kotest-framework-engine-jvm-5.1.0.jar:na]
	at io.kotest.engine.concurrency.FixedThreadCoroutineDispatcherFactory$withDispatcher$4.invokeSuspend(FixedThreadCoroutineDispatcherFactory.kt:53) ~[kotest-framework-engine-jvm-5.1.0.jar:na]
	at kotlin.coroutines.jvm.internal.BaseContinuationImpl.resumeWith(ContinuationImpl.kt:33) ~[kotlin-stdlib-1.6.10.jar:1.6.10-release-923(1.6.10)]
	at kotlinx.coroutines.DispatchedTask.run(DispatchedTask.kt:106) ~[kotlinx-coroutines-core-jvm-1.6.0.jar:na]
	at java.base/java.util.concurrent.ThreadPoolExecutor.runWorker(ThreadPoolExecutor.java:1136) ~[na:na]
	at java.base/java.util.concurrent.ThreadPoolExecutor$Worker.run(ThreadPoolExecutor.java:635) ~[na:na]
	at java.base/java.lang.Thread.run(Thread.java:833) ~[na:na]

2022-04-20 20:47:50.293 ERROR 18406 --- [-1 @coroutine#3] r.t.h.l.l.c.ExceptionHandlingController  : no answer found for: BookClient(bookClient bean#1).getBook(014311526X)

io.mockk.MockKException: no answer found for: BookClient(bookClient bean#1).getBook(014311526X)
	at io.mockk.impl.stub.MockKStub.defaultAnswer(MockKStub.kt:93) ~[mockk-1.12.3.jar:na]
	at io.mockk.impl.stub.MockKStub.answer(MockKStub.kt:42) ~[mockk-1.12.3.jar:na]
	at io.mockk.impl.recording.states.AnsweringState.call(AnsweringState.kt:16) ~[mockk-1.12.3.jar:na]
	at io.mockk.impl.recording.CommonCallRecorder.call(CommonCallRecorder.kt:53) ~[mockk-1.12.3.jar:na]
	at io.mockk.impl.stub.MockKStub.handleInvocation(MockKStub.kt:266) ~[mockk-1.12.3.jar:na]
	at io.mockk.impl.instantiation.JvmMockFactoryHelper$mockHandler$1.invocation(JvmMockFactoryHelper.kt:23) ~[mockk-1.12.3.jar:na]
	at io.mockk.proxy.jvm.advice.Interceptor.call(Interceptor.kt:21) ~[mockk-agent-jvm-1.12.3.jar:na]
	at ru.tinkoff.homework.lesson6.lesson6.service.client.BookClient.getBook(BookClient.kt:19) ~[main/:na]
	at ru.tinkoff.homework.lesson6.lesson6.service.BookService.addBook(BookService.kt:14) ~[main/:na]
	at ru.tinkoff.homework.lesson6.lesson6.controller.BookController.addBook(BookController.kt:19) ~[main/:na]
	at java.base/jdk.internal.reflect.NativeMethodAccessorImpl.invoke0(Native Method) ~[na:na]
	at java.base/jdk.internal.reflect.NativeMethodAccessorImpl.invoke(NativeMethodAccessorImpl.java:77) ~[na:na]
	at java.base/jdk.internal.reflect.DelegatingMethodAccessorImpl.invoke(DelegatingMethodAccessorImpl.java:43) ~[na:na]
	at java.base/java.lang.reflect.Method.invoke(Method.java:568) ~[na:na]
	at org.springframework.web.method.support.InvocableHandlerMethod.doInvoke(InvocableHandlerMethod.java:205) ~[spring-web-5.3.18.jar:5.3.18]
	at org.springframework.web.method.support.InvocableHandlerMethod.invokeForRequest(InvocableHandlerMethod.java:150) ~[spring-web-5.3.18.jar:5.3.18]
	at org.springframework.web.servlet.mvc.method.annotation.ServletInvocableHandlerMethod.invokeAndHandle(ServletInvocableHandlerMethod.java:117) ~[spring-webmvc-5.3.18.jar:5.3.18]
	at org.springframework.web.servlet.mvc.method.annotation.RequestMappingHandlerAdapter.invokeHandlerMethod(RequestMappingHandlerAdapter.java:895) ~[spring-webmvc-5.3.18.jar:5.3.18]
	at org.springframework.web.servlet.mvc.method.annotation.RequestMappingHandlerAdapter.handleInternal(RequestMappingHandlerAdapter.java:808) ~[spring-webmvc-5.3.18.jar:5.3.18]
	at org.springframework.web.servlet.mvc.method.AbstractHandlerMethodAdapter.handle(AbstractHandlerMethodAdapter.java:87) ~[spring-webmvc-5.3.18.jar:5.3.18]
	at org.springframework.web.servlet.DispatcherServlet.doDispatch(DispatcherServlet.java:1067) ~[spring-webmvc-5.3.18.jar:5.3.18]
	at org.springframework.web.servlet.DispatcherServlet.doService(DispatcherServlet.java:963) ~[spring-webmvc-5.3.18.jar:5.3.18]
	at org.springframework.web.servlet.FrameworkServlet.processRequest(FrameworkServlet.java:1006) ~[spring-webmvc-5.3.18.jar:5.3.18]
	at org.springframework.web.servlet.FrameworkServlet.doPost(FrameworkServlet.java:909) ~[spring-webmvc-5.3.18.jar:5.3.18]
	at javax.servlet.http.HttpServlet.service(HttpServlet.java:681) ~[tomcat-embed-core-9.0.60.jar:4.0.FR]
	at org.springframework.web.servlet.FrameworkServlet.service(FrameworkServlet.java:883) ~[spring-webmvc-5.3.18.jar:5.3.18]
	at org.springframework.test.web.servlet.TestDispatcherServlet.service(TestDispatcherServlet.java:72) ~[spring-test-5.3.18.jar:5.3.18]
	at javax.servlet.http.HttpServlet.service(HttpServlet.java:764) ~[tomcat-embed-core-9.0.60.jar:4.0.FR]
	at org.springframework.mock.web.MockFilterChain$ServletFilterProxy.doFilter(MockFilterChain.java:167) ~[spring-test-5.3.18.jar:5.3.18]
	at org.springframework.mock.web.MockFilterChain.doFilter(MockFilterChain.java:134) ~[spring-test-5.3.18.jar:5.3.18]
	at org.springframework.web.filter.CharacterEncodingFilter.doFilterInternal(CharacterEncodingFilter.java:201) ~[spring-web-5.3.18.jar:5.3.18]
	at org.springframework.web.filter.OncePerRequestFilter.doFilter(OncePerRequestFilter.java:117) ~[spring-web-5.3.18.jar:5.3.18]
	at org.springframework.mock.web.MockFilterChain.doFilter(MockFilterChain.java:134) ~[spring-test-5.3.18.jar:5.3.18]
	at org.springframework.test.web.servlet.MockMvc.perform(MockMvc.java:199) ~[spring-test-5.3.18.jar:5.3.18]
	at org.springframework.test.web.servlet.MockHttpServletRequestDsl.perform$spring_test(MockHttpServletRequestDsl.kt:207) ~[spring-test-5.3.18.jar:5.3.18]
	at org.springframework.test.web.servlet.MockMvcExtensionsKt.post(MockMvcExtensions.kt:56) ~[spring-test-5.3.18.jar:5.3.18]
	at ru.tinkoff.homework.lesson6.lesson6.service.BookServiceTest.getStatusCodeAddBook(BookServiceTest.kt:136) ~[test/:na]
	at ru.tinkoff.homework.lesson6.lesson6.service.BookServiceTest.access$getStatusCodeAddBook(BookServiceTest.kt:38) ~[test/:na]
	at ru.tinkoff.homework.lesson6.lesson6.service.BookServiceTest$1$3.invokeSuspend(BookServiceTest.kt:89) ~[test/:na]
	at ru.tinkoff.homework.lesson6.lesson6.service.BookServiceTest$1$3.invoke(BookServiceTest.kt) ~[test/:na]
	at ru.tinkoff.homework.lesson6.lesson6.service.BookServiceTest$1$3.invoke(BookServiceTest.kt) ~[test/:na]
	at io.kotest.engine.test.TestCaseExecutor$execute$innerExecute$1.invokeSuspend(TestCaseExecutor.kt:73) ~[kotest-framework-engine-jvm-5.1.0.jar:na]
	at io.kotest.engine.test.TestCaseExecutor$execute$innerExecute$1.invoke(TestCaseExecutor.kt) ~[kotest-framework-engine-jvm-5.1.0.jar:na]
	at io.kotest.engine.test.TestCaseExecutor$execute$innerExecute$1.invoke(TestCaseExecutor.kt) ~[kotest-framework-engine-jvm-5.1.0.jar:na]
	at io.kotest.engine.test.interceptors.CoroutineDebugProbeInterceptor.intercept(CoroutineDebugProbeInterceptor.kt:29) ~[kotest-framework-engine-jvm-5.1.0.jar:na]
	at io.kotest.engine.test.TestCaseExecutor$execute$2$1.invokeSuspend(TestCaseExecutor.kt:78) ~[kotest-framework-engine-jvm-5.1.0.jar:na]
	at io.kotest.engine.test.TestCaseExecutor$execute$2$1.invoke(TestCaseExecutor.kt) ~[kotest-framework-engine-jvm-5.1.0.jar:na]
	at io.kotest.engine.test.TestCaseExecutor$execute$2$1.invoke(TestCaseExecutor.kt) ~[kotest-framework-engine-jvm-5.1.0.jar:na]
	at io.kotest.engine.test.interceptors.InvocationTimeoutInterceptor$intercept$3.invokeSuspend(InvocationTimeoutInterceptor.kt:43) ~[kotest-framework-engine-jvm-5.1.0.jar:na]
	at io.kotest.engine.test.interceptors.InvocationTimeoutInterceptor$intercept$3.invoke(InvocationTimeoutInterceptor.kt) ~[kotest-framework-engine-jvm-5.1.0.jar:na]
	at io.kotest.engine.test.interceptors.InvocationTimeoutInterceptor$intercept$3.invoke(InvocationTimeoutInterceptor.kt) ~[kotest-framework-engine-jvm-5.1.0.jar:na]
	at kotlinx.coroutines.intrinsics.UndispatchedKt.startUndispatchedOrReturnIgnoreTimeout(Undispatched.kt:100) ~[kotlinx-coroutines-core-jvm-1.6.0.jar:na]
	at kotlinx.coroutines.TimeoutKt.setupTimeout(Timeout.kt:146) ~[kotlinx-coroutines-core-jvm-1.6.0.jar:na]
	at kotlinx.coroutines.TimeoutKt.withTimeoutOrNull(Timeout.kt:103) ~[kotlinx-coroutines-core-jvm-1.6.0.jar:na]
	at kotlinx.coroutines.TimeoutKt.withTimeoutOrNull-KLykuaI(Timeout.kt:134) ~[kotlinx-coroutines-core-jvm-1.6.0.jar:na]
	at io.kotest.engine.test.interceptors.InvocationTimeoutInterceptor.intercept(InvocationTimeoutInterceptor.kt:42) ~[kotest-framework-engine-jvm-5.1.0.jar:na]
	at io.kotest.engine.test.TestCaseExecutor$execute$2$1.invokeSuspend(TestCaseExecutor.kt:78) ~[kotest-framework-engine-jvm-5.1.0.jar:na]
	at io.kotest.engine.test.TestCaseExecutor$execute$2$1.invoke(TestCaseExecutor.kt) ~[kotest-framework-engine-jvm-5.1.0.jar:na]
	at io.kotest.engine.test.TestCaseExecutor$execute$2$1.invoke(TestCaseExecutor.kt) ~[kotest-framework-engine-jvm-5.1.0.jar:na]
	at io.kotest.engine.test.TestInvocationInterceptor$intercept$2$3.invokeSuspend(TestInvocationInterceptor.kt:35) ~[kotest-framework-engine-jvm-5.1.0.jar:na]
	at io.kotest.engine.test.TestInvocationInterceptor$intercept$2$3.invoke(TestInvocationInterceptor.kt) ~[kotest-framework-engine-jvm-5.1.0.jar:na]
	at io.kotest.engine.test.TestInvocationInterceptor$intercept$2$3.invoke(TestInvocationInterceptor.kt) ~[kotest-framework-engine-jvm-5.1.0.jar:na]
	at io.kotest.mpp.ReplayKt.replay(replay.kt:18) ~[kotest-common-jvm-5.1.0.jar:na]
	at io.kotest.engine.test.TestInvocationInterceptor$intercept$2.invokeSuspend(TestInvocationInterceptor.kt:30) ~[kotest-framework-engine-jvm-5.1.0.jar:na]
	at io.kotest.engine.test.TestInvocationInterceptor$intercept$2.invoke(TestInvocationInterceptor.kt) ~[kotest-framework-engine-jvm-5.1.0.jar:na]
	at io.kotest.engine.test.TestInvocationInterceptor$intercept$2.invoke(TestInvocationInterceptor.kt) ~[kotest-framework-engine-jvm-5.1.0.jar:na]
	at kotlinx.coroutines.intrinsics.UndispatchedKt.startUndispatchedOrReturn(Undispatched.kt:89) ~[kotlinx-coroutines-core-jvm-1.6.0.jar:na]
	at kotlinx.coroutines.CoroutineScopeKt.coroutineScope(CoroutineScope.kt:264) ~[kotlinx-coroutines-core-jvm-1.6.0.jar:na]
	at io.kotest.engine.test.TestInvocationInterceptor.intercept(TestInvocationInterceptor.kt:29) ~[kotest-framework-engine-jvm-5.1.0.jar:na]
	at io.kotest.engine.test.TestCaseExecutor$execute$2$1.invokeSuspend(TestCaseExecutor.kt:78) ~[kotest-framework-engine-jvm-5.1.0.jar:na]
	at io.kotest.engine.test.TestCaseExecutor$execute$2$1.invoke(TestCaseExecutor.kt) ~[kotest-framework-engine-jvm-5.1.0.jar:na]
	at io.kotest.engine.test.TestCaseExecutor$execute$2$1.invoke(TestCaseExecutor.kt) ~[kotest-framework-engine-jvm-5.1.0.jar:na]
	at io.kotest.engine.test.interceptors.TimeoutInterceptor$intercept$3.invokeSuspend(TimeoutInterceptor.kt:34) ~[kotest-framework-engine-jvm-5.1.0.jar:na]
	at io.kotest.engine.test.interceptors.TimeoutInterceptor$intercept$3.invoke(TimeoutInterceptor.kt) ~[kotest-framework-engine-jvm-5.1.0.jar:na]
	at io.kotest.engine.test.interceptors.TimeoutInterceptor$intercept$3.invoke(TimeoutInterceptor.kt) ~[kotest-framework-engine-jvm-5.1.0.jar:na]
	at kotlinx.coroutines.intrinsics.UndispatchedKt.startUndispatchedOrReturnIgnoreTimeout(Undispatched.kt:100) ~[kotlinx-coroutines-core-jvm-1.6.0.jar:na]
	at kotlinx.coroutines.TimeoutKt.setupTimeout(Timeout.kt:146) ~[kotlinx-coroutines-core-jvm-1.6.0.jar:na]
	at kotlinx.coroutines.TimeoutKt.withTimeout(Timeout.kt:44) ~[kotlinx-coroutines-core-jvm-1.6.0.jar:na]
	at kotlinx.coroutines.TimeoutKt.withTimeout-KLykuaI(Timeout.kt:71) ~[kotlinx-coroutines-core-jvm-1.6.0.jar:na]
	at io.kotest.engine.test.interceptors.TimeoutInterceptor.intercept(TimeoutInterceptor.kt:33) ~[kotest-framework-engine-jvm-5.1.0.jar:na]
	at io.kotest.engine.test.TestCaseExecutor$execute$2$1.invokeSuspend(TestCaseExecutor.kt:78) ~[kotest-framework-engine-jvm-5.1.0.jar:na]
	at io.kotest.engine.test.TestCaseExecutor$execute$2$1.invoke(TestCaseExecutor.kt) ~[kotest-framework-engine-jvm-5.1.0.jar:na]
	at io.kotest.engine.test.TestCaseExecutor$execute$2$1.invoke(TestCaseExecutor.kt) ~[kotest-framework-engine-jvm-5.1.0.jar:na]
	at io.kotest.engine.test.interceptors.BlockedThreadTimeoutInterceptor.intercept(BlockedThreadTimeoutInterceptor.kt:74) ~[kotest-framework-engine-jvm-5.1.0.jar:na]
	at io.kotest.engine.test.TestCaseExecutor$execute$2$1.invokeSuspend(TestCaseExecutor.kt:78) ~[kotest-framework-engine-jvm-5.1.0.jar:na]
	at io.kotest.engine.test.TestCaseExecutor$execute$2$1.invoke(TestCaseExecutor.kt) ~[kotest-framework-engine-jvm-5.1.0.jar:na]
	at io.kotest.engine.test.TestCaseExecutor$execute$2$1.invoke(TestCaseExecutor.kt) ~[kotest-framework-engine-jvm-5.1.0.jar:na]
	at io.kotest.engine.test.interceptors.CoroutineLoggingInterceptor.intercept(CoroutineLoggingInterceptor.kt:30) ~[kotest-framework-engine-jvm-5.1.0.jar:na]
	at io.kotest.engine.test.TestCaseExecutor$execute$2$1.invokeSuspend(TestCaseExecutor.kt:78) ~[kotest-framework-engine-jvm-5.1.0.jar:na]
	at io.kotest.engine.test.TestCaseExecutor$execute$2$1.invoke(TestCaseExecutor.kt) ~[kotest-framework-engine-jvm-5.1.0.jar:na]
	at io.kotest.engine.test.TestCaseExecutor$execute$2$1.invoke(TestCaseExecutor.kt) ~[kotest-framework-engine-jvm-5.1.0.jar:na]
	at io.kotest.engine.test.interceptors.SoftAssertInterceptor.intercept(SoftAssertInterceptor.kt:27) ~[kotest-framework-engine-jvm-5.1.0.jar:na]
	at io.kotest.engine.test.TestCaseExecutor$execute$2$1.invokeSuspend(TestCaseExecutor.kt:78) ~[kotest-framework-engine-jvm-5.1.0.jar:na]
	at io.kotest.engine.test.TestCaseExecutor$execute$2$1.invoke(TestCaseExecutor.kt) ~[kotest-framework-engine-jvm-5.1.0.jar:na]
	at io.kotest.engine.test.TestCaseExecutor$execute$2$1.invoke(TestCaseExecutor.kt) ~[kotest-framework-engine-jvm-5.1.0.jar:na]
	at io.kotest.engine.test.interceptors.AssertionModeInterceptor.intercept(AssertionModeInterceptor.kt:25) ~[kotest-framework-engine-jvm-5.1.0.jar:na]
	at io.kotest.engine.test.TestCaseExecutor$execute$2$1.invokeSuspend(TestCaseExecutor.kt:78) ~[kotest-framework-engine-jvm-5.1.0.jar:na]
	at io.kotest.engine.test.TestCaseExecutor$execute$2$1.invoke(TestCaseExecutor.kt) ~[kotest-framework-engine-jvm-5.1.0.jar:na]
	at io.kotest.engine.test.TestCaseExecutor$execute$2$1.invoke(TestCaseExecutor.kt) ~[kotest-framework-engine-jvm-5.1.0.jar:na]
	at io.kotest.engine.test.interceptors.LifecycleInterceptor.intercept(LifecycleInterceptor.kt:50) ~[kotest-framework-engine-jvm-5.1.0.jar:na]
	at io.kotest.engine.test.TestCaseExecutor$execute$2$1.invokeSuspend(TestCaseExecutor.kt:78) ~[kotest-framework-engine-jvm-5.1.0.jar:na]
	at io.kotest.engine.test.TestCaseExecutor$execute$2$1.invoke(TestCaseExecutor.kt) ~[kotest-framework-engine-jvm-5.1.0.jar:na]
	at io.kotest.engine.test.TestCaseExecutor$execute$2$1.invoke(TestCaseExecutor.kt) ~[kotest-framework-engine-jvm-5.1.0.jar:na]
	at io.kotest.engine.test.interceptors.EnabledCheckInterceptor.intercept(EnabledCheckInterceptor.kt:31) ~[kotest-framework-engine-jvm-5.1.0.jar:na]
	at io.kotest.engine.test.TestCaseExecutor$execute$2$1.invokeSuspend(TestCaseExecutor.kt:78) ~[kotest-framework-engine-jvm-5.1.0.jar:na]
	at io.kotest.engine.test.TestCaseExecutor$execute$2$1.invoke(TestCaseExecutor.kt) ~[kotest-framework-engine-jvm-5.1.0.jar:na]
	at io.kotest.engine.test.TestCaseExecutor$execute$2$1.invoke(TestCaseExecutor.kt) ~[kotest-framework-engine-jvm-5.1.0.jar:na]
	at io.kotest.engine.test.interceptors.TestCaseExtensionInterceptor$intercept$2.invokeSuspend(TestCaseExtensionInterceptor.kt:24) ~[kotest-framework-engine-jvm-5.1.0.jar:na]
	at io.kotest.engine.test.interceptors.TestCaseExtensionInterceptor$intercept$2.invoke(TestCaseExtensionInterceptor.kt) ~[kotest-framework-engine-jvm-5.1.0.jar:na]
	at io.kotest.engine.test.interceptors.TestCaseExtensionInterceptor$intercept$2.invoke(TestCaseExtensionInterceptor.kt) ~[kotest-framework-engine-jvm-5.1.0.jar:na]
	at io.kotest.engine.test.TestExtensions$intercept$execute$1$1$1.invokeSuspend(TestExtensions.kt:149) ~[kotest-framework-engine-jvm-5.1.0.jar:na]
	at io.kotest.engine.test.TestExtensions$intercept$execute$1$1$1.invoke(TestExtensions.kt) ~[kotest-framework-engine-jvm-5.1.0.jar:na]
	at io.kotest.engine.test.TestExtensions$intercept$execute$1$1$1.invoke(TestExtensions.kt) ~[kotest-framework-engine-jvm-5.1.0.jar:na]
	at io.kotest.extensions.spring.SpringTestExtension.intercept(SpringTestExtension.kt:71) ~[kotest-extensions-spring-1.1.0.jar:na]
	at io.kotest.engine.test.TestExtensions$intercept$execute$1$1.invokeSuspend(TestExtensions.kt:146) ~[kotest-framework-engine-jvm-5.1.0.jar:na]
	at io.kotest.engine.test.TestExtensions$intercept$execute$1$1.invoke(TestExtensions.kt) ~[kotest-framework-engine-jvm-5.1.0.jar:na]
	at io.kotest.engine.test.TestExtensions$intercept$execute$1$1.invoke(TestExtensions.kt) ~[kotest-framework-engine-jvm-5.1.0.jar:na]
	at io.kotest.engine.test.TestExtensions.intercept(TestExtensions.kt:154) ~[kotest-framework-engine-jvm-5.1.0.jar:na]
	at io.kotest.engine.test.interceptors.TestCaseExtensionInterceptor.intercept(TestCaseExtensionInterceptor.kt:24) ~[kotest-framework-engine-jvm-5.1.0.jar:na]
	at io.kotest.engine.test.TestCaseExecutor$execute$2$1.invokeSuspend(TestCaseExecutor.kt:78) ~[kotest-framework-engine-jvm-5.1.0.jar:na]
	at io.kotest.engine.test.TestCaseExecutor$execute$2$1.invoke(TestCaseExecutor.kt) ~[kotest-framework-engine-jvm-5.1.0.jar:na]
	at io.kotest.engine.test.TestCaseExecutor$execute$2$1.invoke(TestCaseExecutor.kt) ~[kotest-framework-engine-jvm-5.1.0.jar:na]
	at io.kotest.engine.test.interceptors.CoroutineErrorCollectorInterceptor$intercept$3.invokeSuspend(CoroutineErrorCollectorInterceptor.kt:29) ~[kotest-framework-engine-jvm-5.1.0.jar:na]
	at io.kotest.engine.test.interceptors.CoroutineErrorCollectorInterceptor$intercept$3.invoke(CoroutineErrorCollectorInterceptor.kt) ~[kotest-framework-engine-jvm-5.1.0.jar:na]
	at io.kotest.engine.test.interceptors.CoroutineErrorCollectorInterceptor$intercept$3.invoke(CoroutineErrorCollectorInterceptor.kt) ~[kotest-framework-engine-jvm-5.1.0.jar:na]
	at kotlinx.coroutines.intrinsics.UndispatchedKt.startUndispatchedOrReturn(Undispatched.kt:89) ~[kotlinx-coroutines-core-jvm-1.6.0.jar:na]
	at kotlinx.coroutines.BuildersKt__Builders_commonKt.withContext(Builders.common.kt:165) ~[kotlinx-coroutines-core-jvm-1.6.0.jar:na]
	at kotlinx.coroutines.BuildersKt.withContext(Unknown Source) ~[kotlinx-coroutines-core-jvm-1.6.0.jar:na]
	at io.kotest.engine.test.interceptors.CoroutineErrorCollectorInterceptor.intercept(CoroutineErrorCollectorInterceptor.kt:28) ~[kotest-framework-engine-jvm-5.1.0.jar:na]
	at io.kotest.engine.test.TestCaseExecutor$execute$2$1.invokeSuspend(TestCaseExecutor.kt:78) ~[kotest-framework-engine-jvm-5.1.0.jar:na]
	at io.kotest.engine.test.TestCaseExecutor$execute$2$1.invoke(TestCaseExecutor.kt) ~[kotest-framework-engine-jvm-5.1.0.jar:na]
	at io.kotest.engine.test.TestCaseExecutor$execute$2$1.invoke(TestCaseExecutor.kt) ~[kotest-framework-engine-jvm-5.1.0.jar:na]
	at io.kotest.engine.test.interceptors.CoroutineDispatcherFactoryInterceptor$intercept$4.invokeSuspend(coroutineDispatcherFactoryInterceptor.kt:57) ~[kotest-framework-engine-jvm-5.1.0.jar:na]
	at io.kotest.engine.test.interceptors.CoroutineDispatcherFactoryInterceptor$intercept$4.invoke(coroutineDispatcherFactoryInterceptor.kt) ~[kotest-framework-engine-jvm-5.1.0.jar:na]
	at io.kotest.engine.test.interceptors.CoroutineDispatcherFactoryInterceptor$intercept$4.invoke(coroutineDispatcherFactoryInterceptor.kt) ~[kotest-framework-engine-jvm-5.1.0.jar:na]
	at io.kotest.engine.concurrency.FixedThreadCoroutineDispatcherFactory$withDispatcher$4.invokeSuspend(FixedThreadCoroutineDispatcherFactory.kt:53) ~[kotest-framework-engine-jvm-5.1.0.jar:na]
	at io.kotest.engine.concurrency.FixedThreadCoroutineDispatcherFactory$withDispatcher$4.invoke(FixedThreadCoroutineDispatcherFactory.kt) ~[kotest-framework-engine-jvm-5.1.0.jar:na]
	at io.kotest.engine.concurrency.FixedThreadCoroutineDispatcherFactory$withDispatcher$4.invoke(FixedThreadCoroutineDispatcherFactory.kt) ~[kotest-framework-engine-jvm-5.1.0.jar:na]
	at kotlinx.coroutines.intrinsics.UndispatchedKt.startUndispatchedOrReturn(Undispatched.kt:89) ~[kotlinx-coroutines-core-jvm-1.6.0.jar:na]
	at kotlinx.coroutines.BuildersKt__Builders_commonKt.withContext(Builders.common.kt:165) ~[kotlinx-coroutines-core-jvm-1.6.0.jar:na]
	at kotlinx.coroutines.BuildersKt.withContext(Unknown Source) ~[kotlinx-coroutines-core-jvm-1.6.0.jar:na]
	at io.kotest.engine.concurrency.FixedThreadCoroutineDispatcherFactory.withDispatcher(FixedThreadCoroutineDispatcherFactory.kt:52) ~[kotest-framework-engine-jvm-5.1.0.jar:na]
	at io.kotest.engine.test.interceptors.CoroutineDispatcherFactoryInterceptor.intercept(coroutineDispatcherFactoryInterceptor.kt:56) ~[kotest-framework-engine-jvm-5.1.0.jar:na]
	at io.kotest.engine.test.TestCaseExecutor$execute$2$1.invokeSuspend(TestCaseExecutor.kt:78) ~[kotest-framework-engine-jvm-5.1.0.jar:na]
	at io.kotest.engine.test.TestCaseExecutor$execute$2$1.invoke(TestCaseExecutor.kt) ~[kotest-framework-engine-jvm-5.1.0.jar:na]
	at io.kotest.engine.test.TestCaseExecutor$execute$2$1.invoke(TestCaseExecutor.kt) ~[kotest-framework-engine-jvm-5.1.0.jar:na]
	at io.kotest.engine.test.interceptors.SupervisorScopeInterceptor$intercept$2.invokeSuspend(SupervisorScopeInterceptor.kt:23) ~[kotest-framework-engine-jvm-5.1.0.jar:na]
	at io.kotest.engine.test.interceptors.SupervisorScopeInterceptor$intercept$2.invoke(SupervisorScopeInterceptor.kt) ~[kotest-framework-engine-jvm-5.1.0.jar:na]
	at io.kotest.engine.test.interceptors.SupervisorScopeInterceptor$intercept$2.invoke(SupervisorScopeInterceptor.kt) ~[kotest-framework-engine-jvm-5.1.0.jar:na]
	at kotlinx.coroutines.intrinsics.UndispatchedKt.startUndispatchedOrReturn(Undispatched.kt:89) ~[kotlinx-coroutines-core-jvm-1.6.0.jar:na]
	at kotlinx.coroutines.SupervisorKt.supervisorScope(Supervisor.kt:61) ~[kotlinx-coroutines-core-jvm-1.6.0.jar:na]
	at io.kotest.engine.test.interceptors.SupervisorScopeInterceptor.intercept(SupervisorScopeInterceptor.kt:22) ~[kotest-framework-engine-jvm-5.1.0.jar:na]
	at io.kotest.engine.test.TestCaseExecutor$execute$2$1.invokeSuspend(TestCaseExecutor.kt:78) ~[kotest-framework-engine-jvm-5.1.0.jar:na]
	at io.kotest.engine.test.TestCaseExecutor$execute$2$1.invoke(TestCaseExecutor.kt) ~[kotest-framework-engine-jvm-5.1.0.jar:na]
	at io.kotest.engine.test.TestCaseExecutor$execute$2$1.invoke(TestCaseExecutor.kt) ~[kotest-framework-engine-jvm-5.1.0.jar:na]
	at io.kotest.engine.test.interceptors.InvocationCountCheckInterceptor.intercept(InvocationCountCheckInterceptor.kt:29) ~[kotest-framework-engine-jvm-5.1.0.jar:na]
	at io.kotest.engine.test.TestCaseExecutor$execute$2$1.invokeSuspend(TestCaseExecutor.kt:78) ~[kotest-framework-engine-jvm-5.1.0.jar:na]
	at io.kotest.engine.test.TestCaseExecutor$execute$2$1.invoke(TestCaseExecutor.kt) ~[kotest-framework-engine-jvm-5.1.0.jar:na]
	at io.kotest.engine.test.TestCaseExecutor$execute$2$1.invoke(TestCaseExecutor.kt) ~[kotest-framework-engine-jvm-5.1.0.jar:na]
	at io.kotest.engine.test.interceptors.TestFinishedInterceptor.intercept(TestFinishedInterceptor.kt:21) ~[kotest-framework-engine-jvm-5.1.0.jar:na]
	at io.kotest.engine.test.TestCaseExecutor$execute$2$1.invokeSuspend(TestCaseExecutor.kt:78) ~[kotest-framework-engine-jvm-5.1.0.jar:na]
	at io.kotest.engine.test.TestCaseExecutor$execute$2$1.invoke(TestCaseExecutor.kt) ~[kotest-framework-engine-jvm-5.1.0.jar:na]
	at io.kotest.engine.test.TestCaseExecutor$execute$2$1.invoke(TestCaseExecutor.kt) ~[kotest-framework-engine-jvm-5.1.0.jar:na]
	at io.kotest.engine.test.TestCaseExecutor.execute(TestCaseExecutor.kt:79) ~[kotest-framework-engine-jvm-5.1.0.jar:na]
	at io.kotest.engine.spec.runners.SingleInstanceSpecRunner.runTest(SingleInstanceSpecRunner.kt:112) ~[kotest-framework-engine-jvm-5.1.0.jar:na]
	at io.kotest.engine.spec.runners.SingleInstanceSpecRunner.access$runTest(SingleInstanceSpecRunner.kt:31) ~[kotest-framework-engine-jvm-5.1.0.jar:na]
	at io.kotest.engine.spec.runners.SingleInstanceSpecRunner$Context.registerTestCase(SingleInstanceSpecRunner.kt:85) ~[kotest-framework-engine-jvm-5.1.0.jar:na]
	at io.kotest.engine.test.scopes.DuplicateNameHandlingTestScope.registerTestCase(DuplicateNameHandlingTestScope.kt:21) ~[kotest-framework-engine-jvm-5.1.0.jar:na]
	at io.kotest.engine.test.scopes.TestScopeWithCoroutineContext.registerTestCase(scopes.kt) ~[kotest-framework-engine-jvm-5.1.0.jar:na]
	at io.kotest.core.spec.style.scopes.AbstractContainerScope.registerTestCase$suspendImpl(ContainerScope.kt:209) ~[kotest-framework-api-jvm-5.1.0.jar:na]
	at io.kotest.core.spec.style.scopes.AbstractContainerScope.registerTestCase(ContainerScope.kt) ~[kotest-framework-api-jvm-5.1.0.jar:na]
	at io.kotest.core.spec.style.scopes.FeatureSpecContainerScope.registerTestCase(FeatureSpecContainerScope.kt:30) ~[kotest-framework-api-jvm-5.1.0.jar:na]
	at io.kotest.core.spec.style.scopes.ContainerScope$DefaultImpls.registerTest(ContainerScope.kt:76) ~[kotest-framework-api-jvm-5.1.0.jar:na]
	at io.kotest.core.spec.style.scopes.AbstractContainerScope.registerTest(ContainerScope.kt:205) ~[kotest-framework-api-jvm-5.1.0.jar:na]
	at io.kotest.core.spec.style.scopes.FeatureSpecContainerScope.scenario(FeatureSpecContainerScope.kt:49) ~[kotest-framework-api-jvm-5.1.0.jar:na]
	at ru.tinkoff.homework.lesson6.lesson6.service.BookServiceTest$1.invokeSuspend(BookServiceTest.kt:87) ~[test/:na]
	at ru.tinkoff.homework.lesson6.lesson6.service.BookServiceTest$1.invoke(BookServiceTest.kt) ~[test/:na]
	at ru.tinkoff.homework.lesson6.lesson6.service.BookServiceTest$1.invoke(BookServiceTest.kt) ~[test/:na]
	at io.kotest.core.spec.style.scopes.FeatureSpecRootScope$addFeature$1.invokeSuspend(FeatureSpecRootScope.kt:35) ~[kotest-framework-api-jvm-5.1.0.jar:na]
	at io.kotest.core.spec.style.scopes.FeatureSpecRootScope$addFeature$1.invoke(FeatureSpecRootScope.kt) ~[kotest-framework-api-jvm-5.1.0.jar:na]
	at io.kotest.core.spec.style.scopes.FeatureSpecRootScope$addFeature$1.invoke(FeatureSpecRootScope.kt) ~[kotest-framework-api-jvm-5.1.0.jar:na]
	at io.kotest.core.spec.style.scopes.RootScopeKt$addTest$1.invokeSuspend(RootScope.kt:36) ~[kotest-framework-api-jvm-5.1.0.jar:na]
	at io.kotest.core.spec.style.scopes.RootScopeKt$addTest$1.invoke(RootScope.kt) ~[kotest-framework-api-jvm-5.1.0.jar:na]
	at io.kotest.core.spec.style.scopes.RootScopeKt$addTest$1.invoke(RootScope.kt) ~[kotest-framework-api-jvm-5.1.0.jar:na]
	at io.kotest.engine.test.TestCaseExecutor$execute$innerExecute$1.invokeSuspend(TestCaseExecutor.kt:73) ~[kotest-framework-engine-jvm-5.1.0.jar:na]
	at io.kotest.engine.test.TestCaseExecutor$execute$innerExecute$1.invoke(TestCaseExecutor.kt) ~[kotest-framework-engine-jvm-5.1.0.jar:na]
	at io.kotest.engine.test.TestCaseExecutor$execute$innerExecute$1.invoke(TestCaseExecutor.kt) ~[kotest-framework-engine-jvm-5.1.0.jar:na]
	at io.kotest.engine.test.interceptors.CoroutineDebugProbeInterceptor.intercept(CoroutineDebugProbeInterceptor.kt:29) ~[kotest-framework-engine-jvm-5.1.0.jar:na]
	at io.kotest.engine.test.TestCaseExecutor$execute$2$1.invokeSuspend(TestCaseExecutor.kt:78) ~[kotest-framework-engine-jvm-5.1.0.jar:na]
	at io.kotest.engine.test.TestCaseExecutor$execute$2$1.invoke(TestCaseExecutor.kt) ~[kotest-framework-engine-jvm-5.1.0.jar:na]
	at io.kotest.engine.test.TestCaseExecutor$execute$2$1.invoke(TestCaseExecutor.kt) ~[kotest-framework-engine-jvm-5.1.0.jar:na]
	at io.kotest.engine.test.interceptors.InvocationTimeoutInterceptor.intercept(InvocationTimeoutInterceptor.kt:28) ~[kotest-framework-engine-jvm-5.1.0.jar:na]
	at io.kotest.engine.test.TestCaseExecutor$execute$2$1.invokeSuspend(TestCaseExecutor.kt:78) ~[kotest-framework-engine-jvm-5.1.0.jar:na]
	at io.kotest.engine.test.TestCaseExecutor$execute$2$1.invoke(TestCaseExecutor.kt) ~[kotest-framework-engine-jvm-5.1.0.jar:na]
	at io.kotest.engine.test.TestCaseExecutor$execute$2$1.invoke(TestCaseExecutor.kt) ~[kotest-framework-engine-jvm-5.1.0.jar:na]
	at io.kotest.engine.test.TestInvocationInterceptor$intercept$2$3.invokeSuspend(TestInvocationInterceptor.kt:35) ~[kotest-framework-engine-jvm-5.1.0.jar:na]
	at io.kotest.engine.test.TestInvocationInterceptor$intercept$2$3.invoke(TestInvocationInterceptor.kt) ~[kotest-framework-engine-jvm-5.1.0.jar:na]
	at io.kotest.engine.test.TestInvocationInterceptor$intercept$2$3.invoke(TestInvocationInterceptor.kt) ~[kotest-framework-engine-jvm-5.1.0.jar:na]
	at io.kotest.mpp.ReplayKt.replay(replay.kt:18) ~[kotest-common-jvm-5.1.0.jar:na]
	at io.kotest.engine.test.TestInvocationInterceptor$intercept$2.invokeSuspend(TestInvocationInterceptor.kt:30) ~[kotest-framework-engine-jvm-5.1.0.jar:na]
	at io.kotest.engine.test.TestInvocationInterceptor$intercept$2.invoke(TestInvocationInterceptor.kt) ~[kotest-framework-engine-jvm-5.1.0.jar:na]
	at io.kotest.engine.test.TestInvocationInterceptor$intercept$2.invoke(TestInvocationInterceptor.kt) ~[kotest-framework-engine-jvm-5.1.0.jar:na]
	at kotlinx.coroutines.intrinsics.UndispatchedKt.startUndispatchedOrReturn(Undispatched.kt:89) ~[kotlinx-coroutines-core-jvm-1.6.0.jar:na]
	at kotlinx.coroutines.CoroutineScopeKt.coroutineScope(CoroutineScope.kt:264) ~[kotlinx-coroutines-core-jvm-1.6.0.jar:na]
	at io.kotest.engine.test.TestInvocationInterceptor.intercept(TestInvocationInterceptor.kt:29) ~[kotest-framework-engine-jvm-5.1.0.jar:na]
	at io.kotest.engine.test.TestCaseExecutor$execute$2$1.invokeSuspend(TestCaseExecutor.kt:78) ~[kotest-framework-engine-jvm-5.1.0.jar:na]
	at io.kotest.engine.test.TestCaseExecutor$execute$2$1.invoke(TestCaseExecutor.kt) ~[kotest-framework-engine-jvm-5.1.0.jar:na]
	at io.kotest.engine.test.TestCaseExecutor$execute$2$1.invoke(TestCaseExecutor.kt) ~[kotest-framework-engine-jvm-5.1.0.jar:na]
	at io.kotest.engine.test.interceptors.TimeoutInterceptor$intercept$3.invokeSuspend(TimeoutInterceptor.kt:34) ~[kotest-framework-engine-jvm-5.1.0.jar:na]
	at io.kotest.engine.test.interceptors.TimeoutInterceptor$intercept$3.invoke(TimeoutInterceptor.kt) ~[kotest-framework-engine-jvm-5.1.0.jar:na]
	at io.kotest.engine.test.interceptors.TimeoutInterceptor$intercept$3.invoke(TimeoutInterceptor.kt) ~[kotest-framework-engine-jvm-5.1.0.jar:na]
	at kotlinx.coroutines.intrinsics.UndispatchedKt.startUndispatchedOrReturnIgnoreTimeout(Undispatched.kt:100) ~[kotlinx-coroutines-core-jvm-1.6.0.jar:na]
	at kotlinx.coroutines.TimeoutKt.setupTimeout(Timeout.kt:146) ~[kotlinx-coroutines-core-jvm-1.6.0.jar:na]
	at kotlinx.coroutines.TimeoutKt.withTimeout(Timeout.kt:44) ~[kotlinx-coroutines-core-jvm-1.6.0.jar:na]
	at kotlinx.coroutines.TimeoutKt.withTimeout-KLykuaI(Timeout.kt:71) ~[kotlinx-coroutines-core-jvm-1.6.0.jar:na]
	at io.kotest.engine.test.interceptors.TimeoutInterceptor.intercept(TimeoutInterceptor.kt:33) ~[kotest-framework-engine-jvm-5.1.0.jar:na]
	at io.kotest.engine.test.TestCaseExecutor$execute$2$1.invokeSuspend(TestCaseExecutor.kt:78) ~[kotest-framework-engine-jvm-5.1.0.jar:na]
	at io.kotest.engine.test.TestCaseExecutor$execute$2$1.invoke(TestCaseExecutor.kt) ~[kotest-framework-engine-jvm-5.1.0.jar:na]
	at io.kotest.engine.test.TestCaseExecutor$execute$2$1.invoke(TestCaseExecutor.kt) ~[kotest-framework-engine-jvm-5.1.0.jar:na]
	at io.kotest.engine.test.interceptors.BlockedThreadTimeoutInterceptor.intercept(BlockedThreadTimeoutInterceptor.kt:74) ~[kotest-framework-engine-jvm-5.1.0.jar:na]
	at io.kotest.engine.test.TestCaseExecutor$execute$2$1.invokeSuspend(TestCaseExecutor.kt:78) ~[kotest-framework-engine-jvm-5.1.0.jar:na]
	at io.kotest.engine.test.TestCaseExecutor$execute$2$1.invoke(TestCaseExecutor.kt) ~[kotest-framework-engine-jvm-5.1.0.jar:na]
	at io.kotest.engine.test.TestCaseExecutor$execute$2$1.invoke(TestCaseExecutor.kt) ~[kotest-framework-engine-jvm-5.1.0.jar:na]
	at io.kotest.engine.test.interceptors.CoroutineLoggingInterceptor.intercept(CoroutineLoggingInterceptor.kt:30) ~[kotest-framework-engine-jvm-5.1.0.jar:na]
	at io.kotest.engine.test.TestCaseExecutor$execute$2$1.invokeSuspend(TestCaseExecutor.kt:78) ~[kotest-framework-engine-jvm-5.1.0.jar:na]
	at io.kotest.engine.test.TestCaseExecutor$execute$2$1.invoke(TestCaseExecutor.kt) ~[kotest-framework-engine-jvm-5.1.0.jar:na]
	at io.kotest.engine.test.TestCaseExecutor$execute$2$1.invoke(TestCaseExecutor.kt) ~[kotest-framework-engine-jvm-5.1.0.jar:na]
	at io.kotest.engine.test.interceptors.SoftAssertInterceptor.intercept(SoftAssertInterceptor.kt:26) ~[kotest-framework-engine-jvm-5.1.0.jar:na]
	at io.kotest.engine.test.TestCaseExecutor$execute$2$1.invokeSuspend(TestCaseExecutor.kt:78) ~[kotest-framework-engine-jvm-5.1.0.jar:na]
	at io.kotest.engine.test.TestCaseExecutor$execute$2$1.invoke(TestCaseExecutor.kt) ~[kotest-framework-engine-jvm-5.1.0.jar:na]
	at io.kotest.engine.test.TestCaseExecutor$execute$2$1.invoke(TestCaseExecutor.kt) ~[kotest-framework-engine-jvm-5.1.0.jar:na]
	at io.kotest.engine.test.interceptors.AssertionModeInterceptor.intercept(AssertionModeInterceptor.kt:24) ~[kotest-framework-engine-jvm-5.1.0.jar:na]
	at io.kotest.engine.test.TestCaseExecutor$execute$2$1.invokeSuspend(TestCaseExecutor.kt:78) ~[kotest-framework-engine-jvm-5.1.0.jar:na]
	at io.kotest.engine.test.TestCaseExecutor$execute$2$1.invoke(TestCaseExecutor.kt) ~[kotest-framework-engine-jvm-5.1.0.jar:na]
	at io.kotest.engine.test.TestCaseExecutor$execute$2$1.invoke(TestCaseExecutor.kt) ~[kotest-framework-engine-jvm-5.1.0.jar:na]
	at io.kotest.engine.test.interceptors.LifecycleInterceptor.intercept(LifecycleInterceptor.kt:50) ~[kotest-framework-engine-jvm-5.1.0.jar:na]
	at io.kotest.engine.test.TestCaseExecutor$execute$2$1.invokeSuspend(TestCaseExecutor.kt:78) ~[kotest-framework-engine-jvm-5.1.0.jar:na]
	at io.kotest.engine.test.TestCaseExecutor$execute$2$1.invoke(TestCaseExecutor.kt) ~[kotest-framework-engine-jvm-5.1.0.jar:na]
	at io.kotest.engine.test.TestCaseExecutor$execute$2$1.invoke(TestCaseExecutor.kt) ~[kotest-framework-engine-jvm-5.1.0.jar:na]
	at io.kotest.engine.test.interceptors.EnabledCheckInterceptor.intercept(EnabledCheckInterceptor.kt:31) ~[kotest-framework-engine-jvm-5.1.0.jar:na]
	at io.kotest.engine.test.TestCaseExecutor$execute$2$1.invokeSuspend(TestCaseExecutor.kt:78) ~[kotest-framework-engine-jvm-5.1.0.jar:na]
	at io.kotest.engine.test.TestCaseExecutor$execute$2$1.invoke(TestCaseExecutor.kt) ~[kotest-framework-engine-jvm-5.1.0.jar:na]
	at io.kotest.engine.test.TestCaseExecutor$execute$2$1.invoke(TestCaseExecutor.kt) ~[kotest-framework-engine-jvm-5.1.0.jar:na]
	at io.kotest.engine.test.interceptors.TestCaseExtensionInterceptor$intercept$2.invokeSuspend(TestCaseExtensionInterceptor.kt:24) ~[kotest-framework-engine-jvm-5.1.0.jar:na]
	at io.kotest.engine.test.interceptors.TestCaseExtensionInterceptor$intercept$2.invoke(TestCaseExtensionInterceptor.kt) ~[kotest-framework-engine-jvm-5.1.0.jar:na]
	at io.kotest.engine.test.interceptors.TestCaseExtensionInterceptor$intercept$2.invoke(TestCaseExtensionInterceptor.kt) ~[kotest-framework-engine-jvm-5.1.0.jar:na]
	at io.kotest.engine.test.TestExtensions$intercept$execute$1$1$1.invokeSuspend(TestExtensions.kt:149) ~[kotest-framework-engine-jvm-5.1.0.jar:na]
	at io.kotest.engine.test.TestExtensions$intercept$execute$1$1$1.invoke(TestExtensions.kt) ~[kotest-framework-engine-jvm-5.1.0.jar:na]
	at io.kotest.engine.test.TestExtensions$intercept$execute$1$1$1.invoke(TestExtensions.kt) ~[kotest-framework-engine-jvm-5.1.0.jar:na]
	at io.kotest.extensions.spring.SpringTestExtension.intercept(SpringTestExtension.kt:71) ~[kotest-extensions-spring-1.1.0.jar:na]
	at io.kotest.engine.test.TestExtensions$intercept$execute$1$1.invokeSuspend(TestExtensions.kt:146) ~[kotest-framework-engine-jvm-5.1.0.jar:na]
	at io.kotest.engine.test.TestExtensions$intercept$execute$1$1.invoke(TestExtensions.kt) ~[kotest-framework-engine-jvm-5.1.0.jar:na]
	at io.kotest.engine.test.TestExtensions$intercept$execute$1$1.invoke(TestExtensions.kt) ~[kotest-framework-engine-jvm-5.1.0.jar:na]
	at io.kotest.engine.test.TestExtensions.intercept(TestExtensions.kt:154) ~[kotest-framework-engine-jvm-5.1.0.jar:na]
	at io.kotest.engine.test.interceptors.TestCaseExtensionInterceptor.intercept(TestCaseExtensionInterceptor.kt:24) ~[kotest-framework-engine-jvm-5.1.0.jar:na]
	at io.kotest.engine.test.TestCaseExecutor$execute$2$1.invokeSuspend(TestCaseExecutor.kt:78) ~[kotest-framework-engine-jvm-5.1.0.jar:na]
	at io.kotest.engine.test.TestCaseExecutor$execute$2$1.invoke(TestCaseExecutor.kt) ~[kotest-framework-engine-jvm-5.1.0.jar:na]
	at io.kotest.engine.test.TestCaseExecutor$execute$2$1.invoke(TestCaseExecutor.kt) ~[kotest-framework-engine-jvm-5.1.0.jar:na]
	at io.kotest.engine.test.interceptors.CoroutineErrorCollectorInterceptor$intercept$3.invokeSuspend(CoroutineErrorCollectorInterceptor.kt:29) ~[kotest-framework-engine-jvm-5.1.0.jar:na]
	at io.kotest.engine.test.interceptors.CoroutineErrorCollectorInterceptor$intercept$3.invoke(CoroutineErrorCollectorInterceptor.kt) ~[kotest-framework-engine-jvm-5.1.0.jar:na]
	at io.kotest.engine.test.interceptors.CoroutineErrorCollectorInterceptor$intercept$3.invoke(CoroutineErrorCollectorInterceptor.kt) ~[kotest-framework-engine-jvm-5.1.0.jar:na]
	at kotlinx.coroutines.intrinsics.UndispatchedKt.startUndispatchedOrReturn(Undispatched.kt:89) ~[kotlinx-coroutines-core-jvm-1.6.0.jar:na]
	at kotlinx.coroutines.BuildersKt__Builders_commonKt.withContext(Builders.common.kt:165) ~[kotlinx-coroutines-core-jvm-1.6.0.jar:na]
	at kotlinx.coroutines.BuildersKt.withContext(Unknown Source) ~[kotlinx-coroutines-core-jvm-1.6.0.jar:na]
	at io.kotest.engine.test.interceptors.CoroutineErrorCollectorInterceptor.intercept(CoroutineErrorCollectorInterceptor.kt:28) ~[kotest-framework-engine-jvm-5.1.0.jar:na]
	at io.kotest.engine.test.TestCaseExecutor$execute$2$1.invokeSuspend(TestCaseExecutor.kt:78) ~[kotest-framework-engine-jvm-5.1.0.jar:na]
	at io.kotest.engine.test.TestCaseExecutor$execute$2$1.invoke(TestCaseExecutor.kt) ~[kotest-framework-engine-jvm-5.1.0.jar:na]
	at io.kotest.engine.test.TestCaseExecutor$execute$2$1.invoke(TestCaseExecutor.kt) ~[kotest-framework-engine-jvm-5.1.0.jar:na]
	at io.kotest.engine.test.interceptors.CoroutineDispatcherFactoryInterceptor$intercept$4.invokeSuspend(coroutineDispatcherFactoryInterceptor.kt:57) ~[kotest-framework-engine-jvm-5.1.0.jar:na]
	at io.kotest.engine.test.interceptors.CoroutineDispatcherFactoryInterceptor$intercept$4.invoke(coroutineDispatcherFactoryInterceptor.kt) ~[kotest-framework-engine-jvm-5.1.0.jar:na]
	at io.kotest.engine.test.interceptors.CoroutineDispatcherFactoryInterceptor$intercept$4.invoke(coroutineDispatcherFactoryInterceptor.kt) ~[kotest-framework-engine-jvm-5.1.0.jar:na]
	at io.kotest.engine.concurrency.FixedThreadCoroutineDispatcherFactory$withDispatcher$4.invokeSuspend(FixedThreadCoroutineDispatcherFactory.kt:53) ~[kotest-framework-engine-jvm-5.1.0.jar:na]
	at kotlin.coroutines.jvm.internal.BaseContinuationImpl.resumeWith(ContinuationImpl.kt:33) ~[kotlin-stdlib-1.6.10.jar:1.6.10-release-923(1.6.10)]
	at kotlinx.coroutines.DispatchedTask.run(DispatchedTask.kt:106) ~[kotlinx-coroutines-core-jvm-1.6.0.jar:na]
	at java.base/java.util.concurrent.ThreadPoolExecutor.runWorker(ThreadPoolExecutor.java:1136) ~[na:na]
	at java.base/java.util.concurrent.ThreadPoolExecutor$Worker.run(ThreadPoolExecutor.java:635) ~[na:na]
	at java.base/java.lang.Thread.run(Thread.java:833) ~[na:na]

2022-04-20 20:47:50.568  WARN 18406 --- [-1 @coroutine#4] r.t.h.l.l.c.ExceptionHandlingController  : Page must be a positive number

java.lang.IllegalArgumentException: Page must be a positive number
	at ru.tinkoff.homework.lesson6.lesson6.service.BookService.findBookByTitle(BookService.kt:48) ~[main/:na]
	at ru.tinkoff.homework.lesson6.lesson6.controller.BookController.findBookByTitle(BookController.kt:31) ~[main/:na]
	at java.base/jdk.internal.reflect.NativeMethodAccessorImpl.invoke0(Native Method) ~[na:na]
	at java.base/jdk.internal.reflect.NativeMethodAccessorImpl.invoke(NativeMethodAccessorImpl.java:77) ~[na:na]
	at java.base/jdk.internal.reflect.DelegatingMethodAccessorImpl.invoke(DelegatingMethodAccessorImpl.java:43) ~[na:na]
	at java.base/java.lang.reflect.Method.invoke(Method.java:568) ~[na:na]
	at org.springframework.web.method.support.InvocableHandlerMethod.doInvoke(InvocableHandlerMethod.java:205) ~[spring-web-5.3.18.jar:5.3.18]
	at org.springframework.web.method.support.InvocableHandlerMethod.invokeForRequest(InvocableHandlerMethod.java:150) ~[spring-web-5.3.18.jar:5.3.18]
	at org.springframework.web.servlet.mvc.method.annotation.ServletInvocableHandlerMethod.invokeAndHandle(ServletInvocableHandlerMethod.java:117) ~[spring-webmvc-5.3.18.jar:5.3.18]
	at org.springframework.web.servlet.mvc.method.annotation.RequestMappingHandlerAdapter.invokeHandlerMethod(RequestMappingHandlerAdapter.java:895) ~[spring-webmvc-5.3.18.jar:5.3.18]
	at org.springframework.web.servlet.mvc.method.annotation.RequestMappingHandlerAdapter.handleInternal(RequestMappingHandlerAdapter.java:808) ~[spring-webmvc-5.3.18.jar:5.3.18]
	at org.springframework.web.servlet.mvc.method.AbstractHandlerMethodAdapter.handle(AbstractHandlerMethodAdapter.java:87) ~[spring-webmvc-5.3.18.jar:5.3.18]
	at org.springframework.web.servlet.DispatcherServlet.doDispatch(DispatcherServlet.java:1067) ~[spring-webmvc-5.3.18.jar:5.3.18]
	at org.springframework.web.servlet.DispatcherServlet.doService(DispatcherServlet.java:963) ~[spring-webmvc-5.3.18.jar:5.3.18]
	at org.springframework.web.servlet.FrameworkServlet.processRequest(FrameworkServlet.java:1006) ~[spring-webmvc-5.3.18.jar:5.3.18]
	at org.springframework.web.servlet.FrameworkServlet.doGet(FrameworkServlet.java:898) ~[spring-webmvc-5.3.18.jar:5.3.18]
	at javax.servlet.http.HttpServlet.service(HttpServlet.java:655) ~[tomcat-embed-core-9.0.60.jar:4.0.FR]
	at org.springframework.web.servlet.FrameworkServlet.service(FrameworkServlet.java:883) ~[spring-webmvc-5.3.18.jar:5.3.18]
	at org.springframework.test.web.servlet.TestDispatcherServlet.service(TestDispatcherServlet.java:72) ~[spring-test-5.3.18.jar:5.3.18]
	at javax.servlet.http.HttpServlet.service(HttpServlet.java:764) ~[tomcat-embed-core-9.0.60.jar:4.0.FR]
	at org.springframework.mock.web.MockFilterChain$ServletFilterProxy.doFilter(MockFilterChain.java:167) ~[spring-test-5.3.18.jar:5.3.18]
	at org.springframework.mock.web.MockFilterChain.doFilter(MockFilterChain.java:134) ~[spring-test-5.3.18.jar:5.3.18]
	at org.springframework.web.filter.CharacterEncodingFilter.doFilterInternal(CharacterEncodingFilter.java:201) ~[spring-web-5.3.18.jar:5.3.18]
	at org.springframework.web.filter.OncePerRequestFilter.doFilter(OncePerRequestFilter.java:117) ~[spring-web-5.3.18.jar:5.3.18]
	at org.springframework.mock.web.MockFilterChain.doFilter(MockFilterChain.java:134) ~[spring-test-5.3.18.jar:5.3.18]
	at org.springframework.test.web.servlet.MockMvc.perform(MockMvc.java:199) ~[spring-test-5.3.18.jar:5.3.18]
	at org.springframework.test.web.servlet.MockHttpServletRequestDsl.perform$spring_test(MockHttpServletRequestDsl.kt:207) ~[spring-test-5.3.18.jar:5.3.18]
	at org.springframework.test.web.servlet.MockMvcExtensionsKt.get(MockMvcExtensions.kt:32) ~[spring-test-5.3.18.jar:5.3.18]
	at org.springframework.test.web.servlet.MockMvcExtensionsKt.get$default(MockMvcExtensions.kt:30) ~[spring-test-5.3.18.jar:5.3.18]
	at ru.tinkoff.homework.lesson6.lesson6.service.BookServiceTest.getStatusCodeFindBookByTitle(BookServiceTest.kt:149) ~[test/:na]
	at ru.tinkoff.homework.lesson6.lesson6.service.BookServiceTest.access$getStatusCodeFindBookByTitle(BookServiceTest.kt:38) ~[test/:na]
	at ru.tinkoff.homework.lesson6.lesson6.service.BookServiceTest$2$3.invokeSuspend(BookServiceTest.kt:106) ~[test/:na]
	at ru.tinkoff.homework.lesson6.lesson6.service.BookServiceTest$2$3.invoke(BookServiceTest.kt) ~[test/:na]
	at ru.tinkoff.homework.lesson6.lesson6.service.BookServiceTest$2$3.invoke(BookServiceTest.kt) ~[test/:na]
	at io.kotest.engine.test.TestCaseExecutor$execute$innerExecute$1.invokeSuspend(TestCaseExecutor.kt:73) ~[kotest-framework-engine-jvm-5.1.0.jar:na]
	at io.kotest.engine.test.TestCaseExecutor$execute$innerExecute$1.invoke(TestCaseExecutor.kt) ~[kotest-framework-engine-jvm-5.1.0.jar:na]
	at io.kotest.engine.test.TestCaseExecutor$execute$innerExecute$1.invoke(TestCaseExecutor.kt) ~[kotest-framework-engine-jvm-5.1.0.jar:na]
	at io.kotest.engine.test.interceptors.CoroutineDebugProbeInterceptor.intercept(CoroutineDebugProbeInterceptor.kt:29) ~[kotest-framework-engine-jvm-5.1.0.jar:na]
	at io.kotest.engine.test.TestCaseExecutor$execute$2$1.invokeSuspend(TestCaseExecutor.kt:78) ~[kotest-framework-engine-jvm-5.1.0.jar:na]
	at io.kotest.engine.test.TestCaseExecutor$execute$2$1.invoke(TestCaseExecutor.kt) ~[kotest-framework-engine-jvm-5.1.0.jar:na]
	at io.kotest.engine.test.TestCaseExecutor$execute$2$1.invoke(TestCaseExecutor.kt) ~[kotest-framework-engine-jvm-5.1.0.jar:na]
	at io.kotest.engine.test.interceptors.InvocationTimeoutInterceptor$intercept$3.invokeSuspend(InvocationTimeoutInterceptor.kt:43) ~[kotest-framework-engine-jvm-5.1.0.jar:na]
	at io.kotest.engine.test.interceptors.InvocationTimeoutInterceptor$intercept$3.invoke(InvocationTimeoutInterceptor.kt) ~[kotest-framework-engine-jvm-5.1.0.jar:na]
	at io.kotest.engine.test.interceptors.InvocationTimeoutInterceptor$intercept$3.invoke(InvocationTimeoutInterceptor.kt) ~[kotest-framework-engine-jvm-5.1.0.jar:na]
	at kotlinx.coroutines.intrinsics.UndispatchedKt.startUndispatchedOrReturnIgnoreTimeout(Undispatched.kt:100) ~[kotlinx-coroutines-core-jvm-1.6.0.jar:na]
	at kotlinx.coroutines.TimeoutKt.setupTimeout(Timeout.kt:146) ~[kotlinx-coroutines-core-jvm-1.6.0.jar:na]
	at kotlinx.coroutines.TimeoutKt.withTimeoutOrNull(Timeout.kt:103) ~[kotlinx-coroutines-core-jvm-1.6.0.jar:na]
	at kotlinx.coroutines.TimeoutKt.withTimeoutOrNull-KLykuaI(Timeout.kt:134) ~[kotlinx-coroutines-core-jvm-1.6.0.jar:na]
	at io.kotest.engine.test.interceptors.InvocationTimeoutInterceptor.intercept(InvocationTimeoutInterceptor.kt:42) ~[kotest-framework-engine-jvm-5.1.0.jar:na]
	at io.kotest.engine.test.TestCaseExecutor$execute$2$1.invokeSuspend(TestCaseExecutor.kt:78) ~[kotest-framework-engine-jvm-5.1.0.jar:na]
	at io.kotest.engine.test.TestCaseExecutor$execute$2$1.invoke(TestCaseExecutor.kt) ~[kotest-framework-engine-jvm-5.1.0.jar:na]
	at io.kotest.engine.test.TestCaseExecutor$execute$2$1.invoke(TestCaseExecutor.kt) ~[kotest-framework-engine-jvm-5.1.0.jar:na]
	at io.kotest.engine.test.TestInvocationInterceptor$intercept$2$3.invokeSuspend(TestInvocationInterceptor.kt:35) ~[kotest-framework-engine-jvm-5.1.0.jar:na]
	at io.kotest.engine.test.TestInvocationInterceptor$intercept$2$3.invoke(TestInvocationInterceptor.kt) ~[kotest-framework-engine-jvm-5.1.0.jar:na]
	at io.kotest.engine.test.TestInvocationInterceptor$intercept$2$3.invoke(TestInvocationInterceptor.kt) ~[kotest-framework-engine-jvm-5.1.0.jar:na]
	at io.kotest.mpp.ReplayKt.replay(replay.kt:18) ~[kotest-common-jvm-5.1.0.jar:na]
	at io.kotest.engine.test.TestInvocationInterceptor$intercept$2.invokeSuspend(TestInvocationInterceptor.kt:30) ~[kotest-framework-engine-jvm-5.1.0.jar:na]
	at io.kotest.engine.test.TestInvocationInterceptor$intercept$2.invoke(TestInvocationInterceptor.kt) ~[kotest-framework-engine-jvm-5.1.0.jar:na]
	at io.kotest.engine.test.TestInvocationInterceptor$intercept$2.invoke(TestInvocationInterceptor.kt) ~[kotest-framework-engine-jvm-5.1.0.jar:na]
	at kotlinx.coroutines.intrinsics.UndispatchedKt.startUndispatchedOrReturn(Undispatched.kt:89) ~[kotlinx-coroutines-core-jvm-1.6.0.jar:na]
	at kotlinx.coroutines.CoroutineScopeKt.coroutineScope(CoroutineScope.kt:264) ~[kotlinx-coroutines-core-jvm-1.6.0.jar:na]
	at io.kotest.engine.test.TestInvocationInterceptor.intercept(TestInvocationInterceptor.kt:29) ~[kotest-framework-engine-jvm-5.1.0.jar:na]
	at io.kotest.engine.test.TestCaseExecutor$execute$2$1.invokeSuspend(TestCaseExecutor.kt:78) ~[kotest-framework-engine-jvm-5.1.0.jar:na]
	at io.kotest.engine.test.TestCaseExecutor$execute$2$1.invoke(TestCaseExecutor.kt) ~[kotest-framework-engine-jvm-5.1.0.jar:na]
	at io.kotest.engine.test.TestCaseExecutor$execute$2$1.invoke(TestCaseExecutor.kt) ~[kotest-framework-engine-jvm-5.1.0.jar:na]
	at io.kotest.engine.test.interceptors.TimeoutInterceptor$intercept$3.invokeSuspend(TimeoutInterceptor.kt:34) ~[kotest-framework-engine-jvm-5.1.0.jar:na]
	at io.kotest.engine.test.interceptors.TimeoutInterceptor$intercept$3.invoke(TimeoutInterceptor.kt) ~[kotest-framework-engine-jvm-5.1.0.jar:na]
	at io.kotest.engine.test.interceptors.TimeoutInterceptor$intercept$3.invoke(TimeoutInterceptor.kt) ~[kotest-framework-engine-jvm-5.1.0.jar:na]
	at kotlinx.coroutines.intrinsics.UndispatchedKt.startUndispatchedOrReturnIgnoreTimeout(Undispatched.kt:100) ~[kotlinx-coroutines-core-jvm-1.6.0.jar:na]
	at kotlinx.coroutines.TimeoutKt.setupTimeout(Timeout.kt:146) ~[kotlinx-coroutines-core-jvm-1.6.0.jar:na]
	at kotlinx.coroutines.TimeoutKt.withTimeout(Timeout.kt:44) ~[kotlinx-coroutines-core-jvm-1.6.0.jar:na]
	at kotlinx.coroutines.TimeoutKt.withTimeout-KLykuaI(Timeout.kt:71) ~[kotlinx-coroutines-core-jvm-1.6.0.jar:na]
	at io.kotest.engine.test.interceptors.TimeoutInterceptor.intercept(TimeoutInterceptor.kt:33) ~[kotest-framework-engine-jvm-5.1.0.jar:na]
	at io.kotest.engine.test.TestCaseExecutor$execute$2$1.invokeSuspend(TestCaseExecutor.kt:78) ~[kotest-framework-engine-jvm-5.1.0.jar:na]
	at io.kotest.engine.test.TestCaseExecutor$execute$2$1.invoke(TestCaseExecutor.kt) ~[kotest-framework-engine-jvm-5.1.0.jar:na]
	at io.kotest.engine.test.TestCaseExecutor$execute$2$1.invoke(TestCaseExecutor.kt) ~[kotest-framework-engine-jvm-5.1.0.jar:na]
	at io.kotest.engine.test.interceptors.BlockedThreadTimeoutInterceptor.intercept(BlockedThreadTimeoutInterceptor.kt:74) ~[kotest-framework-engine-jvm-5.1.0.jar:na]
	at io.kotest.engine.test.TestCaseExecutor$execute$2$1.invokeSuspend(TestCaseExecutor.kt:78) ~[kotest-framework-engine-jvm-5.1.0.jar:na]
	at io.kotest.engine.test.TestCaseExecutor$execute$2$1.invoke(TestCaseExecutor.kt) ~[kotest-framework-engine-jvm-5.1.0.jar:na]
	at io.kotest.engine.test.TestCaseExecutor$execute$2$1.invoke(TestCaseExecutor.kt) ~[kotest-framework-engine-jvm-5.1.0.jar:na]
	at io.kotest.engine.test.interceptors.CoroutineLoggingInterceptor.intercept(CoroutineLoggingInterceptor.kt:30) ~[kotest-framework-engine-jvm-5.1.0.jar:na]
	at io.kotest.engine.test.TestCaseExecutor$execute$2$1.invokeSuspend(TestCaseExecutor.kt:78) ~[kotest-framework-engine-jvm-5.1.0.jar:na]
	at io.kotest.engine.test.TestCaseExecutor$execute$2$1.invoke(TestCaseExecutor.kt) ~[kotest-framework-engine-jvm-5.1.0.jar:na]
	at io.kotest.engine.test.TestCaseExecutor$execute$2$1.invoke(TestCaseExecutor.kt) ~[kotest-framework-engine-jvm-5.1.0.jar:na]
	at io.kotest.engine.test.interceptors.SoftAssertInterceptor.intercept(SoftAssertInterceptor.kt:27) ~[kotest-framework-engine-jvm-5.1.0.jar:na]
	at io.kotest.engine.test.TestCaseExecutor$execute$2$1.invokeSuspend(TestCaseExecutor.kt:78) ~[kotest-framework-engine-jvm-5.1.0.jar:na]
	at io.kotest.engine.test.TestCaseExecutor$execute$2$1.invoke(TestCaseExecutor.kt) ~[kotest-framework-engine-jvm-5.1.0.jar:na]
	at io.kotest.engine.test.TestCaseExecutor$execute$2$1.invoke(TestCaseExecutor.kt) ~[kotest-framework-engine-jvm-5.1.0.jar:na]
	at io.kotest.engine.test.interceptors.AssertionModeInterceptor.intercept(AssertionModeInterceptor.kt:25) ~[kotest-framework-engine-jvm-5.1.0.jar:na]
	at io.kotest.engine.test.TestCaseExecutor$execute$2$1.invokeSuspend(TestCaseExecutor.kt:78) ~[kotest-framework-engine-jvm-5.1.0.jar:na]
	at io.kotest.engine.test.TestCaseExecutor$execute$2$1.invoke(TestCaseExecutor.kt) ~[kotest-framework-engine-jvm-5.1.0.jar:na]
	at io.kotest.engine.test.TestCaseExecutor$execute$2$1.invoke(TestCaseExecutor.kt) ~[kotest-framework-engine-jvm-5.1.0.jar:na]
	at io.kotest.engine.test.interceptors.LifecycleInterceptor.intercept(LifecycleInterceptor.kt:50) ~[kotest-framework-engine-jvm-5.1.0.jar:na]
	at io.kotest.engine.test.TestCaseExecutor$execute$2$1.invokeSuspend(TestCaseExecutor.kt:78) ~[kotest-framework-engine-jvm-5.1.0.jar:na]
	at io.kotest.engine.test.TestCaseExecutor$execute$2$1.invoke(TestCaseExecutor.kt) ~[kotest-framework-engine-jvm-5.1.0.jar:na]
	at io.kotest.engine.test.TestCaseExecutor$execute$2$1.invoke(TestCaseExecutor.kt) ~[kotest-framework-engine-jvm-5.1.0.jar:na]
	at io.kotest.engine.test.interceptors.EnabledCheckInterceptor.intercept(EnabledCheckInterceptor.kt:31) ~[kotest-framework-engine-jvm-5.1.0.jar:na]
	at io.kotest.engine.test.TestCaseExecutor$execute$2$1.invokeSuspend(TestCaseExecutor.kt:78) ~[kotest-framework-engine-jvm-5.1.0.jar:na]
	at io.kotest.engine.test.TestCaseExecutor$execute$2$1.invoke(TestCaseExecutor.kt) ~[kotest-framework-engine-jvm-5.1.0.jar:na]
	at io.kotest.engine.test.TestCaseExecutor$execute$2$1.invoke(TestCaseExecutor.kt) ~[kotest-framework-engine-jvm-5.1.0.jar:na]
	at io.kotest.engine.test.interceptors.TestCaseExtensionInterceptor$intercept$2.invokeSuspend(TestCaseExtensionInterceptor.kt:24) ~[kotest-framework-engine-jvm-5.1.0.jar:na]
	at io.kotest.engine.test.interceptors.TestCaseExtensionInterceptor$intercept$2.invoke(TestCaseExtensionInterceptor.kt) ~[kotest-framework-engine-jvm-5.1.0.jar:na]
	at io.kotest.engine.test.interceptors.TestCaseExtensionInterceptor$intercept$2.invoke(TestCaseExtensionInterceptor.kt) ~[kotest-framework-engine-jvm-5.1.0.jar:na]
	at io.kotest.engine.test.TestExtensions$intercept$execute$1$1$1.invokeSuspend(TestExtensions.kt:149) ~[kotest-framework-engine-jvm-5.1.0.jar:na]
	at io.kotest.engine.test.TestExtensions$intercept$execute$1$1$1.invoke(TestExtensions.kt) ~[kotest-framework-engine-jvm-5.1.0.jar:na]
	at io.kotest.engine.test.TestExtensions$intercept$execute$1$1$1.invoke(TestExtensions.kt) ~[kotest-framework-engine-jvm-5.1.0.jar:na]
	at io.kotest.extensions.spring.SpringTestExtension.intercept(SpringTestExtension.kt:71) ~[kotest-extensions-spring-1.1.0.jar:na]
	at io.kotest.engine.test.TestExtensions$intercept$execute$1$1.invokeSuspend(TestExtensions.kt:146) ~[kotest-framework-engine-jvm-5.1.0.jar:na]
	at io.kotest.engine.test.TestExtensions$intercept$execute$1$1.invoke(TestExtensions.kt) ~[kotest-framework-engine-jvm-5.1.0.jar:na]
	at io.kotest.engine.test.TestExtensions$intercept$execute$1$1.invoke(TestExtensions.kt) ~[kotest-framework-engine-jvm-5.1.0.jar:na]
	at io.kotest.engine.test.TestExtensions.intercept(TestExtensions.kt:154) ~[kotest-framework-engine-jvm-5.1.0.jar:na]
	at io.kotest.engine.test.interceptors.TestCaseExtensionInterceptor.intercept(TestCaseExtensionInterceptor.kt:24) ~[kotest-framework-engine-jvm-5.1.0.jar:na]
	at io.kotest.engine.test.TestCaseExecutor$execute$2$1.invokeSuspend(TestCaseExecutor.kt:78) ~[kotest-framework-engine-jvm-5.1.0.jar:na]
	at io.kotest.engine.test.TestCaseExecutor$execute$2$1.invoke(TestCaseExecutor.kt) ~[kotest-framework-engine-jvm-5.1.0.jar:na]
	at io.kotest.engine.test.TestCaseExecutor$execute$2$1.invoke(TestCaseExecutor.kt) ~[kotest-framework-engine-jvm-5.1.0.jar:na]
	at io.kotest.engine.test.interceptors.CoroutineErrorCollectorInterceptor$intercept$3.invokeSuspend(CoroutineErrorCollectorInterceptor.kt:29) ~[kotest-framework-engine-jvm-5.1.0.jar:na]
	at io.kotest.engine.test.interceptors.CoroutineErrorCollectorInterceptor$intercept$3.invoke(CoroutineErrorCollectorInterceptor.kt) ~[kotest-framework-engine-jvm-5.1.0.jar:na]
	at io.kotest.engine.test.interceptors.CoroutineErrorCollectorInterceptor$intercept$3.invoke(CoroutineErrorCollectorInterceptor.kt) ~[kotest-framework-engine-jvm-5.1.0.jar:na]
	at kotlinx.coroutines.intrinsics.UndispatchedKt.startUndispatchedOrReturn(Undispatched.kt:89) ~[kotlinx-coroutines-core-jvm-1.6.0.jar:na]
	at kotlinx.coroutines.BuildersKt__Builders_commonKt.withContext(Builders.common.kt:165) ~[kotlinx-coroutines-core-jvm-1.6.0.jar:na]
	at kotlinx.coroutines.BuildersKt.withContext(Unknown Source) ~[kotlinx-coroutines-core-jvm-1.6.0.jar:na]
	at io.kotest.engine.test.interceptors.CoroutineErrorCollectorInterceptor.intercept(CoroutineErrorCollectorInterceptor.kt:28) ~[kotest-framework-engine-jvm-5.1.0.jar:na]
	at io.kotest.engine.test.TestCaseExecutor$execute$2$1.invokeSuspend(TestCaseExecutor.kt:78) ~[kotest-framework-engine-jvm-5.1.0.jar:na]
	at io.kotest.engine.test.TestCaseExecutor$execute$2$1.invoke(TestCaseExecutor.kt) ~[kotest-framework-engine-jvm-5.1.0.jar:na]
	at io.kotest.engine.test.TestCaseExecutor$execute$2$1.invoke(TestCaseExecutor.kt) ~[kotest-framework-engine-jvm-5.1.0.jar:na]
	at io.kotest.engine.test.interceptors.CoroutineDispatcherFactoryInterceptor$intercept$4.invokeSuspend(coroutineDispatcherFactoryInterceptor.kt:57) ~[kotest-framework-engine-jvm-5.1.0.jar:na]
	at io.kotest.engine.test.interceptors.CoroutineDispatcherFactoryInterceptor$intercept$4.invoke(coroutineDispatcherFactoryInterceptor.kt) ~[kotest-framework-engine-jvm-5.1.0.jar:na]
	at io.kotest.engine.test.interceptors.CoroutineDispatcherFactoryInterceptor$intercept$4.invoke(coroutineDispatcherFactoryInterceptor.kt) ~[kotest-framework-engine-jvm-5.1.0.jar:na]
	at io.kotest.engine.concurrency.FixedThreadCoroutineDispatcherFactory$withDispatcher$4.invokeSuspend(FixedThreadCoroutineDispatcherFactory.kt:53) ~[kotest-framework-engine-jvm-5.1.0.jar:na]
	at io.kotest.engine.concurrency.FixedThreadCoroutineDispatcherFactory$withDispatcher$4.invoke(FixedThreadCoroutineDispatcherFactory.kt) ~[kotest-framework-engine-jvm-5.1.0.jar:na]
	at io.kotest.engine.concurrency.FixedThreadCoroutineDispatcherFactory$withDispatcher$4.invoke(FixedThreadCoroutineDispatcherFactory.kt) ~[kotest-framework-engine-jvm-5.1.0.jar:na]
	at kotlinx.coroutines.intrinsics.UndispatchedKt.startUndispatchedOrReturn(Undispatched.kt:89) ~[kotlinx-coroutines-core-jvm-1.6.0.jar:na]
	at kotlinx.coroutines.BuildersKt__Builders_commonKt.withContext(Builders.common.kt:165) ~[kotlinx-coroutines-core-jvm-1.6.0.jar:na]
	at kotlinx.coroutines.BuildersKt.withContext(Unknown Source) ~[kotlinx-coroutines-core-jvm-1.6.0.jar:na]
	at io.kotest.engine.concurrency.FixedThreadCoroutineDispatcherFactory.withDispatcher(FixedThreadCoroutineDispatcherFactory.kt:52) ~[kotest-framework-engine-jvm-5.1.0.jar:na]
	at io.kotest.engine.test.interceptors.CoroutineDispatcherFactoryInterceptor.intercept(coroutineDispatcherFactoryInterceptor.kt:56) ~[kotest-framework-engine-jvm-5.1.0.jar:na]
	at io.kotest.engine.test.TestCaseExecutor$execute$2$1.invokeSuspend(TestCaseExecutor.kt:78) ~[kotest-framework-engine-jvm-5.1.0.jar:na]
	at io.kotest.engine.test.TestCaseExecutor$execute$2$1.invoke(TestCaseExecutor.kt) ~[kotest-framework-engine-jvm-5.1.0.jar:na]
	at io.kotest.engine.test.TestCaseExecutor$execute$2$1.invoke(TestCaseExecutor.kt) ~[kotest-framework-engine-jvm-5.1.0.jar:na]
	at io.kotest.engine.test.interceptors.SupervisorScopeInterceptor$intercept$2.invokeSuspend(SupervisorScopeInterceptor.kt:23) ~[kotest-framework-engine-jvm-5.1.0.jar:na]
	at io.kotest.engine.test.interceptors.SupervisorScopeInterceptor$intercept$2.invoke(SupervisorScopeInterceptor.kt) ~[kotest-framework-engine-jvm-5.1.0.jar:na]
	at io.kotest.engine.test.interceptors.SupervisorScopeInterceptor$intercept$2.invoke(SupervisorScopeInterceptor.kt) ~[kotest-framework-engine-jvm-5.1.0.jar:na]
	at kotlinx.coroutines.intrinsics.UndispatchedKt.startUndispatchedOrReturn(Undispatched.kt:89) ~[kotlinx-coroutines-core-jvm-1.6.0.jar:na]
	at kotlinx.coroutines.SupervisorKt.supervisorScope(Supervisor.kt:61) ~[kotlinx-coroutines-core-jvm-1.6.0.jar:na]
	at io.kotest.engine.test.interceptors.SupervisorScopeInterceptor.intercept(SupervisorScopeInterceptor.kt:22) ~[kotest-framework-engine-jvm-5.1.0.jar:na]
	at io.kotest.engine.test.TestCaseExecutor$execute$2$1.invokeSuspend(TestCaseExecutor.kt:78) ~[kotest-framework-engine-jvm-5.1.0.jar:na]
	at io.kotest.engine.test.TestCaseExecutor$execute$2$1.invoke(TestCaseExecutor.kt) ~[kotest-framework-engine-jvm-5.1.0.jar:na]
	at io.kotest.engine.test.TestCaseExecutor$execute$2$1.invoke(TestCaseExecutor.kt) ~[kotest-framework-engine-jvm-5.1.0.jar:na]
	at io.kotest.engine.test.interceptors.InvocationCountCheckInterceptor.intercept(InvocationCountCheckInterceptor.kt:29) ~[kotest-framework-engine-jvm-5.1.0.jar:na]
	at io.kotest.engine.test.TestCaseExecutor$execute$2$1.invokeSuspend(TestCaseExecutor.kt:78) ~[kotest-framework-engine-jvm-5.1.0.jar:na]
	at io.kotest.engine.test.TestCaseExecutor$execute$2$1.invoke(TestCaseExecutor.kt) ~[kotest-framework-engine-jvm-5.1.0.jar:na]
	at io.kotest.engine.test.TestCaseExecutor$execute$2$1.invoke(TestCaseExecutor.kt) ~[kotest-framework-engine-jvm-5.1.0.jar:na]
	at io.kotest.engine.test.interceptors.TestFinishedInterceptor.intercept(TestFinishedInterceptor.kt:21) ~[kotest-framework-engine-jvm-5.1.0.jar:na]
	at io.kotest.engine.test.TestCaseExecutor$execute$2$1.invokeSuspend(TestCaseExecutor.kt:78) ~[kotest-framework-engine-jvm-5.1.0.jar:na]
	at io.kotest.engine.test.TestCaseExecutor$execute$2$1.invoke(TestCaseExecutor.kt) ~[kotest-framework-engine-jvm-5.1.0.jar:na]
	at io.kotest.engine.test.TestCaseExecutor$execute$2$1.invoke(TestCaseExecutor.kt) ~[kotest-framework-engine-jvm-5.1.0.jar:na]
	at io.kotest.engine.test.TestCaseExecutor.execute(TestCaseExecutor.kt:79) ~[kotest-framework-engine-jvm-5.1.0.jar:na]
	at io.kotest.engine.spec.runners.SingleInstanceSpecRunner.runTest(SingleInstanceSpecRunner.kt:112) ~[kotest-framework-engine-jvm-5.1.0.jar:na]
	at io.kotest.engine.spec.runners.SingleInstanceSpecRunner.access$runTest(SingleInstanceSpecRunner.kt:31) ~[kotest-framework-engine-jvm-5.1.0.jar:na]
	at io.kotest.engine.spec.runners.SingleInstanceSpecRunner$Context.registerTestCase(SingleInstanceSpecRunner.kt:85) ~[kotest-framework-engine-jvm-5.1.0.jar:na]
	at io.kotest.engine.test.scopes.DuplicateNameHandlingTestScope.registerTestCase(DuplicateNameHandlingTestScope.kt:21) ~[kotest-framework-engine-jvm-5.1.0.jar:na]
	at io.kotest.engine.test.scopes.TestScopeWithCoroutineContext.registerTestCase(scopes.kt) ~[kotest-framework-engine-jvm-5.1.0.jar:na]
	at io.kotest.core.spec.style.scopes.AbstractContainerScope.registerTestCase$suspendImpl(ContainerScope.kt:209) ~[kotest-framework-api-jvm-5.1.0.jar:na]
	at io.kotest.core.spec.style.scopes.AbstractContainerScope.registerTestCase(ContainerScope.kt) ~[kotest-framework-api-jvm-5.1.0.jar:na]
	at io.kotest.core.spec.style.scopes.FeatureSpecContainerScope.registerTestCase(FeatureSpecContainerScope.kt:30) ~[kotest-framework-api-jvm-5.1.0.jar:na]
	at io.kotest.core.spec.style.scopes.ContainerScope$DefaultImpls.registerTest(ContainerScope.kt:76) ~[kotest-framework-api-jvm-5.1.0.jar:na]
	at io.kotest.core.spec.style.scopes.AbstractContainerScope.registerTest(ContainerScope.kt:205) ~[kotest-framework-api-jvm-5.1.0.jar:na]
	at io.kotest.core.spec.style.scopes.FeatureSpecContainerScope.scenario(FeatureSpecContainerScope.kt:49) ~[kotest-framework-api-jvm-5.1.0.jar:na]
	at ru.tinkoff.homework.lesson6.lesson6.service.BookServiceTest$2.invokeSuspend(BookServiceTest.kt:104) ~[test/:na]
	at ru.tinkoff.homework.lesson6.lesson6.service.BookServiceTest$2.invoke(BookServiceTest.kt) ~[test/:na]
	at ru.tinkoff.homework.lesson6.lesson6.service.BookServiceTest$2.invoke(BookServiceTest.kt) ~[test/:na]
	at io.kotest.core.spec.style.scopes.FeatureSpecRootScope$addFeature$1.invokeSuspend(FeatureSpecRootScope.kt:35) ~[kotest-framework-api-jvm-5.1.0.jar:na]
	at io.kotest.core.spec.style.scopes.FeatureSpecRootScope$addFeature$1.invoke(FeatureSpecRootScope.kt) ~[kotest-framework-api-jvm-5.1.0.jar:na]
	at io.kotest.core.spec.style.scopes.FeatureSpecRootScope$addFeature$1.invoke(FeatureSpecRootScope.kt) ~[kotest-framework-api-jvm-5.1.0.jar:na]
	at io.kotest.core.spec.style.scopes.RootScopeKt$addTest$1.invokeSuspend(RootScope.kt:36) ~[kotest-framework-api-jvm-5.1.0.jar:na]
	at io.kotest.core.spec.style.scopes.RootScopeKt$addTest$1.invoke(RootScope.kt) ~[kotest-framework-api-jvm-5.1.0.jar:na]
	at io.kotest.core.spec.style.scopes.RootScopeKt$addTest$1.invoke(RootScope.kt) ~[kotest-framework-api-jvm-5.1.0.jar:na]
	at io.kotest.engine.test.TestCaseExecutor$execute$innerExecute$1.invokeSuspend(TestCaseExecutor.kt:73) ~[kotest-framework-engine-jvm-5.1.0.jar:na]
	at io.kotest.engine.test.TestCaseExecutor$execute$innerExecute$1.invoke(TestCaseExecutor.kt) ~[kotest-framework-engine-jvm-5.1.0.jar:na]
	at io.kotest.engine.test.TestCaseExecutor$execute$innerExecute$1.invoke(TestCaseExecutor.kt) ~[kotest-framework-engine-jvm-5.1.0.jar:na]
	at io.kotest.engine.test.interceptors.CoroutineDebugProbeInterceptor.intercept(CoroutineDebugProbeInterceptor.kt:29) ~[kotest-framework-engine-jvm-5.1.0.jar:na]
	at io.kotest.engine.test.TestCaseExecutor$execute$2$1.invokeSuspend(TestCaseExecutor.kt:78) ~[kotest-framework-engine-jvm-5.1.0.jar:na]
	at io.kotest.engine.test.TestCaseExecutor$execute$2$1.invoke(TestCaseExecutor.kt) ~[kotest-framework-engine-jvm-5.1.0.jar:na]
	at io.kotest.engine.test.TestCaseExecutor$execute$2$1.invoke(TestCaseExecutor.kt) ~[kotest-framework-engine-jvm-5.1.0.jar:na]
	at io.kotest.engine.test.interceptors.InvocationTimeoutInterceptor.intercept(InvocationTimeoutInterceptor.kt:28) ~[kotest-framework-engine-jvm-5.1.0.jar:na]
	at io.kotest.engine.test.TestCaseExecutor$execute$2$1.invokeSuspend(TestCaseExecutor.kt:78) ~[kotest-framework-engine-jvm-5.1.0.jar:na]
	at io.kotest.engine.test.TestCaseExecutor$execute$2$1.invoke(TestCaseExecutor.kt) ~[kotest-framework-engine-jvm-5.1.0.jar:na]
	at io.kotest.engine.test.TestCaseExecutor$execute$2$1.invoke(TestCaseExecutor.kt) ~[kotest-framework-engine-jvm-5.1.0.jar:na]
	at io.kotest.engine.test.TestInvocationInterceptor$intercept$2$3.invokeSuspend(TestInvocationInterceptor.kt:35) ~[kotest-framework-engine-jvm-5.1.0.jar:na]
	at io.kotest.engine.test.TestInvocationInterceptor$intercept$2$3.invoke(TestInvocationInterceptor.kt) ~[kotest-framework-engine-jvm-5.1.0.jar:na]
	at io.kotest.engine.test.TestInvocationInterceptor$intercept$2$3.invoke(TestInvocationInterceptor.kt) ~[kotest-framework-engine-jvm-5.1.0.jar:na]
	at io.kotest.mpp.ReplayKt.replay(replay.kt:18) ~[kotest-common-jvm-5.1.0.jar:na]
	at io.kotest.engine.test.TestInvocationInterceptor$intercept$2.invokeSuspend(TestInvocationInterceptor.kt:30) ~[kotest-framework-engine-jvm-5.1.0.jar:na]
	at io.kotest.engine.test.TestInvocationInterceptor$intercept$2.invoke(TestInvocationInterceptor.kt) ~[kotest-framework-engine-jvm-5.1.0.jar:na]
	at io.kotest.engine.test.TestInvocationInterceptor$intercept$2.invoke(TestInvocationInterceptor.kt) ~[kotest-framework-engine-jvm-5.1.0.jar:na]
	at kotlinx.coroutines.intrinsics.UndispatchedKt.startUndispatchedOrReturn(Undispatched.kt:89) ~[kotlinx-coroutines-core-jvm-1.6.0.jar:na]
	at kotlinx.coroutines.CoroutineScopeKt.coroutineScope(CoroutineScope.kt:264) ~[kotlinx-coroutines-core-jvm-1.6.0.jar:na]
	at io.kotest.engine.test.TestInvocationInterceptor.intercept(TestInvocationInterceptor.kt:29) ~[kotest-framework-engine-jvm-5.1.0.jar:na]
	at io.kotest.engine.test.TestCaseExecutor$execute$2$1.invokeSuspend(TestCaseExecutor.kt:78) ~[kotest-framework-engine-jvm-5.1.0.jar:na]
	at io.kotest.engine.test.TestCaseExecutor$execute$2$1.invoke(TestCaseExecutor.kt) ~[kotest-framework-engine-jvm-5.1.0.jar:na]
	at io.kotest.engine.test.TestCaseExecutor$execute$2$1.invoke(TestCaseExecutor.kt) ~[kotest-framework-engine-jvm-5.1.0.jar:na]
	at io.kotest.engine.test.interceptors.TimeoutInterceptor$intercept$3.invokeSuspend(TimeoutInterceptor.kt:34) ~[kotest-framework-engine-jvm-5.1.0.jar:na]
	at io.kotest.engine.test.interceptors.TimeoutInterceptor$intercept$3.invoke(TimeoutInterceptor.kt) ~[kotest-framework-engine-jvm-5.1.0.jar:na]
	at io.kotest.engine.test.interceptors.TimeoutInterceptor$intercept$3.invoke(TimeoutInterceptor.kt) ~[kotest-framework-engine-jvm-5.1.0.jar:na]
	at kotlinx.coroutines.intrinsics.UndispatchedKt.startUndispatchedOrReturnIgnoreTimeout(Undispatched.kt:100) ~[kotlinx-coroutines-core-jvm-1.6.0.jar:na]
	at kotlinx.coroutines.TimeoutKt.setupTimeout(Timeout.kt:146) ~[kotlinx-coroutines-core-jvm-1.6.0.jar:na]
	at kotlinx.coroutines.TimeoutKt.withTimeout(Timeout.kt:44) ~[kotlinx-coroutines-core-jvm-1.6.0.jar:na]
	at kotlinx.coroutines.TimeoutKt.withTimeout-KLykuaI(Timeout.kt:71) ~[kotlinx-coroutines-core-jvm-1.6.0.jar:na]
	at io.kotest.engine.test.interceptors.TimeoutInterceptor.intercept(TimeoutInterceptor.kt:33) ~[kotest-framework-engine-jvm-5.1.0.jar:na]
	at io.kotest.engine.test.TestCaseExecutor$execute$2$1.invokeSuspend(TestCaseExecutor.kt:78) ~[kotest-framework-engine-jvm-5.1.0.jar:na]
	at io.kotest.engine.test.TestCaseExecutor$execute$2$1.invoke(TestCaseExecutor.kt) ~[kotest-framework-engine-jvm-5.1.0.jar:na]
	at io.kotest.engine.test.TestCaseExecutor$execute$2$1.invoke(TestCaseExecutor.kt) ~[kotest-framework-engine-jvm-5.1.0.jar:na]
	at io.kotest.engine.test.interceptors.BlockedThreadTimeoutInterceptor.intercept(BlockedThreadTimeoutInterceptor.kt:74) ~[kotest-framework-engine-jvm-5.1.0.jar:na]
	at io.kotest.engine.test.TestCaseExecutor$execute$2$1.invokeSuspend(TestCaseExecutor.kt:78) ~[kotest-framework-engine-jvm-5.1.0.jar:na]
	at io.kotest.engine.test.TestCaseExecutor$execute$2$1.invoke(TestCaseExecutor.kt) ~[kotest-framework-engine-jvm-5.1.0.jar:na]
	at io.kotest.engine.test.TestCaseExecutor$execute$2$1.invoke(TestCaseExecutor.kt) ~[kotest-framework-engine-jvm-5.1.0.jar:na]
	at io.kotest.engine.test.interceptors.CoroutineLoggingInterceptor.intercept(CoroutineLoggingInterceptor.kt:30) ~[kotest-framework-engine-jvm-5.1.0.jar:na]
	at io.kotest.engine.test.TestCaseExecutor$execute$2$1.invokeSuspend(TestCaseExecutor.kt:78) ~[kotest-framework-engine-jvm-5.1.0.jar:na]
	at io.kotest.engine.test.TestCaseExecutor$execute$2$1.invoke(TestCaseExecutor.kt) ~[kotest-framework-engine-jvm-5.1.0.jar:na]
	at io.kotest.engine.test.TestCaseExecutor$execute$2$1.invoke(TestCaseExecutor.kt) ~[kotest-framework-engine-jvm-5.1.0.jar:na]
	at io.kotest.engine.test.interceptors.SoftAssertInterceptor.intercept(SoftAssertInterceptor.kt:26) ~[kotest-framework-engine-jvm-5.1.0.jar:na]
	at io.kotest.engine.test.TestCaseExecutor$execute$2$1.invokeSuspend(TestCaseExecutor.kt:78) ~[kotest-framework-engine-jvm-5.1.0.jar:na]
	at io.kotest.engine.test.TestCaseExecutor$execute$2$1.invoke(TestCaseExecutor.kt) ~[kotest-framework-engine-jvm-5.1.0.jar:na]
	at io.kotest.engine.test.TestCaseExecutor$execute$2$1.invoke(TestCaseExecutor.kt) ~[kotest-framework-engine-jvm-5.1.0.jar:na]
	at io.kotest.engine.test.interceptors.AssertionModeInterceptor.intercept(AssertionModeInterceptor.kt:24) ~[kotest-framework-engine-jvm-5.1.0.jar:na]
	at io.kotest.engine.test.TestCaseExecutor$execute$2$1.invokeSuspend(TestCaseExecutor.kt:78) ~[kotest-framework-engine-jvm-5.1.0.jar:na]
	at io.kotest.engine.test.TestCaseExecutor$execute$2$1.invoke(TestCaseExecutor.kt) ~[kotest-framework-engine-jvm-5.1.0.jar:na]
	at io.kotest.engine.test.TestCaseExecutor$execute$2$1.invoke(TestCaseExecutor.kt) ~[kotest-framework-engine-jvm-5.1.0.jar:na]
	at io.kotest.engine.test.interceptors.LifecycleInterceptor.intercept(LifecycleInterceptor.kt:50) ~[kotest-framework-engine-jvm-5.1.0.jar:na]
	at io.kotest.engine.test.TestCaseExecutor$execute$2$1.invokeSuspend(TestCaseExecutor.kt:78) ~[kotest-framework-engine-jvm-5.1.0.jar:na]
	at io.kotest.engine.test.TestCaseExecutor$execute$2$1.invoke(TestCaseExecutor.kt) ~[kotest-framework-engine-jvm-5.1.0.jar:na]
	at io.kotest.engine.test.TestCaseExecutor$execute$2$1.invoke(TestCaseExecutor.kt) ~[kotest-framework-engine-jvm-5.1.0.jar:na]
	at io.kotest.engine.test.interceptors.EnabledCheckInterceptor.intercept(EnabledCheckInterceptor.kt:31) ~[kotest-framework-engine-jvm-5.1.0.jar:na]
	at io.kotest.engine.test.TestCaseExecutor$execute$2$1.invokeSuspend(TestCaseExecutor.kt:78) ~[kotest-framework-engine-jvm-5.1.0.jar:na]
	at io.kotest.engine.test.TestCaseExecutor$execute$2$1.invoke(TestCaseExecutor.kt) ~[kotest-framework-engine-jvm-5.1.0.jar:na]
	at io.kotest.engine.test.TestCaseExecutor$execute$2$1.invoke(TestCaseExecutor.kt) ~[kotest-framework-engine-jvm-5.1.0.jar:na]
	at io.kotest.engine.test.interceptors.TestCaseExtensionInterceptor$intercept$2.invokeSuspend(TestCaseExtensionInterceptor.kt:24) ~[kotest-framework-engine-jvm-5.1.0.jar:na]
	at io.kotest.engine.test.interceptors.TestCaseExtensionInterceptor$intercept$2.invoke(TestCaseExtensionInterceptor.kt) ~[kotest-framework-engine-jvm-5.1.0.jar:na]
	at io.kotest.engine.test.interceptors.TestCaseExtensionInterceptor$intercept$2.invoke(TestCaseExtensionInterceptor.kt) ~[kotest-framework-engine-jvm-5.1.0.jar:na]
	at io.kotest.engine.test.TestExtensions$intercept$execute$1$1$1.invokeSuspend(TestExtensions.kt:149) ~[kotest-framework-engine-jvm-5.1.0.jar:na]
	at io.kotest.engine.test.TestExtensions$intercept$execute$1$1$1.invoke(TestExtensions.kt) ~[kotest-framework-engine-jvm-5.1.0.jar:na]
	at io.kotest.engine.test.TestExtensions$intercept$execute$1$1$1.invoke(TestExtensions.kt) ~[kotest-framework-engine-jvm-5.1.0.jar:na]
	at io.kotest.extensions.spring.SpringTestExtension.intercept(SpringTestExtension.kt:71) ~[kotest-extensions-spring-1.1.0.jar:na]
	at io.kotest.engine.test.TestExtensions$intercept$execute$1$1.invokeSuspend(TestExtensions.kt:146) ~[kotest-framework-engine-jvm-5.1.0.jar:na]
	at io.kotest.engine.test.TestExtensions$intercept$execute$1$1.invoke(TestExtensions.kt) ~[kotest-framework-engine-jvm-5.1.0.jar:na]
	at io.kotest.engine.test.TestExtensions$intercept$execute$1$1.invoke(TestExtensions.kt) ~[kotest-framework-engine-jvm-5.1.0.jar:na]
	at io.kotest.engine.test.TestExtensions.intercept(TestExtensions.kt:154) ~[kotest-framework-engine-jvm-5.1.0.jar:na]
	at io.kotest.engine.test.interceptors.TestCaseExtensionInterceptor.intercept(TestCaseExtensionInterceptor.kt:24) ~[kotest-framework-engine-jvm-5.1.0.jar:na]
	at io.kotest.engine.test.TestCaseExecutor$execute$2$1.invokeSuspend(TestCaseExecutor.kt:78) ~[kotest-framework-engine-jvm-5.1.0.jar:na]
	at io.kotest.engine.test.TestCaseExecutor$execute$2$1.invoke(TestCaseExecutor.kt) ~[kotest-framework-engine-jvm-5.1.0.jar:na]
	at io.kotest.engine.test.TestCaseExecutor$execute$2$1.invoke(TestCaseExecutor.kt) ~[kotest-framework-engine-jvm-5.1.0.jar:na]
	at io.kotest.engine.test.interceptors.CoroutineErrorCollectorInterceptor$intercept$3.invokeSuspend(CoroutineErrorCollectorInterceptor.kt:29) ~[kotest-framework-engine-jvm-5.1.0.jar:na]
	at io.kotest.engine.test.interceptors.CoroutineErrorCollectorInterceptor$intercept$3.invoke(CoroutineErrorCollectorInterceptor.kt) ~[kotest-framework-engine-jvm-5.1.0.jar:na]
	at io.kotest.engine.test.interceptors.CoroutineErrorCollectorInterceptor$intercept$3.invoke(CoroutineErrorCollectorInterceptor.kt) ~[kotest-framework-engine-jvm-5.1.0.jar:na]
	at kotlinx.coroutines.intrinsics.UndispatchedKt.startUndispatchedOrReturn(Undispatched.kt:89) ~[kotlinx-coroutines-core-jvm-1.6.0.jar:na]
	at kotlinx.coroutines.BuildersKt__Builders_commonKt.withContext(Builders.common.kt:165) ~[kotlinx-coroutines-core-jvm-1.6.0.jar:na]
	at kotlinx.coroutines.BuildersKt.withContext(Unknown Source) ~[kotlinx-coroutines-core-jvm-1.6.0.jar:na]
	at io.kotest.engine.test.interceptors.CoroutineErrorCollectorInterceptor.intercept(CoroutineErrorCollectorInterceptor.kt:28) ~[kotest-framework-engine-jvm-5.1.0.jar:na]
	at io.kotest.engine.test.TestCaseExecutor$execute$2$1.invokeSuspend(TestCaseExecutor.kt:78) ~[kotest-framework-engine-jvm-5.1.0.jar:na]
	at io.kotest.engine.test.TestCaseExecutor$execute$2$1.invoke(TestCaseExecutor.kt) ~[kotest-framework-engine-jvm-5.1.0.jar:na]
	at io.kotest.engine.test.TestCaseExecutor$execute$2$1.invoke(TestCaseExecutor.kt) ~[kotest-framework-engine-jvm-5.1.0.jar:na]
	at io.kotest.engine.test.interceptors.CoroutineDispatcherFactoryInterceptor$intercept$4.invokeSuspend(coroutineDispatcherFactoryInterceptor.kt:57) ~[kotest-framework-engine-jvm-5.1.0.jar:na]
	at io.kotest.engine.test.interceptors.CoroutineDispatcherFactoryInterceptor$intercept$4.invoke(coroutineDispatcherFactoryInterceptor.kt) ~[kotest-framework-engine-jvm-5.1.0.jar:na]
	at io.kotest.engine.test.interceptors.CoroutineDispatcherFactoryInterceptor$intercept$4.invoke(coroutineDispatcherFactoryInterceptor.kt) ~[kotest-framework-engine-jvm-5.1.0.jar:na]
	at io.kotest.engine.concurrency.FixedThreadCoroutineDispatcherFactory$withDispatcher$4.invokeSuspend(FixedThreadCoroutineDispatcherFactory.kt:53) ~[kotest-framework-engine-jvm-5.1.0.jar:na]
	at kotlin.coroutines.jvm.internal.BaseContinuationImpl.resumeWith(ContinuationImpl.kt:33) ~[kotlin-stdlib-1.6.10.jar:1.6.10-release-923(1.6.10)]
	at kotlinx.coroutines.DispatchedTask.run(DispatchedTask.kt:106) ~[kotlinx-coroutines-core-jvm-1.6.0.jar:na]
	at java.base/java.util.concurrent.ThreadPoolExecutor.runWorker(ThreadPoolExecutor.java:1136) ~[na:na]
	at java.base/java.util.concurrent.ThreadPoolExecutor$Worker.run(ThreadPoolExecutor.java:635) ~[na:na]
	at java.base/java.lang.Thread.run(Thread.java:833) ~[na:na]

2022-04-20 20:47:50.576  WARN 18406 --- [-1 @coroutine#4] r.t.h.l.l.c.ExceptionHandlingController  : Page must be a positive number

java.lang.IllegalArgumentException: Page must be a positive number
	at ru.tinkoff.homework.lesson6.lesson6.service.BookService.findBookByTitle(BookService.kt:48) ~[main/:na]
	at ru.tinkoff.homework.lesson6.lesson6.controller.BookController.findBookByTitle(BookController.kt:31) ~[main/:na]
	at java.base/jdk.internal.reflect.NativeMethodAccessorImpl.invoke0(Native Method) ~[na:na]
	at java.base/jdk.internal.reflect.NativeMethodAccessorImpl.invoke(NativeMethodAccessorImpl.java:77) ~[na:na]
	at java.base/jdk.internal.reflect.DelegatingMethodAccessorImpl.invoke(DelegatingMethodAccessorImpl.java:43) ~[na:na]
	at java.base/java.lang.reflect.Method.invoke(Method.java:568) ~[na:na]
	at org.springframework.web.method.support.InvocableHandlerMethod.doInvoke(InvocableHandlerMethod.java:205) ~[spring-web-5.3.18.jar:5.3.18]
	at org.springframework.web.method.support.InvocableHandlerMethod.invokeForRequest(InvocableHandlerMethod.java:150) ~[spring-web-5.3.18.jar:5.3.18]
	at org.springframework.web.servlet.mvc.method.annotation.ServletInvocableHandlerMethod.invokeAndHandle(ServletInvocableHandlerMethod.java:117) ~[spring-webmvc-5.3.18.jar:5.3.18]
	at org.springframework.web.servlet.mvc.method.annotation.RequestMappingHandlerAdapter.invokeHandlerMethod(RequestMappingHandlerAdapter.java:895) ~[spring-webmvc-5.3.18.jar:5.3.18]
	at org.springframework.web.servlet.mvc.method.annotation.RequestMappingHandlerAdapter.handleInternal(RequestMappingHandlerAdapter.java:808) ~[spring-webmvc-5.3.18.jar:5.3.18]
	at org.springframework.web.servlet.mvc.method.AbstractHandlerMethodAdapter.handle(AbstractHandlerMethodAdapter.java:87) ~[spring-webmvc-5.3.18.jar:5.3.18]
	at org.springframework.web.servlet.DispatcherServlet.doDispatch(DispatcherServlet.java:1067) ~[spring-webmvc-5.3.18.jar:5.3.18]
	at org.springframework.web.servlet.DispatcherServlet.doService(DispatcherServlet.java:963) ~[spring-webmvc-5.3.18.jar:5.3.18]
	at org.springframework.web.servlet.FrameworkServlet.processRequest(FrameworkServlet.java:1006) ~[spring-webmvc-5.3.18.jar:5.3.18]
	at org.springframework.web.servlet.FrameworkServlet.doGet(FrameworkServlet.java:898) ~[spring-webmvc-5.3.18.jar:5.3.18]
	at javax.servlet.http.HttpServlet.service(HttpServlet.java:655) ~[tomcat-embed-core-9.0.60.jar:4.0.FR]
	at org.springframework.web.servlet.FrameworkServlet.service(FrameworkServlet.java:883) ~[spring-webmvc-5.3.18.jar:5.3.18]
	at org.springframework.test.web.servlet.TestDispatcherServlet.service(TestDispatcherServlet.java:72) ~[spring-test-5.3.18.jar:5.3.18]
	at javax.servlet.http.HttpServlet.service(HttpServlet.java:764) ~[tomcat-embed-core-9.0.60.jar:4.0.FR]
	at org.springframework.mock.web.MockFilterChain$ServletFilterProxy.doFilter(MockFilterChain.java:167) ~[spring-test-5.3.18.jar:5.3.18]
	at org.springframework.mock.web.MockFilterChain.doFilter(MockFilterChain.java:134) ~[spring-test-5.3.18.jar:5.3.18]
	at org.springframework.web.filter.CharacterEncodingFilter.doFilterInternal(CharacterEncodingFilter.java:201) ~[spring-web-5.3.18.jar:5.3.18]
	at org.springframework.web.filter.OncePerRequestFilter.doFilter(OncePerRequestFilter.java:117) ~[spring-web-5.3.18.jar:5.3.18]
	at org.springframework.mock.web.MockFilterChain.doFilter(MockFilterChain.java:134) ~[spring-test-5.3.18.jar:5.3.18]
	at org.springframework.test.web.servlet.MockMvc.perform(MockMvc.java:199) ~[spring-test-5.3.18.jar:5.3.18]
	at org.springframework.test.web.servlet.MockHttpServletRequestDsl.perform$spring_test(MockHttpServletRequestDsl.kt:207) ~[spring-test-5.3.18.jar:5.3.18]
	at org.springframework.test.web.servlet.MockMvcExtensionsKt.get(MockMvcExtensions.kt:32) ~[spring-test-5.3.18.jar:5.3.18]
	at org.springframework.test.web.servlet.MockMvcExtensionsKt.get$default(MockMvcExtensions.kt:30) ~[spring-test-5.3.18.jar:5.3.18]
	at ru.tinkoff.homework.lesson6.lesson6.service.BookServiceTest.getStatusCodeFindBookByTitle(BookServiceTest.kt:149) ~[test/:na]
	at ru.tinkoff.homework.lesson6.lesson6.service.BookServiceTest.access$getStatusCodeFindBookByTitle(BookServiceTest.kt:38) ~[test/:na]
	at ru.tinkoff.homework.lesson6.lesson6.service.BookServiceTest$2$3.invokeSuspend(BookServiceTest.kt:108) ~[test/:na]
	at ru.tinkoff.homework.lesson6.lesson6.service.BookServiceTest$2$3.invoke(BookServiceTest.kt) ~[test/:na]
	at ru.tinkoff.homework.lesson6.lesson6.service.BookServiceTest$2$3.invoke(BookServiceTest.kt) ~[test/:na]
	at io.kotest.engine.test.TestCaseExecutor$execute$innerExecute$1.invokeSuspend(TestCaseExecutor.kt:73) ~[kotest-framework-engine-jvm-5.1.0.jar:na]
	at io.kotest.engine.test.TestCaseExecutor$execute$innerExecute$1.invoke(TestCaseExecutor.kt) ~[kotest-framework-engine-jvm-5.1.0.jar:na]
	at io.kotest.engine.test.TestCaseExecutor$execute$innerExecute$1.invoke(TestCaseExecutor.kt) ~[kotest-framework-engine-jvm-5.1.0.jar:na]
	at io.kotest.engine.test.interceptors.CoroutineDebugProbeInterceptor.intercept(CoroutineDebugProbeInterceptor.kt:29) ~[kotest-framework-engine-jvm-5.1.0.jar:na]
	at io.kotest.engine.test.TestCaseExecutor$execute$2$1.invokeSuspend(TestCaseExecutor.kt:78) ~[kotest-framework-engine-jvm-5.1.0.jar:na]
	at io.kotest.engine.test.TestCaseExecutor$execute$2$1.invoke(TestCaseExecutor.kt) ~[kotest-framework-engine-jvm-5.1.0.jar:na]
	at io.kotest.engine.test.TestCaseExecutor$execute$2$1.invoke(TestCaseExecutor.kt) ~[kotest-framework-engine-jvm-5.1.0.jar:na]
	at io.kotest.engine.test.interceptors.InvocationTimeoutInterceptor$intercept$3.invokeSuspend(InvocationTimeoutInterceptor.kt:43) ~[kotest-framework-engine-jvm-5.1.0.jar:na]
	at io.kotest.engine.test.interceptors.InvocationTimeoutInterceptor$intercept$3.invoke(InvocationTimeoutInterceptor.kt) ~[kotest-framework-engine-jvm-5.1.0.jar:na]
	at io.kotest.engine.test.interceptors.InvocationTimeoutInterceptor$intercept$3.invoke(InvocationTimeoutInterceptor.kt) ~[kotest-framework-engine-jvm-5.1.0.jar:na]
	at kotlinx.coroutines.intrinsics.UndispatchedKt.startUndispatchedOrReturnIgnoreTimeout(Undispatched.kt:100) ~[kotlinx-coroutines-core-jvm-1.6.0.jar:na]
	at kotlinx.coroutines.TimeoutKt.setupTimeout(Timeout.kt:146) ~[kotlinx-coroutines-core-jvm-1.6.0.jar:na]
	at kotlinx.coroutines.TimeoutKt.withTimeoutOrNull(Timeout.kt:103) ~[kotlinx-coroutines-core-jvm-1.6.0.jar:na]
	at kotlinx.coroutines.TimeoutKt.withTimeoutOrNull-KLykuaI(Timeout.kt:134) ~[kotlinx-coroutines-core-jvm-1.6.0.jar:na]
	at io.kotest.engine.test.interceptors.InvocationTimeoutInterceptor.intercept(InvocationTimeoutInterceptor.kt:42) ~[kotest-framework-engine-jvm-5.1.0.jar:na]
	at io.kotest.engine.test.TestCaseExecutor$execute$2$1.invokeSuspend(TestCaseExecutor.kt:78) ~[kotest-framework-engine-jvm-5.1.0.jar:na]
	at io.kotest.engine.test.TestCaseExecutor$execute$2$1.invoke(TestCaseExecutor.kt) ~[kotest-framework-engine-jvm-5.1.0.jar:na]
	at io.kotest.engine.test.TestCaseExecutor$execute$2$1.invoke(TestCaseExecutor.kt) ~[kotest-framework-engine-jvm-5.1.0.jar:na]
	at io.kotest.engine.test.TestInvocationInterceptor$intercept$2$3.invokeSuspend(TestInvocationInterceptor.kt:35) ~[kotest-framework-engine-jvm-5.1.0.jar:na]
	at io.kotest.engine.test.TestInvocationInterceptor$intercept$2$3.invoke(TestInvocationInterceptor.kt) ~[kotest-framework-engine-jvm-5.1.0.jar:na]
	at io.kotest.engine.test.TestInvocationInterceptor$intercept$2$3.invoke(TestInvocationInterceptor.kt) ~[kotest-framework-engine-jvm-5.1.0.jar:na]
	at io.kotest.mpp.ReplayKt.replay(replay.kt:18) ~[kotest-common-jvm-5.1.0.jar:na]
	at io.kotest.engine.test.TestInvocationInterceptor$intercept$2.invokeSuspend(TestInvocationInterceptor.kt:30) ~[kotest-framework-engine-jvm-5.1.0.jar:na]
	at io.kotest.engine.test.TestInvocationInterceptor$intercept$2.invoke(TestInvocationInterceptor.kt) ~[kotest-framework-engine-jvm-5.1.0.jar:na]
	at io.kotest.engine.test.TestInvocationInterceptor$intercept$2.invoke(TestInvocationInterceptor.kt) ~[kotest-framework-engine-jvm-5.1.0.jar:na]
	at kotlinx.coroutines.intrinsics.UndispatchedKt.startUndispatchedOrReturn(Undispatched.kt:89) ~[kotlinx-coroutines-core-jvm-1.6.0.jar:na]
	at kotlinx.coroutines.CoroutineScopeKt.coroutineScope(CoroutineScope.kt:264) ~[kotlinx-coroutines-core-jvm-1.6.0.jar:na]
	at io.kotest.engine.test.TestInvocationInterceptor.intercept(TestInvocationInterceptor.kt:29) ~[kotest-framework-engine-jvm-5.1.0.jar:na]
	at io.kotest.engine.test.TestCaseExecutor$execute$2$1.invokeSuspend(TestCaseExecutor.kt:78) ~[kotest-framework-engine-jvm-5.1.0.jar:na]
	at io.kotest.engine.test.TestCaseExecutor$execute$2$1.invoke(TestCaseExecutor.kt) ~[kotest-framework-engine-jvm-5.1.0.jar:na]
	at io.kotest.engine.test.TestCaseExecutor$execute$2$1.invoke(TestCaseExecutor.kt) ~[kotest-framework-engine-jvm-5.1.0.jar:na]
	at io.kotest.engine.test.interceptors.TimeoutInterceptor$intercept$3.invokeSuspend(TimeoutInterceptor.kt:34) ~[kotest-framework-engine-jvm-5.1.0.jar:na]
	at io.kotest.engine.test.interceptors.TimeoutInterceptor$intercept$3.invoke(TimeoutInterceptor.kt) ~[kotest-framework-engine-jvm-5.1.0.jar:na]
	at io.kotest.engine.test.interceptors.TimeoutInterceptor$intercept$3.invoke(TimeoutInterceptor.kt) ~[kotest-framework-engine-jvm-5.1.0.jar:na]
	at kotlinx.coroutines.intrinsics.UndispatchedKt.startUndispatchedOrReturnIgnoreTimeout(Undispatched.kt:100) ~[kotlinx-coroutines-core-jvm-1.6.0.jar:na]
	at kotlinx.coroutines.TimeoutKt.setupTimeout(Timeout.kt:146) ~[kotlinx-coroutines-core-jvm-1.6.0.jar:na]
	at kotlinx.coroutines.TimeoutKt.withTimeout(Timeout.kt:44) ~[kotlinx-coroutines-core-jvm-1.6.0.jar:na]
	at kotlinx.coroutines.TimeoutKt.withTimeout-KLykuaI(Timeout.kt:71) ~[kotlinx-coroutines-core-jvm-1.6.0.jar:na]
	at io.kotest.engine.test.interceptors.TimeoutInterceptor.intercept(TimeoutInterceptor.kt:33) ~[kotest-framework-engine-jvm-5.1.0.jar:na]
	at io.kotest.engine.test.TestCaseExecutor$execute$2$1.invokeSuspend(TestCaseExecutor.kt:78) ~[kotest-framework-engine-jvm-5.1.0.jar:na]
	at io.kotest.engine.test.TestCaseExecutor$execute$2$1.invoke(TestCaseExecutor.kt) ~[kotest-framework-engine-jvm-5.1.0.jar:na]
	at io.kotest.engine.test.TestCaseExecutor$execute$2$1.invoke(TestCaseExecutor.kt) ~[kotest-framework-engine-jvm-5.1.0.jar:na]
	at io.kotest.engine.test.interceptors.BlockedThreadTimeoutInterceptor.intercept(BlockedThreadTimeoutInterceptor.kt:74) ~[kotest-framework-engine-jvm-5.1.0.jar:na]
	at io.kotest.engine.test.TestCaseExecutor$execute$2$1.invokeSuspend(TestCaseExecutor.kt:78) ~[kotest-framework-engine-jvm-5.1.0.jar:na]
	at io.kotest.engine.test.TestCaseExecutor$execute$2$1.invoke(TestCaseExecutor.kt) ~[kotest-framework-engine-jvm-5.1.0.jar:na]
	at io.kotest.engine.test.TestCaseExecutor$execute$2$1.invoke(TestCaseExecutor.kt) ~[kotest-framework-engine-jvm-5.1.0.jar:na]
	at io.kotest.engine.test.interceptors.CoroutineLoggingInterceptor.intercept(CoroutineLoggingInterceptor.kt:30) ~[kotest-framework-engine-jvm-5.1.0.jar:na]
	at io.kotest.engine.test.TestCaseExecutor$execute$2$1.invokeSuspend(TestCaseExecutor.kt:78) ~[kotest-framework-engine-jvm-5.1.0.jar:na]
	at io.kotest.engine.test.TestCaseExecutor$execute$2$1.invoke(TestCaseExecutor.kt) ~[kotest-framework-engine-jvm-5.1.0.jar:na]
	at io.kotest.engine.test.TestCaseExecutor$execute$2$1.invoke(TestCaseExecutor.kt) ~[kotest-framework-engine-jvm-5.1.0.jar:na]
	at io.kotest.engine.test.interceptors.SoftAssertInterceptor.intercept(SoftAssertInterceptor.kt:27) ~[kotest-framework-engine-jvm-5.1.0.jar:na]
	at io.kotest.engine.test.TestCaseExecutor$execute$2$1.invokeSuspend(TestCaseExecutor.kt:78) ~[kotest-framework-engine-jvm-5.1.0.jar:na]
	at io.kotest.engine.test.TestCaseExecutor$execute$2$1.invoke(TestCaseExecutor.kt) ~[kotest-framework-engine-jvm-5.1.0.jar:na]
	at io.kotest.engine.test.TestCaseExecutor$execute$2$1.invoke(TestCaseExecutor.kt) ~[kotest-framework-engine-jvm-5.1.0.jar:na]
	at io.kotest.engine.test.interceptors.AssertionModeInterceptor.intercept(AssertionModeInterceptor.kt:25) ~[kotest-framework-engine-jvm-5.1.0.jar:na]
	at io.kotest.engine.test.TestCaseExecutor$execute$2$1.invokeSuspend(TestCaseExecutor.kt:78) ~[kotest-framework-engine-jvm-5.1.0.jar:na]
	at io.kotest.engine.test.TestCaseExecutor$execute$2$1.invoke(TestCaseExecutor.kt) ~[kotest-framework-engine-jvm-5.1.0.jar:na]
	at io.kotest.engine.test.TestCaseExecutor$execute$2$1.invoke(TestCaseExecutor.kt) ~[kotest-framework-engine-jvm-5.1.0.jar:na]
	at io.kotest.engine.test.interceptors.LifecycleInterceptor.intercept(LifecycleInterceptor.kt:50) ~[kotest-framework-engine-jvm-5.1.0.jar:na]
	at io.kotest.engine.test.TestCaseExecutor$execute$2$1.invokeSuspend(TestCaseExecutor.kt:78) ~[kotest-framework-engine-jvm-5.1.0.jar:na]
	at io.kotest.engine.test.TestCaseExecutor$execute$2$1.invoke(TestCaseExecutor.kt) ~[kotest-framework-engine-jvm-5.1.0.jar:na]
	at io.kotest.engine.test.TestCaseExecutor$execute$2$1.invoke(TestCaseExecutor.kt) ~[kotest-framework-engine-jvm-5.1.0.jar:na]
	at io.kotest.engine.test.interceptors.EnabledCheckInterceptor.intercept(EnabledCheckInterceptor.kt:31) ~[kotest-framework-engine-jvm-5.1.0.jar:na]
	at io.kotest.engine.test.TestCaseExecutor$execute$2$1.invokeSuspend(TestCaseExecutor.kt:78) ~[kotest-framework-engine-jvm-5.1.0.jar:na]
	at io.kotest.engine.test.TestCaseExecutor$execute$2$1.invoke(TestCaseExecutor.kt) ~[kotest-framework-engine-jvm-5.1.0.jar:na]
	at io.kotest.engine.test.TestCaseExecutor$execute$2$1.invoke(TestCaseExecutor.kt) ~[kotest-framework-engine-jvm-5.1.0.jar:na]
	at io.kotest.engine.test.interceptors.TestCaseExtensionInterceptor$intercept$2.invokeSuspend(TestCaseExtensionInterceptor.kt:24) ~[kotest-framework-engine-jvm-5.1.0.jar:na]
	at io.kotest.engine.test.interceptors.TestCaseExtensionInterceptor$intercept$2.invoke(TestCaseExtensionInterceptor.kt) ~[kotest-framework-engine-jvm-5.1.0.jar:na]
	at io.kotest.engine.test.interceptors.TestCaseExtensionInterceptor$intercept$2.invoke(TestCaseExtensionInterceptor.kt) ~[kotest-framework-engine-jvm-5.1.0.jar:na]
	at io.kotest.engine.test.TestExtensions$intercept$execute$1$1$1.invokeSuspend(TestExtensions.kt:149) ~[kotest-framework-engine-jvm-5.1.0.jar:na]
	at io.kotest.engine.test.TestExtensions$intercept$execute$1$1$1.invoke(TestExtensions.kt) ~[kotest-framework-engine-jvm-5.1.0.jar:na]
	at io.kotest.engine.test.TestExtensions$intercept$execute$1$1$1.invoke(TestExtensions.kt) ~[kotest-framework-engine-jvm-5.1.0.jar:na]
	at io.kotest.extensions.spring.SpringTestExtension.intercept(SpringTestExtension.kt:71) ~[kotest-extensions-spring-1.1.0.jar:na]
	at io.kotest.engine.test.TestExtensions$intercept$execute$1$1.invokeSuspend(TestExtensions.kt:146) ~[kotest-framework-engine-jvm-5.1.0.jar:na]
	at io.kotest.engine.test.TestExtensions$intercept$execute$1$1.invoke(TestExtensions.kt) ~[kotest-framework-engine-jvm-5.1.0.jar:na]
	at io.kotest.engine.test.TestExtensions$intercept$execute$1$1.invoke(TestExtensions.kt) ~[kotest-framework-engine-jvm-5.1.0.jar:na]
	at io.kotest.engine.test.TestExtensions.intercept(TestExtensions.kt:154) ~[kotest-framework-engine-jvm-5.1.0.jar:na]
	at io.kotest.engine.test.interceptors.TestCaseExtensionInterceptor.intercept(TestCaseExtensionInterceptor.kt:24) ~[kotest-framework-engine-jvm-5.1.0.jar:na]
	at io.kotest.engine.test.TestCaseExecutor$execute$2$1.invokeSuspend(TestCaseExecutor.kt:78) ~[kotest-framework-engine-jvm-5.1.0.jar:na]
	at io.kotest.engine.test.TestCaseExecutor$execute$2$1.invoke(TestCaseExecutor.kt) ~[kotest-framework-engine-jvm-5.1.0.jar:na]
	at io.kotest.engine.test.TestCaseExecutor$execute$2$1.invoke(TestCaseExecutor.kt) ~[kotest-framework-engine-jvm-5.1.0.jar:na]
	at io.kotest.engine.test.interceptors.CoroutineErrorCollectorInterceptor$intercept$3.invokeSuspend(CoroutineErrorCollectorInterceptor.kt:29) ~[kotest-framework-engine-jvm-5.1.0.jar:na]
	at io.kotest.engine.test.interceptors.CoroutineErrorCollectorInterceptor$intercept$3.invoke(CoroutineErrorCollectorInterceptor.kt) ~[kotest-framework-engine-jvm-5.1.0.jar:na]
	at io.kotest.engine.test.interceptors.CoroutineErrorCollectorInterceptor$intercept$3.invoke(CoroutineErrorCollectorInterceptor.kt) ~[kotest-framework-engine-jvm-5.1.0.jar:na]
	at kotlinx.coroutines.intrinsics.UndispatchedKt.startUndispatchedOrReturn(Undispatched.kt:89) ~[kotlinx-coroutines-core-jvm-1.6.0.jar:na]
	at kotlinx.coroutines.BuildersKt__Builders_commonKt.withContext(Builders.common.kt:165) ~[kotlinx-coroutines-core-jvm-1.6.0.jar:na]
	at kotlinx.coroutines.BuildersKt.withContext(Unknown Source) ~[kotlinx-coroutines-core-jvm-1.6.0.jar:na]
	at io.kotest.engine.test.interceptors.CoroutineErrorCollectorInterceptor.intercept(CoroutineErrorCollectorInterceptor.kt:28) ~[kotest-framework-engine-jvm-5.1.0.jar:na]
	at io.kotest.engine.test.TestCaseExecutor$execute$2$1.invokeSuspend(TestCaseExecutor.kt:78) ~[kotest-framework-engine-jvm-5.1.0.jar:na]
	at io.kotest.engine.test.TestCaseExecutor$execute$2$1.invoke(TestCaseExecutor.kt) ~[kotest-framework-engine-jvm-5.1.0.jar:na]
	at io.kotest.engine.test.TestCaseExecutor$execute$2$1.invoke(TestCaseExecutor.kt) ~[kotest-framework-engine-jvm-5.1.0.jar:na]
	at io.kotest.engine.test.interceptors.CoroutineDispatcherFactoryInterceptor$intercept$4.invokeSuspend(coroutineDispatcherFactoryInterceptor.kt:57) ~[kotest-framework-engine-jvm-5.1.0.jar:na]
	at io.kotest.engine.test.interceptors.CoroutineDispatcherFactoryInterceptor$intercept$4.invoke(coroutineDispatcherFactoryInterceptor.kt) ~[kotest-framework-engine-jvm-5.1.0.jar:na]
	at io.kotest.engine.test.interceptors.CoroutineDispatcherFactoryInterceptor$intercept$4.invoke(coroutineDispatcherFactoryInterceptor.kt) ~[kotest-framework-engine-jvm-5.1.0.jar:na]
	at io.kotest.engine.concurrency.FixedThreadCoroutineDispatcherFactory$withDispatcher$4.invokeSuspend(FixedThreadCoroutineDispatcherFactory.kt:53) ~[kotest-framework-engine-jvm-5.1.0.jar:na]
	at io.kotest.engine.concurrency.FixedThreadCoroutineDispatcherFactory$withDispatcher$4.invoke(FixedThreadCoroutineDispatcherFactory.kt) ~[kotest-framework-engine-jvm-5.1.0.jar:na]
	at io.kotest.engine.concurrency.FixedThreadCoroutineDispatcherFactory$withDispatcher$4.invoke(FixedThreadCoroutineDispatcherFactory.kt) ~[kotest-framework-engine-jvm-5.1.0.jar:na]
	at kotlinx.coroutines.intrinsics.UndispatchedKt.startUndispatchedOrReturn(Undispatched.kt:89) ~[kotlinx-coroutines-core-jvm-1.6.0.jar:na]
	at kotlinx.coroutines.BuildersKt__Builders_commonKt.withContext(Builders.common.kt:165) ~[kotlinx-coroutines-core-jvm-1.6.0.jar:na]
	at kotlinx.coroutines.BuildersKt.withContext(Unknown Source) ~[kotlinx-coroutines-core-jvm-1.6.0.jar:na]
	at io.kotest.engine.concurrency.FixedThreadCoroutineDispatcherFactory.withDispatcher(FixedThreadCoroutineDispatcherFactory.kt:52) ~[kotest-framework-engine-jvm-5.1.0.jar:na]
	at io.kotest.engine.test.interceptors.CoroutineDispatcherFactoryInterceptor.intercept(coroutineDispatcherFactoryInterceptor.kt:56) ~[kotest-framework-engine-jvm-5.1.0.jar:na]
	at io.kotest.engine.test.TestCaseExecutor$execute$2$1.invokeSuspend(TestCaseExecutor.kt:78) ~[kotest-framework-engine-jvm-5.1.0.jar:na]
	at io.kotest.engine.test.TestCaseExecutor$execute$2$1.invoke(TestCaseExecutor.kt) ~[kotest-framework-engine-jvm-5.1.0.jar:na]
	at io.kotest.engine.test.TestCaseExecutor$execute$2$1.invoke(TestCaseExecutor.kt) ~[kotest-framework-engine-jvm-5.1.0.jar:na]
	at io.kotest.engine.test.interceptors.SupervisorScopeInterceptor$intercept$2.invokeSuspend(SupervisorScopeInterceptor.kt:23) ~[kotest-framework-engine-jvm-5.1.0.jar:na]
	at io.kotest.engine.test.interceptors.SupervisorScopeInterceptor$intercept$2.invoke(SupervisorScopeInterceptor.kt) ~[kotest-framework-engine-jvm-5.1.0.jar:na]
	at io.kotest.engine.test.interceptors.SupervisorScopeInterceptor$intercept$2.invoke(SupervisorScopeInterceptor.kt) ~[kotest-framework-engine-jvm-5.1.0.jar:na]
	at kotlinx.coroutines.intrinsics.UndispatchedKt.startUndispatchedOrReturn(Undispatched.kt:89) ~[kotlinx-coroutines-core-jvm-1.6.0.jar:na]
	at kotlinx.coroutines.SupervisorKt.supervisorScope(Supervisor.kt:61) ~[kotlinx-coroutines-core-jvm-1.6.0.jar:na]
	at io.kotest.engine.test.interceptors.SupervisorScopeInterceptor.intercept(SupervisorScopeInterceptor.kt:22) ~[kotest-framework-engine-jvm-5.1.0.jar:na]
	at io.kotest.engine.test.TestCaseExecutor$execute$2$1.invokeSuspend(TestCaseExecutor.kt:78) ~[kotest-framework-engine-jvm-5.1.0.jar:na]
	at io.kotest.engine.test.TestCaseExecutor$execute$2$1.invoke(TestCaseExecutor.kt) ~[kotest-framework-engine-jvm-5.1.0.jar:na]
	at io.kotest.engine.test.TestCaseExecutor$execute$2$1.invoke(TestCaseExecutor.kt) ~[kotest-framework-engine-jvm-5.1.0.jar:na]
	at io.kotest.engine.test.interceptors.InvocationCountCheckInterceptor.intercept(InvocationCountCheckInterceptor.kt:29) ~[kotest-framework-engine-jvm-5.1.0.jar:na]
	at io.kotest.engine.test.TestCaseExecutor$execute$2$1.invokeSuspend(TestCaseExecutor.kt:78) ~[kotest-framework-engine-jvm-5.1.0.jar:na]
	at io.kotest.engine.test.TestCaseExecutor$execute$2$1.invoke(TestCaseExecutor.kt) ~[kotest-framework-engine-jvm-5.1.0.jar:na]
	at io.kotest.engine.test.TestCaseExecutor$execute$2$1.invoke(TestCaseExecutor.kt) ~[kotest-framework-engine-jvm-5.1.0.jar:na]
	at io.kotest.engine.test.interceptors.TestFinishedInterceptor.intercept(TestFinishedInterceptor.kt:21) ~[kotest-framework-engine-jvm-5.1.0.jar:na]
	at io.kotest.engine.test.TestCaseExecutor$execute$2$1.invokeSuspend(TestCaseExecutor.kt:78) ~[kotest-framework-engine-jvm-5.1.0.jar:na]
	at io.kotest.engine.test.TestCaseExecutor$execute$2$1.invoke(TestCaseExecutor.kt) ~[kotest-framework-engine-jvm-5.1.0.jar:na]
	at io.kotest.engine.test.TestCaseExecutor$execute$2$1.invoke(TestCaseExecutor.kt) ~[kotest-framework-engine-jvm-5.1.0.jar:na]
	at io.kotest.engine.test.TestCaseExecutor.execute(TestCaseExecutor.kt:79) ~[kotest-framework-engine-jvm-5.1.0.jar:na]
	at io.kotest.engine.spec.runners.SingleInstanceSpecRunner.runTest(SingleInstanceSpecRunner.kt:112) ~[kotest-framework-engine-jvm-5.1.0.jar:na]
	at io.kotest.engine.spec.runners.SingleInstanceSpecRunner.access$runTest(SingleInstanceSpecRunner.kt:31) ~[kotest-framework-engine-jvm-5.1.0.jar:na]
	at io.kotest.engine.spec.runners.SingleInstanceSpecRunner$Context.registerTestCase(SingleInstanceSpecRunner.kt:85) ~[kotest-framework-engine-jvm-5.1.0.jar:na]
	at io.kotest.engine.test.scopes.DuplicateNameHandlingTestScope.registerTestCase(DuplicateNameHandlingTestScope.kt:21) ~[kotest-framework-engine-jvm-5.1.0.jar:na]
	at io.kotest.engine.test.scopes.TestScopeWithCoroutineContext.registerTestCase(scopes.kt) ~[kotest-framework-engine-jvm-5.1.0.jar:na]
	at io.kotest.core.spec.style.scopes.AbstractContainerScope.registerTestCase$suspendImpl(ContainerScope.kt:209) ~[kotest-framework-api-jvm-5.1.0.jar:na]
	at io.kotest.core.spec.style.scopes.AbstractContainerScope.registerTestCase(ContainerScope.kt) ~[kotest-framework-api-jvm-5.1.0.jar:na]
	at io.kotest.core.spec.style.scopes.FeatureSpecContainerScope.registerTestCase(FeatureSpecContainerScope.kt:30) ~[kotest-framework-api-jvm-5.1.0.jar:na]
	at io.kotest.core.spec.style.scopes.ContainerScope$DefaultImpls.registerTest(ContainerScope.kt:76) ~[kotest-framework-api-jvm-5.1.0.jar:na]
	at io.kotest.core.spec.style.scopes.AbstractContainerScope.registerTest(ContainerScope.kt:205) ~[kotest-framework-api-jvm-5.1.0.jar:na]
	at io.kotest.core.spec.style.scopes.FeatureSpecContainerScope.scenario(FeatureSpecContainerScope.kt:49) ~[kotest-framework-api-jvm-5.1.0.jar:na]
	at ru.tinkoff.homework.lesson6.lesson6.service.BookServiceTest$2.invokeSuspend(BookServiceTest.kt:104) ~[test/:na]
	at ru.tinkoff.homework.lesson6.lesson6.service.BookServiceTest$2.invoke(BookServiceTest.kt) ~[test/:na]
	at ru.tinkoff.homework.lesson6.lesson6.service.BookServiceTest$2.invoke(BookServiceTest.kt) ~[test/:na]
	at io.kotest.core.spec.style.scopes.FeatureSpecRootScope$addFeature$1.invokeSuspend(FeatureSpecRootScope.kt:35) ~[kotest-framework-api-jvm-5.1.0.jar:na]
	at io.kotest.core.spec.style.scopes.FeatureSpecRootScope$addFeature$1.invoke(FeatureSpecRootScope.kt) ~[kotest-framework-api-jvm-5.1.0.jar:na]
	at io.kotest.core.spec.style.scopes.FeatureSpecRootScope$addFeature$1.invoke(FeatureSpecRootScope.kt) ~[kotest-framework-api-jvm-5.1.0.jar:na]
	at io.kotest.core.spec.style.scopes.RootScopeKt$addTest$1.invokeSuspend(RootScope.kt:36) ~[kotest-framework-api-jvm-5.1.0.jar:na]
	at io.kotest.core.spec.style.scopes.RootScopeKt$addTest$1.invoke(RootScope.kt) ~[kotest-framework-api-jvm-5.1.0.jar:na]
	at io.kotest.core.spec.style.scopes.RootScopeKt$addTest$1.invoke(RootScope.kt) ~[kotest-framework-api-jvm-5.1.0.jar:na]
	at io.kotest.engine.test.TestCaseExecutor$execute$innerExecute$1.invokeSuspend(TestCaseExecutor.kt:73) ~[kotest-framework-engine-jvm-5.1.0.jar:na]
	at io.kotest.engine.test.TestCaseExecutor$execute$innerExecute$1.invoke(TestCaseExecutor.kt) ~[kotest-framework-engine-jvm-5.1.0.jar:na]
	at io.kotest.engine.test.TestCaseExecutor$execute$innerExecute$1.invoke(TestCaseExecutor.kt) ~[kotest-framework-engine-jvm-5.1.0.jar:na]
	at io.kotest.engine.test.interceptors.CoroutineDebugProbeInterceptor.intercept(CoroutineDebugProbeInterceptor.kt:29) ~[kotest-framework-engine-jvm-5.1.0.jar:na]
	at io.kotest.engine.test.TestCaseExecutor$execute$2$1.invokeSuspend(TestCaseExecutor.kt:78) ~[kotest-framework-engine-jvm-5.1.0.jar:na]
	at io.kotest.engine.test.TestCaseExecutor$execute$2$1.invoke(TestCaseExecutor.kt) ~[kotest-framework-engine-jvm-5.1.0.jar:na]
	at io.kotest.engine.test.TestCaseExecutor$execute$2$1.invoke(TestCaseExecutor.kt) ~[kotest-framework-engine-jvm-5.1.0.jar:na]
	at io.kotest.engine.test.interceptors.InvocationTimeoutInterceptor.intercept(InvocationTimeoutInterceptor.kt:28) ~[kotest-framework-engine-jvm-5.1.0.jar:na]
	at io.kotest.engine.test.TestCaseExecutor$execute$2$1.invokeSuspend(TestCaseExecutor.kt:78) ~[kotest-framework-engine-jvm-5.1.0.jar:na]
	at io.kotest.engine.test.TestCaseExecutor$execute$2$1.invoke(TestCaseExecutor.kt) ~[kotest-framework-engine-jvm-5.1.0.jar:na]
	at io.kotest.engine.test.TestCaseExecutor$execute$2$1.invoke(TestCaseExecutor.kt) ~[kotest-framework-engine-jvm-5.1.0.jar:na]
	at io.kotest.engine.test.TestInvocationInterceptor$intercept$2$3.invokeSuspend(TestInvocationInterceptor.kt:35) ~[kotest-framework-engine-jvm-5.1.0.jar:na]
	at io.kotest.engine.test.TestInvocationInterceptor$intercept$2$3.invoke(TestInvocationInterceptor.kt) ~[kotest-framework-engine-jvm-5.1.0.jar:na]
	at io.kotest.engine.test.TestInvocationInterceptor$intercept$2$3.invoke(TestInvocationInterceptor.kt) ~[kotest-framework-engine-jvm-5.1.0.jar:na]
	at io.kotest.mpp.ReplayKt.replay(replay.kt:18) ~[kotest-common-jvm-5.1.0.jar:na]
	at io.kotest.engine.test.TestInvocationInterceptor$intercept$2.invokeSuspend(TestInvocationInterceptor.kt:30) ~[kotest-framework-engine-jvm-5.1.0.jar:na]
	at io.kotest.engine.test.TestInvocationInterceptor$intercept$2.invoke(TestInvocationInterceptor.kt) ~[kotest-framework-engine-jvm-5.1.0.jar:na]
	at io.kotest.engine.test.TestInvocationInterceptor$intercept$2.invoke(TestInvocationInterceptor.kt) ~[kotest-framework-engine-jvm-5.1.0.jar:na]
	at kotlinx.coroutines.intrinsics.UndispatchedKt.startUndispatchedOrReturn(Undispatched.kt:89) ~[kotlinx-coroutines-core-jvm-1.6.0.jar:na]
	at kotlinx.coroutines.CoroutineScopeKt.coroutineScope(CoroutineScope.kt:264) ~[kotlinx-coroutines-core-jvm-1.6.0.jar:na]
	at io.kotest.engine.test.TestInvocationInterceptor.intercept(TestInvocationInterceptor.kt:29) ~[kotest-framework-engine-jvm-5.1.0.jar:na]
	at io.kotest.engine.test.TestCaseExecutor$execute$2$1.invokeSuspend(TestCaseExecutor.kt:78) ~[kotest-framework-engine-jvm-5.1.0.jar:na]
	at io.kotest.engine.test.TestCaseExecutor$execute$2$1.invoke(TestCaseExecutor.kt) ~[kotest-framework-engine-jvm-5.1.0.jar:na]
	at io.kotest.engine.test.TestCaseExecutor$execute$2$1.invoke(TestCaseExecutor.kt) ~[kotest-framework-engine-jvm-5.1.0.jar:na]
	at io.kotest.engine.test.interceptors.TimeoutInterceptor$intercept$3.invokeSuspend(TimeoutInterceptor.kt:34) ~[kotest-framework-engine-jvm-5.1.0.jar:na]
	at io.kotest.engine.test.interceptors.TimeoutInterceptor$intercept$3.invoke(TimeoutInterceptor.kt) ~[kotest-framework-engine-jvm-5.1.0.jar:na]
	at io.kotest.engine.test.interceptors.TimeoutInterceptor$intercept$3.invoke(TimeoutInterceptor.kt) ~[kotest-framework-engine-jvm-5.1.0.jar:na]
	at kotlinx.coroutines.intrinsics.UndispatchedKt.startUndispatchedOrReturnIgnoreTimeout(Undispatched.kt:100) ~[kotlinx-coroutines-core-jvm-1.6.0.jar:na]
	at kotlinx.coroutines.TimeoutKt.setupTimeout(Timeout.kt:146) ~[kotlinx-coroutines-core-jvm-1.6.0.jar:na]
	at kotlinx.coroutines.TimeoutKt.withTimeout(Timeout.kt:44) ~[kotlinx-coroutines-core-jvm-1.6.0.jar:na]
	at kotlinx.coroutines.TimeoutKt.withTimeout-KLykuaI(Timeout.kt:71) ~[kotlinx-coroutines-core-jvm-1.6.0.jar:na]
	at io.kotest.engine.test.interceptors.TimeoutInterceptor.intercept(TimeoutInterceptor.kt:33) ~[kotest-framework-engine-jvm-5.1.0.jar:na]
	at io.kotest.engine.test.TestCaseExecutor$execute$2$1.invokeSuspend(TestCaseExecutor.kt:78) ~[kotest-framework-engine-jvm-5.1.0.jar:na]
	at io.kotest.engine.test.TestCaseExecutor$execute$2$1.invoke(TestCaseExecutor.kt) ~[kotest-framework-engine-jvm-5.1.0.jar:na]
	at io.kotest.engine.test.TestCaseExecutor$execute$2$1.invoke(TestCaseExecutor.kt) ~[kotest-framework-engine-jvm-5.1.0.jar:na]
	at io.kotest.engine.test.interceptors.BlockedThreadTimeoutInterceptor.intercept(BlockedThreadTimeoutInterceptor.kt:74) ~[kotest-framework-engine-jvm-5.1.0.jar:na]
	at io.kotest.engine.test.TestCaseExecutor$execute$2$1.invokeSuspend(TestCaseExecutor.kt:78) ~[kotest-framework-engine-jvm-5.1.0.jar:na]
	at io.kotest.engine.test.TestCaseExecutor$execute$2$1.invoke(TestCaseExecutor.kt) ~[kotest-framework-engine-jvm-5.1.0.jar:na]
	at io.kotest.engine.test.TestCaseExecutor$execute$2$1.invoke(TestCaseExecutor.kt) ~[kotest-framework-engine-jvm-5.1.0.jar:na]
	at io.kotest.engine.test.interceptors.CoroutineLoggingInterceptor.intercept(CoroutineLoggingInterceptor.kt:30) ~[kotest-framework-engine-jvm-5.1.0.jar:na]
	at io.kotest.engine.test.TestCaseExecutor$execute$2$1.invokeSuspend(TestCaseExecutor.kt:78) ~[kotest-framework-engine-jvm-5.1.0.jar:na]
	at io.kotest.engine.test.TestCaseExecutor$execute$2$1.invoke(TestCaseExecutor.kt) ~[kotest-framework-engine-jvm-5.1.0.jar:na]
	at io.kotest.engine.test.TestCaseExecutor$execute$2$1.invoke(TestCaseExecutor.kt) ~[kotest-framework-engine-jvm-5.1.0.jar:na]
	at io.kotest.engine.test.interceptors.SoftAssertInterceptor.intercept(SoftAssertInterceptor.kt:26) ~[kotest-framework-engine-jvm-5.1.0.jar:na]
	at io.kotest.engine.test.TestCaseExecutor$execute$2$1.invokeSuspend(TestCaseExecutor.kt:78) ~[kotest-framework-engine-jvm-5.1.0.jar:na]
	at io.kotest.engine.test.TestCaseExecutor$execute$2$1.invoke(TestCaseExecutor.kt) ~[kotest-framework-engine-jvm-5.1.0.jar:na]
	at io.kotest.engine.test.TestCaseExecutor$execute$2$1.invoke(TestCaseExecutor.kt) ~[kotest-framework-engine-jvm-5.1.0.jar:na]
	at io.kotest.engine.test.interceptors.AssertionModeInterceptor.intercept(AssertionModeInterceptor.kt:24) ~[kotest-framework-engine-jvm-5.1.0.jar:na]
	at io.kotest.engine.test.TestCaseExecutor$execute$2$1.invokeSuspend(TestCaseExecutor.kt:78) ~[kotest-framework-engine-jvm-5.1.0.jar:na]
	at io.kotest.engine.test.TestCaseExecutor$execute$2$1.invoke(TestCaseExecutor.kt) ~[kotest-framework-engine-jvm-5.1.0.jar:na]
	at io.kotest.engine.test.TestCaseExecutor$execute$2$1.invoke(TestCaseExecutor.kt) ~[kotest-framework-engine-jvm-5.1.0.jar:na]
	at io.kotest.engine.test.interceptors.LifecycleInterceptor.intercept(LifecycleInterceptor.kt:50) ~[kotest-framework-engine-jvm-5.1.0.jar:na]
	at io.kotest.engine.test.TestCaseExecutor$execute$2$1.invokeSuspend(TestCaseExecutor.kt:78) ~[kotest-framework-engine-jvm-5.1.0.jar:na]
	at io.kotest.engine.test.TestCaseExecutor$execute$2$1.invoke(TestCaseExecutor.kt) ~[kotest-framework-engine-jvm-5.1.0.jar:na]
	at io.kotest.engine.test.TestCaseExecutor$execute$2$1.invoke(TestCaseExecutor.kt) ~[kotest-framework-engine-jvm-5.1.0.jar:na]
	at io.kotest.engine.test.interceptors.EnabledCheckInterceptor.intercept(EnabledCheckInterceptor.kt:31) ~[kotest-framework-engine-jvm-5.1.0.jar:na]
	at io.kotest.engine.test.TestCaseExecutor$execute$2$1.invokeSuspend(TestCaseExecutor.kt:78) ~[kotest-framework-engine-jvm-5.1.0.jar:na]
	at io.kotest.engine.test.TestCaseExecutor$execute$2$1.invoke(TestCaseExecutor.kt) ~[kotest-framework-engine-jvm-5.1.0.jar:na]
	at io.kotest.engine.test.TestCaseExecutor$execute$2$1.invoke(TestCaseExecutor.kt) ~[kotest-framework-engine-jvm-5.1.0.jar:na]
	at io.kotest.engine.test.interceptors.TestCaseExtensionInterceptor$intercept$2.invokeSuspend(TestCaseExtensionInterceptor.kt:24) ~[kotest-framework-engine-jvm-5.1.0.jar:na]
	at io.kotest.engine.test.interceptors.TestCaseExtensionInterceptor$intercept$2.invoke(TestCaseExtensionInterceptor.kt) ~[kotest-framework-engine-jvm-5.1.0.jar:na]
	at io.kotest.engine.test.interceptors.TestCaseExtensionInterceptor$intercept$2.invoke(TestCaseExtensionInterceptor.kt) ~[kotest-framework-engine-jvm-5.1.0.jar:na]
	at io.kotest.engine.test.TestExtensions$intercept$execute$1$1$1.invokeSuspend(TestExtensions.kt:149) ~[kotest-framework-engine-jvm-5.1.0.jar:na]
	at io.kotest.engine.test.TestExtensions$intercept$execute$1$1$1.invoke(TestExtensions.kt) ~[kotest-framework-engine-jvm-5.1.0.jar:na]
	at io.kotest.engine.test.TestExtensions$intercept$execute$1$1$1.invoke(TestExtensions.kt) ~[kotest-framework-engine-jvm-5.1.0.jar:na]
	at io.kotest.extensions.spring.SpringTestExtension.intercept(SpringTestExtension.kt:71) ~[kotest-extensions-spring-1.1.0.jar:na]
	at io.kotest.engine.test.TestExtensions$intercept$execute$1$1.invokeSuspend(TestExtensions.kt:146) ~[kotest-framework-engine-jvm-5.1.0.jar:na]
	at io.kotest.engine.test.TestExtensions$intercept$execute$1$1.invoke(TestExtensions.kt) ~[kotest-framework-engine-jvm-5.1.0.jar:na]
	at io.kotest.engine.test.TestExtensions$intercept$execute$1$1.invoke(TestExtensions.kt) ~[kotest-framework-engine-jvm-5.1.0.jar:na]
	at io.kotest.engine.test.TestExtensions.intercept(TestExtensions.kt:154) ~[kotest-framework-engine-jvm-5.1.0.jar:na]
	at io.kotest.engine.test.interceptors.TestCaseExtensionInterceptor.intercept(TestCaseExtensionInterceptor.kt:24) ~[kotest-framework-engine-jvm-5.1.0.jar:na]
	at io.kotest.engine.test.TestCaseExecutor$execute$2$1.invokeSuspend(TestCaseExecutor.kt:78) ~[kotest-framework-engine-jvm-5.1.0.jar:na]
	at io.kotest.engine.test.TestCaseExecutor$execute$2$1.invoke(TestCaseExecutor.kt) ~[kotest-framework-engine-jvm-5.1.0.jar:na]
	at io.kotest.engine.test.TestCaseExecutor$execute$2$1.invoke(TestCaseExecutor.kt) ~[kotest-framework-engine-jvm-5.1.0.jar:na]
	at io.kotest.engine.test.interceptors.CoroutineErrorCollectorInterceptor$intercept$3.invokeSuspend(CoroutineErrorCollectorInterceptor.kt:29) ~[kotest-framework-engine-jvm-5.1.0.jar:na]
	at io.kotest.engine.test.interceptors.CoroutineErrorCollectorInterceptor$intercept$3.invoke(CoroutineErrorCollectorInterceptor.kt) ~[kotest-framework-engine-jvm-5.1.0.jar:na]
	at io.kotest.engine.test.interceptors.CoroutineErrorCollectorInterceptor$intercept$3.invoke(CoroutineErrorCollectorInterceptor.kt) ~[kotest-framework-engine-jvm-5.1.0.jar:na]
	at kotlinx.coroutines.intrinsics.UndispatchedKt.startUndispatchedOrReturn(Undispatched.kt:89) ~[kotlinx-coroutines-core-jvm-1.6.0.jar:na]
	at kotlinx.coroutines.BuildersKt__Builders_commonKt.withContext(Builders.common.kt:165) ~[kotlinx-coroutines-core-jvm-1.6.0.jar:na]
	at kotlinx.coroutines.BuildersKt.withContext(Unknown Source) ~[kotlinx-coroutines-core-jvm-1.6.0.jar:na]
	at io.kotest.engine.test.interceptors.CoroutineErrorCollectorInterceptor.intercept(CoroutineErrorCollectorInterceptor.kt:28) ~[kotest-framework-engine-jvm-5.1.0.jar:na]
	at io.kotest.engine.test.TestCaseExecutor$execute$2$1.invokeSuspend(TestCaseExecutor.kt:78) ~[kotest-framework-engine-jvm-5.1.0.jar:na]
	at io.kotest.engine.test.TestCaseExecutor$execute$2$1.invoke(TestCaseExecutor.kt) ~[kotest-framework-engine-jvm-5.1.0.jar:na]
	at io.kotest.engine.test.TestCaseExecutor$execute$2$1.invoke(TestCaseExecutor.kt) ~[kotest-framework-engine-jvm-5.1.0.jar:na]
	at io.kotest.engine.test.interceptors.CoroutineDispatcherFactoryInterceptor$intercept$4.invokeSuspend(coroutineDispatcherFactoryInterceptor.kt:57) ~[kotest-framework-engine-jvm-5.1.0.jar:na]
	at io.kotest.engine.test.interceptors.CoroutineDispatcherFactoryInterceptor$intercept$4.invoke(coroutineDispatcherFactoryInterceptor.kt) ~[kotest-framework-engine-jvm-5.1.0.jar:na]
	at io.kotest.engine.test.interceptors.CoroutineDispatcherFactoryInterceptor$intercept$4.invoke(coroutineDispatcherFactoryInterceptor.kt) ~[kotest-framework-engine-jvm-5.1.0.jar:na]
	at io.kotest.engine.concurrency.FixedThreadCoroutineDispatcherFactory$withDispatcher$4.invokeSuspend(FixedThreadCoroutineDispatcherFactory.kt:53) ~[kotest-framework-engine-jvm-5.1.0.jar:na]
	at kotlin.coroutines.jvm.internal.BaseContinuationImpl.resumeWith(ContinuationImpl.kt:33) ~[kotlin-stdlib-1.6.10.jar:1.6.10-release-923(1.6.10)]
	at kotlinx.coroutines.DispatchedTask.run(DispatchedTask.kt:106) ~[kotlinx-coroutines-core-jvm-1.6.0.jar:na]
	at java.base/java.util.concurrent.ThreadPoolExecutor.runWorker(ThreadPoolExecutor.java:1136) ~[na:na]
	at java.base/java.util.concurrent.ThreadPoolExecutor$Worker.run(ThreadPoolExecutor.java:635) ~[na:na]
	at java.base/java.lang.Thread.run(Thread.java:833) ~[na:na]

2022-04-20 20:47:50.662  WARN 18406 --- [-1 @coroutine#5] r.t.h.l.l.c.ExceptionHandlingController  : Book with given 0374275637 is not present in DB!

java.lang.IllegalArgumentException: Book with given 0374275637 is not present in DB!
	at ru.tinkoff.homework.lesson6.lesson6.service.BookService.getBookByIsbn(BookService.kt:43) ~[main/:na]
	at ru.tinkoff.homework.lesson6.lesson6.controller.BookController.getBookByIsbn(BookController.kt:23) ~[main/:na]
	at java.base/jdk.internal.reflect.NativeMethodAccessorImpl.invoke0(Native Method) ~[na:na]
	at java.base/jdk.internal.reflect.NativeMethodAccessorImpl.invoke(NativeMethodAccessorImpl.java:77) ~[na:na]
	at java.base/jdk.internal.reflect.DelegatingMethodAccessorImpl.invoke(DelegatingMethodAccessorImpl.java:43) ~[na:na]
	at java.base/java.lang.reflect.Method.invoke(Method.java:568) ~[na:na]
	at org.springframework.web.method.support.InvocableHandlerMethod.doInvoke(InvocableHandlerMethod.java:205) ~[spring-web-5.3.18.jar:5.3.18]
	at org.springframework.web.method.support.InvocableHandlerMethod.invokeForRequest(InvocableHandlerMethod.java:150) ~[spring-web-5.3.18.jar:5.3.18]
	at org.springframework.web.servlet.mvc.method.annotation.ServletInvocableHandlerMethod.invokeAndHandle(ServletInvocableHandlerMethod.java:117) ~[spring-webmvc-5.3.18.jar:5.3.18]
	at org.springframework.web.servlet.mvc.method.annotation.RequestMappingHandlerAdapter.invokeHandlerMethod(RequestMappingHandlerAdapter.java:895) ~[spring-webmvc-5.3.18.jar:5.3.18]
	at org.springframework.web.servlet.mvc.method.annotation.RequestMappingHandlerAdapter.handleInternal(RequestMappingHandlerAdapter.java:808) ~[spring-webmvc-5.3.18.jar:5.3.18]
	at org.springframework.web.servlet.mvc.method.AbstractHandlerMethodAdapter.handle(AbstractHandlerMethodAdapter.java:87) ~[spring-webmvc-5.3.18.jar:5.3.18]
	at org.springframework.web.servlet.DispatcherServlet.doDispatch(DispatcherServlet.java:1067) ~[spring-webmvc-5.3.18.jar:5.3.18]
	at org.springframework.web.servlet.DispatcherServlet.doService(DispatcherServlet.java:963) ~[spring-webmvc-5.3.18.jar:5.3.18]
	at org.springframework.web.servlet.FrameworkServlet.processRequest(FrameworkServlet.java:1006) ~[spring-webmvc-5.3.18.jar:5.3.18]
	at org.springframework.web.servlet.FrameworkServlet.doGet(FrameworkServlet.java:898) ~[spring-webmvc-5.3.18.jar:5.3.18]
	at javax.servlet.http.HttpServlet.service(HttpServlet.java:655) ~[tomcat-embed-core-9.0.60.jar:4.0.FR]
	at org.springframework.web.servlet.FrameworkServlet.service(FrameworkServlet.java:883) ~[spring-webmvc-5.3.18.jar:5.3.18]
	at org.springframework.test.web.servlet.TestDispatcherServlet.service(TestDispatcherServlet.java:72) ~[spring-test-5.3.18.jar:5.3.18]
	at javax.servlet.http.HttpServlet.service(HttpServlet.java:764) ~[tomcat-embed-core-9.0.60.jar:4.0.FR]
	at org.springframework.mock.web.MockFilterChain$ServletFilterProxy.doFilter(MockFilterChain.java:167) ~[spring-test-5.3.18.jar:5.3.18]
	at org.springframework.mock.web.MockFilterChain.doFilter(MockFilterChain.java:134) ~[spring-test-5.3.18.jar:5.3.18]
	at org.springframework.web.filter.CharacterEncodingFilter.doFilterInternal(CharacterEncodingFilter.java:201) ~[spring-web-5.3.18.jar:5.3.18]
	at org.springframework.web.filter.OncePerRequestFilter.doFilter(OncePerRequestFilter.java:117) ~[spring-web-5.3.18.jar:5.3.18]
	at org.springframework.mock.web.MockFilterChain.doFilter(MockFilterChain.java:134) ~[spring-test-5.3.18.jar:5.3.18]
	at org.springframework.test.web.servlet.MockMvc.perform(MockMvc.java:199) ~[spring-test-5.3.18.jar:5.3.18]
	at org.springframework.test.web.servlet.MockHttpServletRequestDsl.perform$spring_test(MockHttpServletRequestDsl.kt:207) ~[spring-test-5.3.18.jar:5.3.18]
	at org.springframework.test.web.servlet.MockMvcExtensionsKt.get(MockMvcExtensions.kt:32) ~[spring-test-5.3.18.jar:5.3.18]
	at org.springframework.test.web.servlet.MockMvcExtensionsKt.get$default(MockMvcExtensions.kt:30) ~[spring-test-5.3.18.jar:5.3.18]
	at ru.tinkoff.homework.lesson6.lesson6.service.BookServiceTest.getStatusCodeGetBookByIsbn(BookServiceTest.kt:143) ~[test/:na]
	at ru.tinkoff.homework.lesson6.lesson6.service.BookServiceTest.access$getStatusCodeGetBookByIsbn(BookServiceTest.kt:38) ~[test/:na]
	at ru.tinkoff.homework.lesson6.lesson6.service.BookServiceTest$3$2.invokeSuspend(BookServiceTest.kt:122) ~[test/:na]
	at ru.tinkoff.homework.lesson6.lesson6.service.BookServiceTest$3$2.invoke(BookServiceTest.kt) ~[test/:na]
	at ru.tinkoff.homework.lesson6.lesson6.service.BookServiceTest$3$2.invoke(BookServiceTest.kt) ~[test/:na]
	at io.kotest.engine.test.TestCaseExecutor$execute$innerExecute$1.invokeSuspend(TestCaseExecutor.kt:73) ~[kotest-framework-engine-jvm-5.1.0.jar:na]
	at io.kotest.engine.test.TestCaseExecutor$execute$innerExecute$1.invoke(TestCaseExecutor.kt) ~[kotest-framework-engine-jvm-5.1.0.jar:na]
	at io.kotest.engine.test.TestCaseExecutor$execute$innerExecute$1.invoke(TestCaseExecutor.kt) ~[kotest-framework-engine-jvm-5.1.0.jar:na]
	at io.kotest.engine.test.interceptors.CoroutineDebugProbeInterceptor.intercept(CoroutineDebugProbeInterceptor.kt:29) ~[kotest-framework-engine-jvm-5.1.0.jar:na]
	at io.kotest.engine.test.TestCaseExecutor$execute$2$1.invokeSuspend(TestCaseExecutor.kt:78) ~[kotest-framework-engine-jvm-5.1.0.jar:na]
	at io.kotest.engine.test.TestCaseExecutor$execute$2$1.invoke(TestCaseExecutor.kt) ~[kotest-framework-engine-jvm-5.1.0.jar:na]
	at io.kotest.engine.test.TestCaseExecutor$execute$2$1.invoke(TestCaseExecutor.kt) ~[kotest-framework-engine-jvm-5.1.0.jar:na]
	at io.kotest.engine.test.interceptors.InvocationTimeoutInterceptor$intercept$3.invokeSuspend(InvocationTimeoutInterceptor.kt:43) ~[kotest-framework-engine-jvm-5.1.0.jar:na]
	at io.kotest.engine.test.interceptors.InvocationTimeoutInterceptor$intercept$3.invoke(InvocationTimeoutInterceptor.kt) ~[kotest-framework-engine-jvm-5.1.0.jar:na]
	at io.kotest.engine.test.interceptors.InvocationTimeoutInterceptor$intercept$3.invoke(InvocationTimeoutInterceptor.kt) ~[kotest-framework-engine-jvm-5.1.0.jar:na]
	at kotlinx.coroutines.intrinsics.UndispatchedKt.startUndispatchedOrReturnIgnoreTimeout(Undispatched.kt:100) ~[kotlinx-coroutines-core-jvm-1.6.0.jar:na]
	at kotlinx.coroutines.TimeoutKt.setupTimeout(Timeout.kt:146) ~[kotlinx-coroutines-core-jvm-1.6.0.jar:na]
	at kotlinx.coroutines.TimeoutKt.withTimeoutOrNull(Timeout.kt:103) ~[kotlinx-coroutines-core-jvm-1.6.0.jar:na]
	at kotlinx.coroutines.TimeoutKt.withTimeoutOrNull-KLykuaI(Timeout.kt:134) ~[kotlinx-coroutines-core-jvm-1.6.0.jar:na]
	at io.kotest.engine.test.interceptors.InvocationTimeoutInterceptor.intercept(InvocationTimeoutInterceptor.kt:42) ~[kotest-framework-engine-jvm-5.1.0.jar:na]
	at io.kotest.engine.test.TestCaseExecutor$execute$2$1.invokeSuspend(TestCaseExecutor.kt:78) ~[kotest-framework-engine-jvm-5.1.0.jar:na]
	at io.kotest.engine.test.TestCaseExecutor$execute$2$1.invoke(TestCaseExecutor.kt) ~[kotest-framework-engine-jvm-5.1.0.jar:na]
	at io.kotest.engine.test.TestCaseExecutor$execute$2$1.invoke(TestCaseExecutor.kt) ~[kotest-framework-engine-jvm-5.1.0.jar:na]
	at io.kotest.engine.test.TestInvocationInterceptor$intercept$2$3.invokeSuspend(TestInvocationInterceptor.kt:35) ~[kotest-framework-engine-jvm-5.1.0.jar:na]
	at io.kotest.engine.test.TestInvocationInterceptor$intercept$2$3.invoke(TestInvocationInterceptor.kt) ~[kotest-framework-engine-jvm-5.1.0.jar:na]
	at io.kotest.engine.test.TestInvocationInterceptor$intercept$2$3.invoke(TestInvocationInterceptor.kt) ~[kotest-framework-engine-jvm-5.1.0.jar:na]
	at io.kotest.mpp.ReplayKt.replay(replay.kt:18) ~[kotest-common-jvm-5.1.0.jar:na]
	at io.kotest.engine.test.TestInvocationInterceptor$intercept$2.invokeSuspend(TestInvocationInterceptor.kt:30) ~[kotest-framework-engine-jvm-5.1.0.jar:na]
	at io.kotest.engine.test.TestInvocationInterceptor$intercept$2.invoke(TestInvocationInterceptor.kt) ~[kotest-framework-engine-jvm-5.1.0.jar:na]
	at io.kotest.engine.test.TestInvocationInterceptor$intercept$2.invoke(TestInvocationInterceptor.kt) ~[kotest-framework-engine-jvm-5.1.0.jar:na]
	at kotlinx.coroutines.intrinsics.UndispatchedKt.startUndispatchedOrReturn(Undispatched.kt:89) ~[kotlinx-coroutines-core-jvm-1.6.0.jar:na]
	at kotlinx.coroutines.CoroutineScopeKt.coroutineScope(CoroutineScope.kt:264) ~[kotlinx-coroutines-core-jvm-1.6.0.jar:na]
	at io.kotest.engine.test.TestInvocationInterceptor.intercept(TestInvocationInterceptor.kt:29) ~[kotest-framework-engine-jvm-5.1.0.jar:na]
	at io.kotest.engine.test.TestCaseExecutor$execute$2$1.invokeSuspend(TestCaseExecutor.kt:78) ~[kotest-framework-engine-jvm-5.1.0.jar:na]
	at io.kotest.engine.test.TestCaseExecutor$execute$2$1.invoke(TestCaseExecutor.kt) ~[kotest-framework-engine-jvm-5.1.0.jar:na]
	at io.kotest.engine.test.TestCaseExecutor$execute$2$1.invoke(TestCaseExecutor.kt) ~[kotest-framework-engine-jvm-5.1.0.jar:na]
	at io.kotest.engine.test.interceptors.TimeoutInterceptor$intercept$3.invokeSuspend(TimeoutInterceptor.kt:34) ~[kotest-framework-engine-jvm-5.1.0.jar:na]
	at io.kotest.engine.test.interceptors.TimeoutInterceptor$intercept$3.invoke(TimeoutInterceptor.kt) ~[kotest-framework-engine-jvm-5.1.0.jar:na]
	at io.kotest.engine.test.interceptors.TimeoutInterceptor$intercept$3.invoke(TimeoutInterceptor.kt) ~[kotest-framework-engine-jvm-5.1.0.jar:na]
	at kotlinx.coroutines.intrinsics.UndispatchedKt.startUndispatchedOrReturnIgnoreTimeout(Undispatched.kt:100) ~[kotlinx-coroutines-core-jvm-1.6.0.jar:na]
	at kotlinx.coroutines.TimeoutKt.setupTimeout(Timeout.kt:146) ~[kotlinx-coroutines-core-jvm-1.6.0.jar:na]
	at kotlinx.coroutines.TimeoutKt.withTimeout(Timeout.kt:44) ~[kotlinx-coroutines-core-jvm-1.6.0.jar:na]
	at kotlinx.coroutines.TimeoutKt.withTimeout-KLykuaI(Timeout.kt:71) ~[kotlinx-coroutines-core-jvm-1.6.0.jar:na]
	at io.kotest.engine.test.interceptors.TimeoutInterceptor.intercept(TimeoutInterceptor.kt:33) ~[kotest-framework-engine-jvm-5.1.0.jar:na]
	at io.kotest.engine.test.TestCaseExecutor$execute$2$1.invokeSuspend(TestCaseExecutor.kt:78) ~[kotest-framework-engine-jvm-5.1.0.jar:na]
	at io.kotest.engine.test.TestCaseExecutor$execute$2$1.invoke(TestCaseExecutor.kt) ~[kotest-framework-engine-jvm-5.1.0.jar:na]
	at io.kotest.engine.test.TestCaseExecutor$execute$2$1.invoke(TestCaseExecutor.kt) ~[kotest-framework-engine-jvm-5.1.0.jar:na]
	at io.kotest.engine.test.interceptors.BlockedThreadTimeoutInterceptor.intercept(BlockedThreadTimeoutInterceptor.kt:74) ~[kotest-framework-engine-jvm-5.1.0.jar:na]
	at io.kotest.engine.test.TestCaseExecutor$execute$2$1.invokeSuspend(TestCaseExecutor.kt:78) ~[kotest-framework-engine-jvm-5.1.0.jar:na]
	at io.kotest.engine.test.TestCaseExecutor$execute$2$1.invoke(TestCaseExecutor.kt) ~[kotest-framework-engine-jvm-5.1.0.jar:na]
	at io.kotest.engine.test.TestCaseExecutor$execute$2$1.invoke(TestCaseExecutor.kt) ~[kotest-framework-engine-jvm-5.1.0.jar:na]
	at io.kotest.engine.test.interceptors.CoroutineLoggingInterceptor.intercept(CoroutineLoggingInterceptor.kt:30) ~[kotest-framework-engine-jvm-5.1.0.jar:na]
	at io.kotest.engine.test.TestCaseExecutor$execute$2$1.invokeSuspend(TestCaseExecutor.kt:78) ~[kotest-framework-engine-jvm-5.1.0.jar:na]
	at io.kotest.engine.test.TestCaseExecutor$execute$2$1.invoke(TestCaseExecutor.kt) ~[kotest-framework-engine-jvm-5.1.0.jar:na]
	at io.kotest.engine.test.TestCaseExecutor$execute$2$1.invoke(TestCaseExecutor.kt) ~[kotest-framework-engine-jvm-5.1.0.jar:na]
	at io.kotest.engine.test.interceptors.SoftAssertInterceptor.intercept(SoftAssertInterceptor.kt:27) ~[kotest-framework-engine-jvm-5.1.0.jar:na]
	at io.kotest.engine.test.TestCaseExecutor$execute$2$1.invokeSuspend(TestCaseExecutor.kt:78) ~[kotest-framework-engine-jvm-5.1.0.jar:na]
	at io.kotest.engine.test.TestCaseExecutor$execute$2$1.invoke(TestCaseExecutor.kt) ~[kotest-framework-engine-jvm-5.1.0.jar:na]
	at io.kotest.engine.test.TestCaseExecutor$execute$2$1.invoke(TestCaseExecutor.kt) ~[kotest-framework-engine-jvm-5.1.0.jar:na]
	at io.kotest.engine.test.interceptors.AssertionModeInterceptor.intercept(AssertionModeInterceptor.kt:25) ~[kotest-framework-engine-jvm-5.1.0.jar:na]
	at io.kotest.engine.test.TestCaseExecutor$execute$2$1.invokeSuspend(TestCaseExecutor.kt:78) ~[kotest-framework-engine-jvm-5.1.0.jar:na]
	at io.kotest.engine.test.TestCaseExecutor$execute$2$1.invoke(TestCaseExecutor.kt) ~[kotest-framework-engine-jvm-5.1.0.jar:na]
	at io.kotest.engine.test.TestCaseExecutor$execute$2$1.invoke(TestCaseExecutor.kt) ~[kotest-framework-engine-jvm-5.1.0.jar:na]
	at io.kotest.engine.test.interceptors.LifecycleInterceptor.intercept(LifecycleInterceptor.kt:50) ~[kotest-framework-engine-jvm-5.1.0.jar:na]
	at io.kotest.engine.test.TestCaseExecutor$execute$2$1.invokeSuspend(TestCaseExecutor.kt:78) ~[kotest-framework-engine-jvm-5.1.0.jar:na]
	at io.kotest.engine.test.TestCaseExecutor$execute$2$1.invoke(TestCaseExecutor.kt) ~[kotest-framework-engine-jvm-5.1.0.jar:na]
	at io.kotest.engine.test.TestCaseExecutor$execute$2$1.invoke(TestCaseExecutor.kt) ~[kotest-framework-engine-jvm-5.1.0.jar:na]
	at io.kotest.engine.test.interceptors.EnabledCheckInterceptor.intercept(EnabledCheckInterceptor.kt:31) ~[kotest-framework-engine-jvm-5.1.0.jar:na]
	at io.kotest.engine.test.TestCaseExecutor$execute$2$1.invokeSuspend(TestCaseExecutor.kt:78) ~[kotest-framework-engine-jvm-5.1.0.jar:na]
	at io.kotest.engine.test.TestCaseExecutor$execute$2$1.invoke(TestCaseExecutor.kt) ~[kotest-framework-engine-jvm-5.1.0.jar:na]
	at io.kotest.engine.test.TestCaseExecutor$execute$2$1.invoke(TestCaseExecutor.kt) ~[kotest-framework-engine-jvm-5.1.0.jar:na]
	at io.kotest.engine.test.interceptors.TestCaseExtensionInterceptor$intercept$2.invokeSuspend(TestCaseExtensionInterceptor.kt:24) ~[kotest-framework-engine-jvm-5.1.0.jar:na]
	at io.kotest.engine.test.interceptors.TestCaseExtensionInterceptor$intercept$2.invoke(TestCaseExtensionInterceptor.kt) ~[kotest-framework-engine-jvm-5.1.0.jar:na]
	at io.kotest.engine.test.interceptors.TestCaseExtensionInterceptor$intercept$2.invoke(TestCaseExtensionInterceptor.kt) ~[kotest-framework-engine-jvm-5.1.0.jar:na]
	at io.kotest.engine.test.TestExtensions$intercept$execute$1$1$1.invokeSuspend(TestExtensions.kt:149) ~[kotest-framework-engine-jvm-5.1.0.jar:na]
	at io.kotest.engine.test.TestExtensions$intercept$execute$1$1$1.invoke(TestExtensions.kt) ~[kotest-framework-engine-jvm-5.1.0.jar:na]
	at io.kotest.engine.test.TestExtensions$intercept$execute$1$1$1.invoke(TestExtensions.kt) ~[kotest-framework-engine-jvm-5.1.0.jar:na]
	at io.kotest.extensions.spring.SpringTestExtension.intercept(SpringTestExtension.kt:71) ~[kotest-extensions-spring-1.1.0.jar:na]
	at io.kotest.engine.test.TestExtensions$intercept$execute$1$1.invokeSuspend(TestExtensions.kt:146) ~[kotest-framework-engine-jvm-5.1.0.jar:na]
	at io.kotest.engine.test.TestExtensions$intercept$execute$1$1.invoke(TestExtensions.kt) ~[kotest-framework-engine-jvm-5.1.0.jar:na]
	at io.kotest.engine.test.TestExtensions$intercept$execute$1$1.invoke(TestExtensions.kt) ~[kotest-framework-engine-jvm-5.1.0.jar:na]
	at io.kotest.engine.test.TestExtensions.intercept(TestExtensions.kt:154) ~[kotest-framework-engine-jvm-5.1.0.jar:na]
	at io.kotest.engine.test.interceptors.TestCaseExtensionInterceptor.intercept(TestCaseExtensionInterceptor.kt:24) ~[kotest-framework-engine-jvm-5.1.0.jar:na]
	at io.kotest.engine.test.TestCaseExecutor$execute$2$1.invokeSuspend(TestCaseExecutor.kt:78) ~[kotest-framework-engine-jvm-5.1.0.jar:na]
	at io.kotest.engine.test.TestCaseExecutor$execute$2$1.invoke(TestCaseExecutor.kt) ~[kotest-framework-engine-jvm-5.1.0.jar:na]
	at io.kotest.engine.test.TestCaseExecutor$execute$2$1.invoke(TestCaseExecutor.kt) ~[kotest-framework-engine-jvm-5.1.0.jar:na]
	at io.kotest.engine.test.interceptors.CoroutineErrorCollectorInterceptor$intercept$3.invokeSuspend(CoroutineErrorCollectorInterceptor.kt:29) ~[kotest-framework-engine-jvm-5.1.0.jar:na]
	at io.kotest.engine.test.interceptors.CoroutineErrorCollectorInterceptor$intercept$3.invoke(CoroutineErrorCollectorInterceptor.kt) ~[kotest-framework-engine-jvm-5.1.0.jar:na]
	at io.kotest.engine.test.interceptors.CoroutineErrorCollectorInterceptor$intercept$3.invoke(CoroutineErrorCollectorInterceptor.kt) ~[kotest-framework-engine-jvm-5.1.0.jar:na]
	at kotlinx.coroutines.intrinsics.UndispatchedKt.startUndispatchedOrReturn(Undispatched.kt:89) ~[kotlinx-coroutines-core-jvm-1.6.0.jar:na]
	at kotlinx.coroutines.BuildersKt__Builders_commonKt.withContext(Builders.common.kt:165) ~[kotlinx-coroutines-core-jvm-1.6.0.jar:na]
	at kotlinx.coroutines.BuildersKt.withContext(Unknown Source) ~[kotlinx-coroutines-core-jvm-1.6.0.jar:na]
	at io.kotest.engine.test.interceptors.CoroutineErrorCollectorInterceptor.intercept(CoroutineErrorCollectorInterceptor.kt:28) ~[kotest-framework-engine-jvm-5.1.0.jar:na]
	at io.kotest.engine.test.TestCaseExecutor$execute$2$1.invokeSuspend(TestCaseExecutor.kt:78) ~[kotest-framework-engine-jvm-5.1.0.jar:na]
	at io.kotest.engine.test.TestCaseExecutor$execute$2$1.invoke(TestCaseExecutor.kt) ~[kotest-framework-engine-jvm-5.1.0.jar:na]
	at io.kotest.engine.test.TestCaseExecutor$execute$2$1.invoke(TestCaseExecutor.kt) ~[kotest-framework-engine-jvm-5.1.0.jar:na]
	at io.kotest.engine.test.interceptors.CoroutineDispatcherFactoryInterceptor$intercept$4.invokeSuspend(coroutineDispatcherFactoryInterceptor.kt:57) ~[kotest-framework-engine-jvm-5.1.0.jar:na]
	at io.kotest.engine.test.interceptors.CoroutineDispatcherFactoryInterceptor$intercept$4.invoke(coroutineDispatcherFactoryInterceptor.kt) ~[kotest-framework-engine-jvm-5.1.0.jar:na]
	at io.kotest.engine.test.interceptors.CoroutineDispatcherFactoryInterceptor$intercept$4.invoke(coroutineDispatcherFactoryInterceptor.kt) ~[kotest-framework-engine-jvm-5.1.0.jar:na]
	at io.kotest.engine.concurrency.FixedThreadCoroutineDispatcherFactory$withDispatcher$4.invokeSuspend(FixedThreadCoroutineDispatcherFactory.kt:53) ~[kotest-framework-engine-jvm-5.1.0.jar:na]
	at io.kotest.engine.concurrency.FixedThreadCoroutineDispatcherFactory$withDispatcher$4.invoke(FixedThreadCoroutineDispatcherFactory.kt) ~[kotest-framework-engine-jvm-5.1.0.jar:na]
	at io.kotest.engine.concurrency.FixedThreadCoroutineDispatcherFactory$withDispatcher$4.invoke(FixedThreadCoroutineDispatcherFactory.kt) ~[kotest-framework-engine-jvm-5.1.0.jar:na]
	at kotlinx.coroutines.intrinsics.UndispatchedKt.startUndispatchedOrReturn(Undispatched.kt:89) ~[kotlinx-coroutines-core-jvm-1.6.0.jar:na]
	at kotlinx.coroutines.BuildersKt__Builders_commonKt.withContext(Builders.common.kt:165) ~[kotlinx-coroutines-core-jvm-1.6.0.jar:na]
	at kotlinx.coroutines.BuildersKt.withContext(Unknown Source) ~[kotlinx-coroutines-core-jvm-1.6.0.jar:na]
	at io.kotest.engine.concurrency.FixedThreadCoroutineDispatcherFactory.withDispatcher(FixedThreadCoroutineDispatcherFactory.kt:52) ~[kotest-framework-engine-jvm-5.1.0.jar:na]
	at io.kotest.engine.test.interceptors.CoroutineDispatcherFactoryInterceptor.intercept(coroutineDispatcherFactoryInterceptor.kt:56) ~[kotest-framework-engine-jvm-5.1.0.jar:na]
	at io.kotest.engine.test.TestCaseExecutor$execute$2$1.invokeSuspend(TestCaseExecutor.kt:78) ~[kotest-framework-engine-jvm-5.1.0.jar:na]
	at io.kotest.engine.test.TestCaseExecutor$execute$2$1.invoke(TestCaseExecutor.kt) ~[kotest-framework-engine-jvm-5.1.0.jar:na]
	at io.kotest.engine.test.TestCaseExecutor$execute$2$1.invoke(TestCaseExecutor.kt) ~[kotest-framework-engine-jvm-5.1.0.jar:na]
	at io.kotest.engine.test.interceptors.SupervisorScopeInterceptor$intercept$2.invokeSuspend(SupervisorScopeInterceptor.kt:23) ~[kotest-framework-engine-jvm-5.1.0.jar:na]
	at io.kotest.engine.test.interceptors.SupervisorScopeInterceptor$intercept$2.invoke(SupervisorScopeInterceptor.kt) ~[kotest-framework-engine-jvm-5.1.0.jar:na]
	at io.kotest.engine.test.interceptors.SupervisorScopeInterceptor$intercept$2.invoke(SupervisorScopeInterceptor.kt) ~[kotest-framework-engine-jvm-5.1.0.jar:na]
	at kotlinx.coroutines.intrinsics.UndispatchedKt.startUndispatchedOrReturn(Undispatched.kt:89) ~[kotlinx-coroutines-core-jvm-1.6.0.jar:na]
	at kotlinx.coroutines.SupervisorKt.supervisorScope(Supervisor.kt:61) ~[kotlinx-coroutines-core-jvm-1.6.0.jar:na]
	at io.kotest.engine.test.interceptors.SupervisorScopeInterceptor.intercept(SupervisorScopeInterceptor.kt:22) ~[kotest-framework-engine-jvm-5.1.0.jar:na]
	at io.kotest.engine.test.TestCaseExecutor$execute$2$1.invokeSuspend(TestCaseExecutor.kt:78) ~[kotest-framework-engine-jvm-5.1.0.jar:na]
	at io.kotest.engine.test.TestCaseExecutor$execute$2$1.invoke(TestCaseExecutor.kt) ~[kotest-framework-engine-jvm-5.1.0.jar:na]
	at io.kotest.engine.test.TestCaseExecutor$execute$2$1.invoke(TestCaseExecutor.kt) ~[kotest-framework-engine-jvm-5.1.0.jar:na]
	at io.kotest.engine.test.interceptors.InvocationCountCheckInterceptor.intercept(InvocationCountCheckInterceptor.kt:29) ~[kotest-framework-engine-jvm-5.1.0.jar:na]
	at io.kotest.engine.test.TestCaseExecutor$execute$2$1.invokeSuspend(TestCaseExecutor.kt:78) ~[kotest-framework-engine-jvm-5.1.0.jar:na]
	at io.kotest.engine.test.TestCaseExecutor$execute$2$1.invoke(TestCaseExecutor.kt) ~[kotest-framework-engine-jvm-5.1.0.jar:na]
	at io.kotest.engine.test.TestCaseExecutor$execute$2$1.invoke(TestCaseExecutor.kt) ~[kotest-framework-engine-jvm-5.1.0.jar:na]
	at io.kotest.engine.test.interceptors.TestFinishedInterceptor.intercept(TestFinishedInterceptor.kt:21) ~[kotest-framework-engine-jvm-5.1.0.jar:na]
	at io.kotest.engine.test.TestCaseExecutor$execute$2$1.invokeSuspend(TestCaseExecutor.kt:78) ~[kotest-framework-engine-jvm-5.1.0.jar:na]
	at io.kotest.engine.test.TestCaseExecutor$execute$2$1.invoke(TestCaseExecutor.kt) ~[kotest-framework-engine-jvm-5.1.0.jar:na]
	at io.kotest.engine.test.TestCaseExecutor$execute$2$1.invoke(TestCaseExecutor.kt) ~[kotest-framework-engine-jvm-5.1.0.jar:na]
	at io.kotest.engine.test.TestCaseExecutor.execute(TestCaseExecutor.kt:79) ~[kotest-framework-engine-jvm-5.1.0.jar:na]
	at io.kotest.engine.spec.runners.SingleInstanceSpecRunner.runTest(SingleInstanceSpecRunner.kt:112) ~[kotest-framework-engine-jvm-5.1.0.jar:na]
	at io.kotest.engine.spec.runners.SingleInstanceSpecRunner.access$runTest(SingleInstanceSpecRunner.kt:31) ~[kotest-framework-engine-jvm-5.1.0.jar:na]
	at io.kotest.engine.spec.runners.SingleInstanceSpecRunner$Context.registerTestCase(SingleInstanceSpecRunner.kt:85) ~[kotest-framework-engine-jvm-5.1.0.jar:na]
	at io.kotest.engine.test.scopes.DuplicateNameHandlingTestScope.registerTestCase(DuplicateNameHandlingTestScope.kt:21) ~[kotest-framework-engine-jvm-5.1.0.jar:na]
	at io.kotest.engine.test.scopes.TestScopeWithCoroutineContext.registerTestCase(scopes.kt) ~[kotest-framework-engine-jvm-5.1.0.jar:na]
	at io.kotest.core.spec.style.scopes.AbstractContainerScope.registerTestCase$suspendImpl(ContainerScope.kt:209) ~[kotest-framework-api-jvm-5.1.0.jar:na]
	at io.kotest.core.spec.style.scopes.AbstractContainerScope.registerTestCase(ContainerScope.kt) ~[kotest-framework-api-jvm-5.1.0.jar:na]
	at io.kotest.core.spec.style.scopes.FeatureSpecContainerScope.registerTestCase(FeatureSpecContainerScope.kt:30) ~[kotest-framework-api-jvm-5.1.0.jar:na]
	at io.kotest.core.spec.style.scopes.ContainerScope$DefaultImpls.registerTest(ContainerScope.kt:76) ~[kotest-framework-api-jvm-5.1.0.jar:na]
	at io.kotest.core.spec.style.scopes.AbstractContainerScope.registerTest(ContainerScope.kt:205) ~[kotest-framework-api-jvm-5.1.0.jar:na]
	at io.kotest.core.spec.style.scopes.FeatureSpecContainerScope.scenario(FeatureSpecContainerScope.kt:49) ~[kotest-framework-api-jvm-5.1.0.jar:na]
	at ru.tinkoff.homework.lesson6.lesson6.service.BookServiceTest$3.invokeSuspend(BookServiceTest.kt:121) ~[test/:na]
	at ru.tinkoff.homework.lesson6.lesson6.service.BookServiceTest$3.invoke(BookServiceTest.kt) ~[test/:na]
	at ru.tinkoff.homework.lesson6.lesson6.service.BookServiceTest$3.invoke(BookServiceTest.kt) ~[test/:na]
	at io.kotest.core.spec.style.scopes.FeatureSpecRootScope$addFeature$1.invokeSuspend(FeatureSpecRootScope.kt:35) ~[kotest-framework-api-jvm-5.1.0.jar:na]
	at io.kotest.core.spec.style.scopes.FeatureSpecRootScope$addFeature$1.invoke(FeatureSpecRootScope.kt) ~[kotest-framework-api-jvm-5.1.0.jar:na]
	at io.kotest.core.spec.style.scopes.FeatureSpecRootScope$addFeature$1.invoke(FeatureSpecRootScope.kt) ~[kotest-framework-api-jvm-5.1.0.jar:na]
	at io.kotest.core.spec.style.scopes.RootScopeKt$addTest$1.invokeSuspend(RootScope.kt:36) ~[kotest-framework-api-jvm-5.1.0.jar:na]
	at io.kotest.core.spec.style.scopes.RootScopeKt$addTest$1.invoke(RootScope.kt) ~[kotest-framework-api-jvm-5.1.0.jar:na]
	at io.kotest.core.spec.style.scopes.RootScopeKt$addTest$1.invoke(RootScope.kt) ~[kotest-framework-api-jvm-5.1.0.jar:na]
	at io.kotest.engine.test.TestCaseExecutor$execute$innerExecute$1.invokeSuspend(TestCaseExecutor.kt:73) ~[kotest-framework-engine-jvm-5.1.0.jar:na]
	at io.kotest.engine.test.TestCaseExecutor$execute$innerExecute$1.invoke(TestCaseExecutor.kt) ~[kotest-framework-engine-jvm-5.1.0.jar:na]
	at io.kotest.engine.test.TestCaseExecutor$execute$innerExecute$1.invoke(TestCaseExecutor.kt) ~[kotest-framework-engine-jvm-5.1.0.jar:na]
	at io.kotest.engine.test.interceptors.CoroutineDebugProbeInterceptor.intercept(CoroutineDebugProbeInterceptor.kt:29) ~[kotest-framework-engine-jvm-5.1.0.jar:na]
	at io.kotest.engine.test.TestCaseExecutor$execute$2$1.invokeSuspend(TestCaseExecutor.kt:78) ~[kotest-framework-engine-jvm-5.1.0.jar:na]
	at io.kotest.engine.test.TestCaseExecutor$execute$2$1.invoke(TestCaseExecutor.kt) ~[kotest-framework-engine-jvm-5.1.0.jar:na]
	at io.kotest.engine.test.TestCaseExecutor$execute$2$1.invoke(TestCaseExecutor.kt) ~[kotest-framework-engine-jvm-5.1.0.jar:na]
	at io.kotest.engine.test.interceptors.InvocationTimeoutInterceptor.intercept(InvocationTimeoutInterceptor.kt:28) ~[kotest-framework-engine-jvm-5.1.0.jar:na]
	at io.kotest.engine.test.TestCaseExecutor$execute$2$1.invokeSuspend(TestCaseExecutor.kt:78) ~[kotest-framework-engine-jvm-5.1.0.jar:na]
	at io.kotest.engine.test.TestCaseExecutor$execute$2$1.invoke(TestCaseExecutor.kt) ~[kotest-framework-engine-jvm-5.1.0.jar:na]
	at io.kotest.engine.test.TestCaseExecutor$execute$2$1.invoke(TestCaseExecutor.kt) ~[kotest-framework-engine-jvm-5.1.0.jar:na]
	at io.kotest.engine.test.TestInvocationInterceptor$intercept$2$3.invokeSuspend(TestInvocationInterceptor.kt:35) ~[kotest-framework-engine-jvm-5.1.0.jar:na]
	at io.kotest.engine.test.TestInvocationInterceptor$intercept$2$3.invoke(TestInvocationInterceptor.kt) ~[kotest-framework-engine-jvm-5.1.0.jar:na]
	at io.kotest.engine.test.TestInvocationInterceptor$intercept$2$3.invoke(TestInvocationInterceptor.kt) ~[kotest-framework-engine-jvm-5.1.0.jar:na]
	at io.kotest.mpp.ReplayKt.replay(replay.kt:18) ~[kotest-common-jvm-5.1.0.jar:na]
	at io.kotest.engine.test.TestInvocationInterceptor$intercept$2.invokeSuspend(TestInvocationInterceptor.kt:30) ~[kotest-framework-engine-jvm-5.1.0.jar:na]
	at io.kotest.engine.test.TestInvocationInterceptor$intercept$2.invoke(TestInvocationInterceptor.kt) ~[kotest-framework-engine-jvm-5.1.0.jar:na]
	at io.kotest.engine.test.TestInvocationInterceptor$intercept$2.invoke(TestInvocationInterceptor.kt) ~[kotest-framework-engine-jvm-5.1.0.jar:na]
	at kotlinx.coroutines.intrinsics.UndispatchedKt.startUndispatchedOrReturn(Undispatched.kt:89) ~[kotlinx-coroutines-core-jvm-1.6.0.jar:na]
	at kotlinx.coroutines.CoroutineScopeKt.coroutineScope(CoroutineScope.kt:264) ~[kotlinx-coroutines-core-jvm-1.6.0.jar:na]
	at io.kotest.engine.test.TestInvocationInterceptor.intercept(TestInvocationInterceptor.kt:29) ~[kotest-framework-engine-jvm-5.1.0.jar:na]
	at io.kotest.engine.test.TestCaseExecutor$execute$2$1.invokeSuspend(TestCaseExecutor.kt:78) ~[kotest-framework-engine-jvm-5.1.0.jar:na]
	at io.kotest.engine.test.TestCaseExecutor$execute$2$1.invoke(TestCaseExecutor.kt) ~[kotest-framework-engine-jvm-5.1.0.jar:na]
	at io.kotest.engine.test.TestCaseExecutor$execute$2$1.invoke(TestCaseExecutor.kt) ~[kotest-framework-engine-jvm-5.1.0.jar:na]
	at io.kotest.engine.test.interceptors.TimeoutInterceptor$intercept$3.invokeSuspend(TimeoutInterceptor.kt:34) ~[kotest-framework-engine-jvm-5.1.0.jar:na]
	at io.kotest.engine.test.interceptors.TimeoutInterceptor$intercept$3.invoke(TimeoutInterceptor.kt) ~[kotest-framework-engine-jvm-5.1.0.jar:na]
	at io.kotest.engine.test.interceptors.TimeoutInterceptor$intercept$3.invoke(TimeoutInterceptor.kt) ~[kotest-framework-engine-jvm-5.1.0.jar:na]
	at kotlinx.coroutines.intrinsics.UndispatchedKt.startUndispatchedOrReturnIgnoreTimeout(Undispatched.kt:100) ~[kotlinx-coroutines-core-jvm-1.6.0.jar:na]
	at kotlinx.coroutines.TimeoutKt.setupTimeout(Timeout.kt:146) ~[kotlinx-coroutines-core-jvm-1.6.0.jar:na]
	at kotlinx.coroutines.TimeoutKt.withTimeout(Timeout.kt:44) ~[kotlinx-coroutines-core-jvm-1.6.0.jar:na]
	at kotlinx.coroutines.TimeoutKt.withTimeout-KLykuaI(Timeout.kt:71) ~[kotlinx-coroutines-core-jvm-1.6.0.jar:na]
	at io.kotest.engine.test.interceptors.TimeoutInterceptor.intercept(TimeoutInterceptor.kt:33) ~[kotest-framework-engine-jvm-5.1.0.jar:na]
	at io.kotest.engine.test.TestCaseExecutor$execute$2$1.invokeSuspend(TestCaseExecutor.kt:78) ~[kotest-framework-engine-jvm-5.1.0.jar:na]
	at io.kotest.engine.test.TestCaseExecutor$execute$2$1.invoke(TestCaseExecutor.kt) ~[kotest-framework-engine-jvm-5.1.0.jar:na]
	at io.kotest.engine.test.TestCaseExecutor$execute$2$1.invoke(TestCaseExecutor.kt) ~[kotest-framework-engine-jvm-5.1.0.jar:na]
	at io.kotest.engine.test.interceptors.BlockedThreadTimeoutInterceptor.intercept(BlockedThreadTimeoutInterceptor.kt:74) ~[kotest-framework-engine-jvm-5.1.0.jar:na]
	at io.kotest.engine.test.TestCaseExecutor$execute$2$1.invokeSuspend(TestCaseExecutor.kt:78) ~[kotest-framework-engine-jvm-5.1.0.jar:na]
	at io.kotest.engine.test.TestCaseExecutor$execute$2$1.invoke(TestCaseExecutor.kt) ~[kotest-framework-engine-jvm-5.1.0.jar:na]
	at io.kotest.engine.test.TestCaseExecutor$execute$2$1.invoke(TestCaseExecutor.kt) ~[kotest-framework-engine-jvm-5.1.0.jar:na]
	at io.kotest.engine.test.interceptors.CoroutineLoggingInterceptor.intercept(CoroutineLoggingInterceptor.kt:30) ~[kotest-framework-engine-jvm-5.1.0.jar:na]
	at io.kotest.engine.test.TestCaseExecutor$execute$2$1.invokeSuspend(TestCaseExecutor.kt:78) ~[kotest-framework-engine-jvm-5.1.0.jar:na]
	at io.kotest.engine.test.TestCaseExecutor$execute$2$1.invoke(TestCaseExecutor.kt) ~[kotest-framework-engine-jvm-5.1.0.jar:na]
	at io.kotest.engine.test.TestCaseExecutor$execute$2$1.invoke(TestCaseExecutor.kt) ~[kotest-framework-engine-jvm-5.1.0.jar:na]
	at io.kotest.engine.test.interceptors.SoftAssertInterceptor.intercept(SoftAssertInterceptor.kt:26) ~[kotest-framework-engine-jvm-5.1.0.jar:na]
	at io.kotest.engine.test.TestCaseExecutor$execute$2$1.invokeSuspend(TestCaseExecutor.kt:78) ~[kotest-framework-engine-jvm-5.1.0.jar:na]
	at io.kotest.engine.test.TestCaseExecutor$execute$2$1.invoke(TestCaseExecutor.kt) ~[kotest-framework-engine-jvm-5.1.0.jar:na]
	at io.kotest.engine.test.TestCaseExecutor$execute$2$1.invoke(TestCaseExecutor.kt) ~[kotest-framework-engine-jvm-5.1.0.jar:na]
	at io.kotest.engine.test.interceptors.AssertionModeInterceptor.intercept(AssertionModeInterceptor.kt:24) ~[kotest-framework-engine-jvm-5.1.0.jar:na]
	at io.kotest.engine.test.TestCaseExecutor$execute$2$1.invokeSuspend(TestCaseExecutor.kt:78) ~[kotest-framework-engine-jvm-5.1.0.jar:na]
	at io.kotest.engine.test.TestCaseExecutor$execute$2$1.invoke(TestCaseExecutor.kt) ~[kotest-framework-engine-jvm-5.1.0.jar:na]
	at io.kotest.engine.test.TestCaseExecutor$execute$2$1.invoke(TestCaseExecutor.kt) ~[kotest-framework-engine-jvm-5.1.0.jar:na]
	at io.kotest.engine.test.interceptors.LifecycleInterceptor.intercept(LifecycleInterceptor.kt:50) ~[kotest-framework-engine-jvm-5.1.0.jar:na]
	at io.kotest.engine.test.TestCaseExecutor$execute$2$1.invokeSuspend(TestCaseExecutor.kt:78) ~[kotest-framework-engine-jvm-5.1.0.jar:na]
	at io.kotest.engine.test.TestCaseExecutor$execute$2$1.invoke(TestCaseExecutor.kt) ~[kotest-framework-engine-jvm-5.1.0.jar:na]
	at io.kotest.engine.test.TestCaseExecutor$execute$2$1.invoke(TestCaseExecutor.kt) ~[kotest-framework-engine-jvm-5.1.0.jar:na]
	at io.kotest.engine.test.interceptors.EnabledCheckInterceptor.intercept(EnabledCheckInterceptor.kt:31) ~[kotest-framework-engine-jvm-5.1.0.jar:na]
	at io.kotest.engine.test.TestCaseExecutor$execute$2$1.invokeSuspend(TestCaseExecutor.kt:78) ~[kotest-framework-engine-jvm-5.1.0.jar:na]
	at io.kotest.engine.test.TestCaseExecutor$execute$2$1.invoke(TestCaseExecutor.kt) ~[kotest-framework-engine-jvm-5.1.0.jar:na]
	at io.kotest.engine.test.TestCaseExecutor$execute$2$1.invoke(TestCaseExecutor.kt) ~[kotest-framework-engine-jvm-5.1.0.jar:na]
	at io.kotest.engine.test.interceptors.TestCaseExtensionInterceptor$intercept$2.invokeSuspend(TestCaseExtensionInterceptor.kt:24) ~[kotest-framework-engine-jvm-5.1.0.jar:na]
	at io.kotest.engine.test.interceptors.TestCaseExtensionInterceptor$intercept$2.invoke(TestCaseExtensionInterceptor.kt) ~[kotest-framework-engine-jvm-5.1.0.jar:na]
	at io.kotest.engine.test.interceptors.TestCaseExtensionInterceptor$intercept$2.invoke(TestCaseExtensionInterceptor.kt) ~[kotest-framework-engine-jvm-5.1.0.jar:na]
	at io.kotest.engine.test.TestExtensions$intercept$execute$1$1$1.invokeSuspend(TestExtensions.kt:149) ~[kotest-framework-engine-jvm-5.1.0.jar:na]
	at io.kotest.engine.test.TestExtensions$intercept$execute$1$1$1.invoke(TestExtensions.kt) ~[kotest-framework-engine-jvm-5.1.0.jar:na]
	at io.kotest.engine.test.TestExtensions$intercept$execute$1$1$1.invoke(TestExtensions.kt) ~[kotest-framework-engine-jvm-5.1.0.jar:na]
	at io.kotest.extensions.spring.SpringTestExtension.intercept(SpringTestExtension.kt:71) ~[kotest-extensions-spring-1.1.0.jar:na]
	at io.kotest.engine.test.TestExtensions$intercept$execute$1$1.invokeSuspend(TestExtensions.kt:146) ~[kotest-framework-engine-jvm-5.1.0.jar:na]
	at io.kotest.engine.test.TestExtensions$intercept$execute$1$1.invoke(TestExtensions.kt) ~[kotest-framework-engine-jvm-5.1.0.jar:na]
	at io.kotest.engine.test.TestExtensions$intercept$execute$1$1.invoke(TestExtensions.kt) ~[kotest-framework-engine-jvm-5.1.0.jar:na]
	at io.kotest.engine.test.TestExtensions.intercept(TestExtensions.kt:154) ~[kotest-framework-engine-jvm-5.1.0.jar:na]
	at io.kotest.engine.test.interceptors.TestCaseExtensionInterceptor.intercept(TestCaseExtensionInterceptor.kt:24) ~[kotest-framework-engine-jvm-5.1.0.jar:na]
	at io.kotest.engine.test.TestCaseExecutor$execute$2$1.invokeSuspend(TestCaseExecutor.kt:78) ~[kotest-framework-engine-jvm-5.1.0.jar:na]
	at io.kotest.engine.test.TestCaseExecutor$execute$2$1.invoke(TestCaseExecutor.kt) ~[kotest-framework-engine-jvm-5.1.0.jar:na]
	at io.kotest.engine.test.TestCaseExecutor$execute$2$1.invoke(TestCaseExecutor.kt) ~[kotest-framework-engine-jvm-5.1.0.jar:na]
	at io.kotest.engine.test.interceptors.CoroutineErrorCollectorInterceptor$intercept$3.invokeSuspend(CoroutineErrorCollectorInterceptor.kt:29) ~[kotest-framework-engine-jvm-5.1.0.jar:na]
	at io.kotest.engine.test.interceptors.CoroutineErrorCollectorInterceptor$intercept$3.invoke(CoroutineErrorCollectorInterceptor.kt) ~[kotest-framework-engine-jvm-5.1.0.jar:na]
	at io.kotest.engine.test.interceptors.CoroutineErrorCollectorInterceptor$intercept$3.invoke(CoroutineErrorCollectorInterceptor.kt) ~[kotest-framework-engine-jvm-5.1.0.jar:na]
	at kotlinx.coroutines.intrinsics.UndispatchedKt.startUndispatchedOrReturn(Undispatched.kt:89) ~[kotlinx-coroutines-core-jvm-1.6.0.jar:na]
	at kotlinx.coroutines.BuildersKt__Builders_commonKt.withContext(Builders.common.kt:165) ~[kotlinx-coroutines-core-jvm-1.6.0.jar:na]
	at kotlinx.coroutines.BuildersKt.withContext(Unknown Source) ~[kotlinx-coroutines-core-jvm-1.6.0.jar:na]
	at io.kotest.engine.test.interceptors.CoroutineErrorCollectorInterceptor.intercept(CoroutineErrorCollectorInterceptor.kt:28) ~[kotest-framework-engine-jvm-5.1.0.jar:na]
	at io.kotest.engine.test.TestCaseExecutor$execute$2$1.invokeSuspend(TestCaseExecutor.kt:78) ~[kotest-framework-engine-jvm-5.1.0.jar:na]
	at io.kotest.engine.test.TestCaseExecutor$execute$2$1.invoke(TestCaseExecutor.kt) ~[kotest-framework-engine-jvm-5.1.0.jar:na]
	at io.kotest.engine.test.TestCaseExecutor$execute$2$1.invoke(TestCaseExecutor.kt) ~[kotest-framework-engine-jvm-5.1.0.jar:na]
	at io.kotest.engine.test.interceptors.CoroutineDispatcherFactoryInterceptor$intercept$4.invokeSuspend(coroutineDispatcherFactoryInterceptor.kt:57) ~[kotest-framework-engine-jvm-5.1.0.jar:na]
	at io.kotest.engine.test.interceptors.CoroutineDispatcherFactoryInterceptor$intercept$4.invoke(coroutineDispatcherFactoryInterceptor.kt) ~[kotest-framework-engine-jvm-5.1.0.jar:na]
	at io.kotest.engine.test.interceptors.CoroutineDispatcherFactoryInterceptor$intercept$4.invoke(coroutineDispatcherFactoryInterceptor.kt) ~[kotest-framework-engine-jvm-5.1.0.jar:na]
	at io.kotest.engine.concurrency.FixedThreadCoroutineDispatcherFactory$withDispatcher$4.invokeSuspend(FixedThreadCoroutineDispatcherFactory.kt:53) ~[kotest-framework-engine-jvm-5.1.0.jar:na]
	at kotlin.coroutines.jvm.internal.BaseContinuationImpl.resumeWith(ContinuationImpl.kt:33) ~[kotlin-stdlib-1.6.10.jar:1.6.10-release-923(1.6.10)]
	at kotlinx.coroutines.DispatchedTask.run(DispatchedTask.kt:106) ~[kotlinx-coroutines-core-jvm-1.6.0.jar:na]
	at java.base/java.util.concurrent.ThreadPoolExecutor.runWorker(ThreadPoolExecutor.java:1136) ~[na:na]
	at java.base/java.util.concurrent.ThreadPoolExecutor$Worker.run(ThreadPoolExecutor.java:635) ~[na:na]
	at java.base/java.lang.Thread.run(Thread.java:833) ~[na:na]

</pre>
</span>
</div>
</div>
<div id="footer">
<p>
<div>
<label class="hidden" id="label-for-line-wrapping-toggle" for="line-wrapping-toggle">Wrap lines
<input id="line-wrapping-toggle" type="checkbox" autocomplete="off"/>
</label>
</div>Generated by 
<a href="http://www.gradle.org">Gradle 7.4.1</a> at Apr 20, 2022, 8:47:50 PM</p>
</div>
</div>
</body>
</html>
